17:48:11 **** Incremental Build of configuration Debug for project Task_trecker ****
Info: Internal Builder is used for build
g++ -O0 -g3 -Wall -c -fmessage-length=0 -o "src\\Task_trecker.o" "..\\src\\Task_trecker.cpp" 
..\src\Task_trecker.cpp:10:14: error: 'TasksInfo' was not declared in this scope
  map<string, TasksInfo> Team;
              ^~~~~~~~~
..\src\Task_trecker.cpp:10:23: error: template argument 2 is invalid
  map<string, TasksInfo> Team;
                       ^
..\src\Task_trecker.cpp:10:23: error: template argument 4 is invalid
..\src\Task_trecker.cpp:12:9: error: 'TasksInfo' does not name a type
   const TasksInfo& GetPersonTasksInfo(const string& person) const
         ^~~~~~~~~
..\src\Task_trecker.cpp:20:10: error: 'TasksInfo' was not declared in this scope
    tuple<TasksInfo, TasksInfo> PerformPersonTasks(
          ^~~~~~~~~
..\src\Task_trecker.cpp:20:21: error: 'TasksInfo' was not declared in this scope
    tuple<TasksInfo, TasksInfo> PerformPersonTasks(
                     ^~~~~~~~~
..\src\Task_trecker.cpp:20:30: error: template argument 1 is invalid
    tuple<TasksInfo, TasksInfo> PerformPersonTasks(
                              ^
..\src\Task_trecker.cpp:20:30: error: template argument 2 is invalid
..\src\Task_trecker.cpp: In member function 'void TeamTasks::AddNewTask(const string&)':
..\src\Task_trecker.cpp:18:8: error: no match for 'operator[]' (operand types are 'int' and 'const string' {aka 'const std::__cxx11::basic_string<char>'})
    Team[person][TaskStatus::NEW]++;
        ^
..\src\Task_trecker.cpp:18:17: error: 'TaskStatus' has not been declared
    Team[person][TaskStatus::NEW]++;
                 ^~~~~~~~~~
..\src\Task_trecker.cpp: In member function 'int TeamTasks::PerformPersonTasks(const string&, int)':
..\src\Task_trecker.cpp:22:28: error: request for member 'at' in '((TeamTasks*)this)->TeamTasks::Team', which is of non-class type 'int'
     int unperformed = Team.at(person).at(TaskStatus::NEW) +
                            ^~
..\src\Task_trecker.cpp:22:42: error: 'TaskStatus' has not been declared
     int unperformed = Team.at(person).at(TaskStatus::NEW) +
                                          ^~~~~~~~~~
..\src\Task_trecker.cpp:23:12: error: request for member 'at' in '((TeamTasks*)this)->TeamTasks::Team', which is of non-class type 'int'
       Team.at(person).at(TaskStatus::IN_PROGRESS) +
            ^~
..\src\Task_trecker.cpp:23:26: error: 'TaskStatus' has not been declared
       Team.at(person).at(TaskStatus::IN_PROGRESS) +
                          ^~~~~~~~~~
..\src\Task_trecker.cpp:24:12: error: request for member 'at' in '((TeamTasks*)this)->TeamTasks::Team', which is of non-class type 'int'
       Team.at(person).at(TaskStatus::TESTING);
            ^~
..\src\Task_trecker.cpp:24:26: error: 'TaskStatus' has not been declared
       Team.at(person).at(TaskStatus::TESTING);
                          ^~~~~~~~~~
..\src\Task_trecker.cpp:28:5: error: 'TasksInfo' was not declared in this scope
     TasksInfo Updated;
     ^~~~~~~~~
..\src\Task_trecker.cpp:29:32: error: request for member 'at' in '((TeamTasks*)this)->TeamTasks::Team', which is of non-class type 'int'
     for(const auto& item: Team.at(person)){
                                ^~
..\src\Task_trecker.cpp:32:7: error: 'Updated' was not declared in this scope
       Updated.at(item.first) = task_count - item.second;
       ^~~~~~~
..\src\Task_trecker.cpp:43:27: error: 'Updated' was not declared in this scope
     for(const auto& item: Updated)
                           ^~~~~~~
..\src\Task_trecker.cpp:45:11: error: request for member 'at' in '((TeamTasks*)this)->TeamTasks::Team', which is of non-class type 'int'
      Team.at(person).at(item.first) -= item.second;
           ^~
..\src\Task_trecker.cpp:47:16: error: 'Updated' was not declared in this scope
     return tie(Updated, Team.at(person));
                ^~~~~~~
..\src\Task_trecker.cpp:47:30: error: request for member 'at' in '((TeamTasks*)this)->TeamTasks::Team', which is of non-class type 'int'
     return tie(Updated, Team.at(person));
                              ^~
17:48:24 **** Incremental Build of configuration Debug for project Task_trecker ****
Info: Internal Builder is used for build
g++ -O0 -g3 -Wall -c -fmessage-length=0 -o "src\\Task_trecker.o" "..\\src\\Task_trecker.cpp" 
g++ -o Task_trecker.exe "src\\Task_trecker.o" 
18:01:00 **** Incremental Build of configuration Debug for project Task_trecker ****
Info: Internal Builder is used for build
g++ -O0 -g3 -Wall -c -fmessage-length=0 -o "src\\Task_trecker.o" "..\\src\\Task_trecker.cpp" 
g++ -o Task_trecker.exe "src\\Task_trecker.o" 
18:01:14 **** Incremental Build of configuration Debug for project Task_trecker ****
Info: Internal Builder is used for build
g++ -O0 -g3 -Wall -c -fmessage-length=0 -o "src\\Task_trecker.o" "..\\src\\Task_trecker.cpp" 
g++ -o Task_trecker.exe "src\\Task_trecker.o" 
18:02:04 **** Incremental Build of configuration Debug for project Task_trecker ****
Info: Internal Builder is used for build
g++ -O0 -g3 -Wall -c -fmessage-length=0 -o "src\\Task_trecker.o" "..\\src\\Task_trecker.cpp" 
g++ -o Task_trecker.exe "src\\Task_trecker.o" 
18:02:34 **** Incremental Build of configuration Debug for project Task_trecker ****
Info: Internal Builder is used for build
g++ -O0 -g3 -Wall -c -fmessage-length=0 -o "src\\Task_trecker.o" "..\\src\\Task_trecker.cpp" 
g++ -o Task_trecker.exe "src\\Task_trecker.o" 
18:04:00 **** Incremental Build of configuration Debug for project Task_trecker ****
Info: Internal Builder is used for build
g++ -O0 -g3 -Wall -c -fmessage-length=0 -o "src\\Task_trecker.o" "..\\src\\Task_trecker.cpp" 
g++ -o Task_trecker.exe "src\\Task_trecker.o" 
18:04:24 **** Incremental Build of configuration Debug for project Task_trecker ****
Info: Internal Builder is used for build
g++ -O0 -g3 -Wall -c -fmessage-length=0 -o "src\\Task_trecker.o" "..\\src\\Task_trecker.cpp" 
g++ -o Task_trecker.exe "src\\Task_trecker.o" 
18:17:19 **** Incremental Build of configuration Debug for project Task_trecker ****
Info: Internal Builder is used for build
g++ -O0 -g3 -Wall -c -fmessage-length=0 -o "src\\Task_trecker.o" "..\\src\\Task_trecker.cpp" 
g++ -o Task_trecker.exe "src\\Task_trecker.o" 
20:13:08 **** Incremental Build of configuration Debug for project Task_trecker ****
Info: Internal Builder is used for build
g++ -O0 -g3 -Wall -c -fmessage-length=0 -o "src\\Task_trecker.o" "..\\src\\Task_trecker.cpp" 
..\src\Task_trecker.cpp: In member function 'const TasksInfo& TeamTasks::GetPersonTasksInfo(const string&) const':
..\src\Task_trecker.cpp:30:9: warning: reference to local variable 'result' returned [-Wreturn-local-addr]
    auto result = Team.at(person);
         ^~~~~~
g++ -o Task_trecker.exe "src\\Task_trecker.o" 
20:14:49 **** Incremental Build of configuration Debug for project Task_trecker ****
Info: Internal Builder is used for build
g++ -O0 -g3 -Wall -c -fmessage-length=0 -o "src\\Task_trecker.o" "..\\src\\Task_trecker.cpp" 
..\src\Task_trecker.cpp: In member function 'const TasksInfo& TeamTasks::GetPersonTasksInfo(const string&) const':
..\src\Task_trecker.cpp:30:9: warning: reference to local variable 'result' returned [-Wreturn-local-addr]
    auto result = Team.at(person);
         ^~~~~~
g++ -o Task_trecker.exe "src\\Task_trecker.o" 
20:37:18 **** Incremental Build of configuration Debug for project Task_trecker ****
Info: Internal Builder is used for build
g++ -O0 -g3 -Wall -c -fmessage-length=0 -o "src\\Task_trecker.o" "..\\src\\Task_trecker.cpp" 
..\src\Task_trecker.cpp: In member function 'const TasksInfo& TeamTasks::GetPersonTasksInfo(const string&) const':
..\src\Task_trecker.cpp:30:9: warning: reference to local variable 'result' returned [-Wreturn-local-addr]
    auto result = Team.at(person);
         ^~~~~~
..\src\Task_trecker.cpp: In member function 'std::tuple<std::map<TaskStatus, int, std::less<TaskStatus>, std::allocator<std::pair<const TaskStatus, int> > >, std::map<TaskStatus, int, std::less<TaskStatus>, std::allocator<std::pair<const TaskStatus, int> > > > TeamTasks::PerformPersonTasks(const string&, int)':
..\src\Task_trecker.cpp:55:26: error: no 'operator++(int)' declared for postfix '++' [-fpermissive]
        Updated[item.first++] = item.second;
                ~~~~~~~~~~^~
..\src\Task_trecker.cpp:58:26: error: no 'operator++(int)' declared for postfix '++' [-fpermissive]
        Updated[item.first++] *= -1;
                ~~~~~~~~~~^~
..\src\Task_trecker.cpp:59:26: error: no 'operator++(int)' declared for postfix '++' [-fpermissive]
        Updated[item.first++] = item.second - Updated[item.first];
                ~~~~~~~~~~^~
20:37:41 **** Incremental Build of configuration Debug for project Task_trecker ****
Info: Internal Builder is used for build
g++ -O0 -g3 -Wall -c -fmessage-length=0 -o "src\\Task_trecker.o" "..\\src\\Task_trecker.cpp" 
..\src\Task_trecker.cpp: In member function 'const TasksInfo& TeamTasks::GetPersonTasksInfo(const string&) const':
..\src\Task_trecker.cpp:30:9: warning: reference to local variable 'result' returned [-Wreturn-local-addr]
    auto result = Team.at(person);
         ^~~~~~
..\src\Task_trecker.cpp: In member function 'std::tuple<std::map<TaskStatus, int, std::less<TaskStatus>, std::allocator<std::pair<const TaskStatus, int> > >, std::map<TaskStatus, int, std::less<TaskStatus>, std::allocator<std::pair<const TaskStatus, int> > > > TeamTasks::PerformPersonTasks(const string&, int)':
..\src\Task_trecker.cpp:55:26: error: no match for 'operator+' (operand types are 'const TaskStatus' and 'int')
        Updated[item.first+1] = item.second;
                ~~~~~~~~~~^~
..\src\Task_trecker.cpp:59:26: error: no match for 'operator+' (operand types are 'const TaskStatus' and 'int')
        Updated[item.first+1] = item.second - Updated[item.first];
                ~~~~~~~~~~^~
20:40:22 **** Incremental Build of configuration Debug for project Task_trecker ****
Info: Internal Builder is used for build
g++ -O0 -g3 -Wall -c -fmessage-length=0 -o "src\\Task_trecker.o" "..\\src\\Task_trecker.cpp" 
..\src\Task_trecker.cpp: In member function 'const TasksInfo& TeamTasks::GetPersonTasksInfo(const string&) const':
..\src\Task_trecker.cpp:30:9: warning: reference to local variable 'result' returned [-Wreturn-local-addr]
    auto result = Team.at(person);
         ^~~~~~
..\src\Task_trecker.cpp: In member function 'std::tuple<std::map<TaskStatus, int, std::less<TaskStatus>, std::allocator<std::pair<const TaskStatus, int> > >, std::map<TaskStatus, int, std::less<TaskStatus>, std::allocator<std::pair<const TaskStatus, int> > > > TeamTasks::PerformPersonTasks(const string&, int)':
..\src\Task_trecker.cpp:55:15: error: no match for 'operator[]' (operand types are 'TasksInfo' {aka 'std::map<TaskStatus, int>'} and 'int')
        Updated[static_cast<int>(item.first)+1] = item.second;
               ^
In file included from C:/dev/mingw64/mingw64/lib/gcc/x86_64-w64-mingw32/8.1.0/include/c++/map:61,
                 from ..\src\Task_trecker.cpp:2:
C:/dev/mingw64/mingw64/lib/gcc/x86_64-w64-mingw32/8.1.0/include/c++/bits/stl_map.h:490:7: note: candidate: 'std::map<_Key, _Tp, _Compare, _Alloc>::mapped_type& std::map<_Key, _Tp, _Compare, _Alloc>::operator[](const key_type&) [with _Key = TaskStatus; _Tp = int; _Compare = std::less<TaskStatus>; _Alloc = std::allocator<std::pair<const TaskStatus, int> >; std::map<_Key, _Tp, _Compare, _Alloc>::mapped_type = int; std::map<_Key, _Tp, _Compare, _Alloc>::key_type = TaskStatus]'
       operator[](const key_type& __k)
       ^~~~~~~~
C:/dev/mingw64/mingw64/lib/gcc/x86_64-w64-mingw32/8.1.0/include/c++/bits/stl_map.h:490:7: note:   no known conversion for argument 1 from 'int' to 'const key_type&' {aka 'const TaskStatus&'}
C:/dev/mingw64/mingw64/lib/gcc/x86_64-w64-mingw32/8.1.0/include/c++/bits/stl_map.h:510:7: note: candidate: 'std::map<_Key, _Tp, _Compare, _Alloc>::mapped_type& std::map<_Key, _Tp, _Compare, _Alloc>::operator[](std::map<_Key, _Tp, _Compare, _Alloc>::key_type&&) [with _Key = TaskStatus; _Tp = int; _Compare = std::less<TaskStatus>; _Alloc = std::allocator<std::pair<const TaskStatus, int> >; std::map<_Key, _Tp, _Compare, _Alloc>::mapped_type = int; std::map<_Key, _Tp, _Compare, _Alloc>::key_type = TaskStatus]'
       operator[](key_type&& __k)
       ^~~~~~~~
C:/dev/mingw64/mingw64/lib/gcc/x86_64-w64-mingw32/8.1.0/include/c++/bits/stl_map.h:510:7: note:   no known conversion for argument 1 from 'int' to 'std::map<TaskStatus, int>::key_type&&' {aka 'TaskStatus&&'}
..\src\Task_trecker.cpp:59:15: error: no match for 'operator[]' (operand types are 'TasksInfo' {aka 'std::map<TaskStatus, int>'} and 'int')
        Updated[static_cast<int>(item.first)+1] = item.second - Updated[item.first];
               ^
In file included from C:/dev/mingw64/mingw64/lib/gcc/x86_64-w64-mingw32/8.1.0/include/c++/map:61,
                 from ..\src\Task_trecker.cpp:2:
C:/dev/mingw64/mingw64/lib/gcc/x86_64-w64-mingw32/8.1.0/include/c++/bits/stl_map.h:490:7: note: candidate: 'std::map<_Key, _Tp, _Compare, _Alloc>::mapped_type& std::map<_Key, _Tp, _Compare, _Alloc>::operator[](const key_type&) [with _Key = TaskStatus; _Tp = int; _Compare = std::less<TaskStatus>; _Alloc = std::allocator<std::pair<const TaskStatus, int> >; std::map<_Key, _Tp, _Compare, _Alloc>::mapped_type = int; std::map<_Key, _Tp, _Compare, _Alloc>::key_type = TaskStatus]'
       operator[](const key_type& __k)
       ^~~~~~~~
C:/dev/mingw64/mingw64/lib/gcc/x86_64-w64-mingw32/8.1.0/include/c++/bits/stl_map.h:490:7: note:   no known conversion for argument 1 from 'int' to 'const key_type&' {aka 'const TaskStatus&'}
C:/dev/mingw64/mingw64/lib/gcc/x86_64-w64-mingw32/8.1.0/include/c++/bits/stl_map.h:510:7: note: candidate: 'std::map<_Key, _Tp, _Compare, _Alloc>::mapped_type& std::map<_Key, _Tp, _Compare, _Alloc>::operator[](std::map<_Key, _Tp, _Compare, _Alloc>::key_type&&) [with _Key = TaskStatus; _Tp = int; _Compare = std::less<TaskStatus>; _Alloc = std::allocator<std::pair<const TaskStatus, int> >; std::map<_Key, _Tp, _Compare, _Alloc>::mapped_type = int; std::map<_Key, _Tp, _Compare, _Alloc>::key_type = TaskStatus]'
       operator[](key_type&& __k)
       ^~~~~~~~
C:/dev/mingw64/mingw64/lib/gcc/x86_64-w64-mingw32/8.1.0/include/c++/bits/stl_map.h:510:7: note:   no known conversion for argument 1 from 'int' to 'std::map<TaskStatus, int>::key_type&&' {aka 'TaskStatus&&'}
20:42:54 **** Incremental Build of configuration Debug for project Task_trecker ****
Info: Internal Builder is used for build
g++ -O0 -g3 -Wall -c -fmessage-length=0 -o "src\\Task_trecker.o" "..\\src\\Task_trecker.cpp" 
..\src\Task_trecker.cpp: In member function 'const TasksInfo& TeamTasks::GetPersonTasksInfo(const string&) const':
..\src\Task_trecker.cpp:30:9: warning: reference to local variable 'result' returned [-Wreturn-local-addr]
    auto result = Team.at(person);
         ^~~~~~
..\src\Task_trecker.cpp: In member function 'std::tuple<std::map<TaskStatus, int, std::less<TaskStatus>, std::allocator<std::pair<const TaskStatus, int> > >, std::map<TaskStatus, int, std::less<TaskStatus>, std::allocator<std::pair<const TaskStatus, int> > > > TeamTasks::PerformPersonTasks(const string&, int)':
..\src\Task_trecker.cpp:55:26: error: no match for 'operator+' (operand types are 'const TaskStatus' and 'int')
        Updated[item.first+1] = item.second;
                ~~~~~~~~~~^~
..\src\Task_trecker.cpp:59:26: error: no match for 'operator+' (operand types are 'const TaskStatus' and 'int')
        Updated[item.first+1] = item.second - Updated[item.first];
                ~~~~~~~~~~^~
