19:57:51 **** Incremental Build of configuration Debug for project Stat_HTTP_Server ****
Info: Internal Builder is used for build
g++ -std=c++1z -O0 -g3 -Wall -c -fmessage-length=0 -o "src\\stats.o" "..\\src\\stats.cpp" 
g++ -o Stat_HTTP_Server.exe "src\\server_stats.o" "src\\stats.o" 
19:57:55 **** Incremental Build of configuration Debug for project Stat_HTTP_Server ****
Info: Internal Builder is used for build
g++ -std=c++1z -O0 -g3 -Wall -c -fmessage-length=0 -o "src\\server_stats.o" "..\\src\\server_stats.cpp" 
g++ -o Stat_HTTP_Server.exe "src\\server_stats.o" "src\\stats.o" 
20:00:52 **** Incremental Build of configuration Debug for project Stat_HTTP_Server ****
Info: Internal Builder is used for build
g++ -std=c++1z -O0 -g3 -Wall -c -fmessage-length=0 -o "src\\stats.o" "..\\src\\stats.cpp" 
g++ -std=c++1z -O0 -g3 -Wall -c -fmessage-length=0 -o "src\\server_stats.o" "..\\src\\server_stats.cpp" 
g++ -o Stat_HTTP_Server.exe "src\\server_stats.o" "src\\stats.o" 
20:02:30 **** Incremental Build of configuration Debug for project Stat_HTTP_Server ****
Info: Internal Builder is used for build
g++ -std=c++1z -O0 -g3 -Wall -c -fmessage-length=0 -o "src\\stats.o" "..\\src\\stats.cpp" 
g++ -std=c++1z -O0 -g3 -Wall -c -fmessage-length=0 -o "src\\server_stats.o" "..\\src\\server_stats.cpp" 
g++ -o Stat_HTTP_Server.exe "src\\server_stats.o" "src\\stats.o" 
20:24:00 **** Incremental Build of configuration Debug for project Stat_HTTP_Server ****
Info: Internal Builder is used for build
g++ -std=c++1z -O0 -g3 -Wall -c -fmessage-length=0 -o "src\\server_stats.o" "..\\src\\server_stats.cpp" 
..\src\server_stats.cpp: In function 'std::vector<std::basic_string_view<char> > ParseWords(std::string_view)':
..\src\server_stats.cpp:19:88: error: expected ';' before 'if'
         result.push_back(space == end ? line.substr(pos) : line.substr(pos, space - 1))
                                                                                        ^
                                                                                        ;
         if(pos == end){
         ~~                                                                              
..\src\server_stats.cpp:23:9: error: 'else' without a previous 'if'
         else{
         ^~~~
20:24:27 **** Incremental Build of configuration Debug for project Stat_HTTP_Server ****
Info: Internal Builder is used for build
g++ -std=c++1z -O0 -g3 -Wall -c -fmessage-length=0 -o "src\\server_stats.o" "..\\src\\server_stats.cpp" 
g++ -o Stat_HTTP_Server.exe "src\\server_stats.o" "src\\stats.o" 
20:25:22 **** Incremental Build of configuration Debug for project Stat_HTTP_Server ****
Info: Internal Builder is used for build
g++ -std=c++1z -O0 -g3 -Wall -c -fmessage-length=0 -o "src\\server_stats.o" "..\\src\\server_stats.cpp" 
g++ -o Stat_HTTP_Server.exe "src\\server_stats.o" "src\\stats.o" 
20:25:45 **** Incremental Build of configuration Debug for project Stat_HTTP_Server ****
Info: Internal Builder is used for build
g++ -std=c++1z -O0 -g3 -Wall -c -fmessage-length=0 -o "src\\server_stats.o" "..\\src\\server_stats.cpp" 
g++ -o Stat_HTTP_Server.exe "src\\server_stats.o" "src\\stats.o" 
20:26:57 **** Incremental Build of configuration Debug for project Stat_HTTP_Server ****
Info: Internal Builder is used for build
g++ -std=c++1z -O0 -g3 -Wall -c -fmessage-length=0 -o "src\\server_stats.o" "..\\src\\server_stats.cpp" 
g++ -o Stat_HTTP_Server.exe "src\\server_stats.o" "src\\stats.o" 
20:27:22 **** Incremental Build of configuration Debug for project Stat_HTTP_Server ****
Info: Internal Builder is used for build
g++ -std=c++1z -O0 -g3 -Wall -c -fmessage-length=0 -o "src\\server_stats.o" "..\\src\\server_stats.cpp" 
g++ -o Stat_HTTP_Server.exe "src\\server_stats.o" "src\\stats.o" 
C:/dev/mingw64/mingw64/bin/../lib/gcc/x86_64-w64-mingw32/8.1.0/../../../../x86_64-w64-mingw32/bin/ld.exe: cannot open output file Stat_HTTP_Server.exe: Permission denied
collect2.exe: error: ld returned 1 exit status
20:27:37 **** Incremental Build of configuration Debug for project Stat_HTTP_Server ****
Info: Internal Builder is used for build
g++ -o Stat_HTTP_Server.exe "src\\server_stats.o" "src\\stats.o" 
20:28:47 **** Incremental Build of configuration Debug for project Stat_HTTP_Server ****
Info: Internal Builder is used for build
g++ -std=c++1z -O0 -g3 -Wall -c -fmessage-length=0 -o "src\\server_stats.o" "..\\src\\server_stats.cpp" 
g++ -o Stat_HTTP_Server.exe "src\\server_stats.o" "src\\stats.o" 
20:30:56 **** Incremental Build of configuration Debug for project Stat_HTTP_Server ****
Info: Internal Builder is used for build
g++ -std=c++1z -O0 -g3 -Wall -c -fmessage-length=0 -o "src\\server_stats.o" "..\\src\\server_stats.cpp" 
..\src\server_stats.cpp: In function 'std::vector<std::basic_string_view<char> > ParseWords(std::string_view)':
..\src\server_stats.cpp:13:18: warning: unused variable 'end' [-Wunused-variable]
     const size_t end = line.npos;
                  ^~~
g++ -o Stat_HTTP_Server.exe "src\\server_stats.o" "src\\stats.o" 
20:36:27 **** Incremental Build of configuration Debug for project Stat_HTTP_Server ****
Info: Internal Builder is used for build
g++ -std=c++1z -O0 -g3 -Wall -c -fmessage-length=0 -o "src\\server_stats.o" "..\\src\\server_stats.cpp" 
g++ -o Stat_HTTP_Server.exe "src\\server_stats.o" "src\\stats.o" 
20:37:34 **** Incremental Build of configuration Debug for project Stat_HTTP_Server ****
Info: Internal Builder is used for build
g++ -std=c++1z -O0 -g3 -Wall -c -fmessage-length=0 -o "src\\server_stats.o" "..\\src\\server_stats.cpp" 
g++ -o Stat_HTTP_Server.exe "src\\server_stats.o" "src\\stats.o" 
20:37:58 **** Incremental Build of configuration Debug for project Stat_HTTP_Server ****
Info: Internal Builder is used for build
g++ -std=c++1z -O0 -g3 -Wall -c -fmessage-length=0 -o "src\\server_stats.o" "..\\src\\server_stats.cpp" 
g++ -o Stat_HTTP_Server.exe "src\\server_stats.o" "src\\stats.o" 
20:38:17 **** Incremental Build of configuration Debug for project Stat_HTTP_Server ****
Info: Internal Builder is used for build
g++ -std=c++1z -O0 -g3 -Wall -c -fmessage-length=0 -o "src\\server_stats.o" "..\\src\\server_stats.cpp" 
g++ -o Stat_HTTP_Server.exe "src\\server_stats.o" "src\\stats.o" 
20:38:32 **** Incremental Build of configuration Debug for project Stat_HTTP_Server ****
Info: Internal Builder is used for build
g++ -std=c++1z -O0 -g3 -Wall -c -fmessage-length=0 -o "src\\server_stats.o" "..\\src\\server_stats.cpp" 
g++ -o Stat_HTTP_Server.exe "src\\server_stats.o" "src\\stats.o" 
20:38:57 **** Incremental Build of configuration Debug for project Stat_HTTP_Server ****
Info: Internal Builder is used for build
g++ -std=c++1z -O0 -g3 -Wall -c -fmessage-length=0 -o "src\\server_stats.o" "..\\src\\server_stats.cpp" 
g++ -o Stat_HTTP_Server.exe "src\\server_stats.o" "src\\stats.o" 
20:40:11 **** Incremental Build of configuration Debug for project Stat_HTTP_Server ****
Info: Internal Builder is used for build
g++ -std=c++1z -O0 -g3 -Wall -c -fmessage-length=0 -o "src\\server_stats.o" "..\\src\\server_stats.cpp" 
g++ -o Stat_HTTP_Server.exe "src\\server_stats.o" "src\\stats.o" 
20:43:25 **** Incremental Build of configuration Debug for project Stat_HTTP_Server ****
Info: Internal Builder is used for build
g++ -std=c++1z -O0 -g3 -Wall -c -fmessage-length=0 -o "src\\server_stats.o" "..\\src\\server_stats.cpp" 
..\src\server_stats.cpp: In function 'std::vector<std::basic_string_view<char> > ParseWords(std::string_view)':
..\src\server_stats.cpp:16:12: error: decrement of read-only variable 'end'
         end--;
            ^~
20:43:48 **** Incremental Build of configuration Debug for project Stat_HTTP_Server ****
Info: Internal Builder is used for build
g++ -std=c++1z -O0 -g3 -Wall -c -fmessage-length=0 -o "src\\server_stats.o" "..\\src\\server_stats.cpp" 
g++ -o Stat_HTTP_Server.exe "src\\server_stats.o" "src\\stats.o" 
20:46:36 **** Incremental Build of configuration Debug for project Stat_HTTP_Server ****
Info: Internal Builder is used for build
g++ -std=c++1z -O0 -g3 -Wall -c -fmessage-length=0 -o "src\\server_stats.o" "..\\src\\server_stats.cpp" 
..\src\server_stats.cpp: In function 'int main()':
..\src\server_stats.cpp:116:30: error: 'input' was not declared in this scope
    for (string line; getline(input, line); ) {
                              ^~~~~
..\src\server_stats.cpp:116:30: note: suggested alternative: 'ino_t'
    for (string line; getline(input, line); ) {
                              ^~~~~
                              ino_t
..\src\server_stats.cpp:117:27: error: 'linw' was not declared in this scope
     auto res = ParseWords(linw);
                           ^~~~
..\src\server_stats.cpp:117:27: note: suggested alternative: 'line'
     auto res = ParseWords(linw);
                           ^~~~
                           line
..\src\server_stats.cpp:118:27: error: unable to deduce 'auto&&' from 'res'
     for(const auto elem : res){
                           ^~~
20:46:44 **** Incremental Build of configuration Debug for project Stat_HTTP_Server ****
Info: Internal Builder is used for build
g++ -std=c++1z -O0 -g3 -Wall -c -fmessage-length=0 -o "src\\server_stats.o" "..\\src\\server_stats.cpp" 
..\src\server_stats.cpp: In function 'int main()':
..\src\server_stats.cpp:116:30: error: 'input' was not declared in this scope
    for (string line; getline(input, line); ) {
                              ^~~~~
..\src\server_stats.cpp:116:30: note: suggested alternative: 'ino_t'
    for (string line; getline(input, line); ) {
                              ^~~~~
                              ino_t
20:48:17 **** Incremental Build of configuration Debug for project Stat_HTTP_Server ****
Info: Internal Builder is used for build
g++ -std=c++1z -O0 -g3 -Wall -c -fmessage-length=0 -o "src\\server_stats.o" "..\\src\\server_stats.cpp" 
g++ -o Stat_HTTP_Server.exe "src\\server_stats.o" "src\\stats.o" 
20:49:02 **** Incremental Build of configuration Debug for project Stat_HTTP_Server ****
Info: Internal Builder is used for build
g++ -std=c++1z -O0 -g3 -Wall -c -fmessage-length=0 -o "src\\server_stats.o" "..\\src\\server_stats.cpp" 
g++ -o Stat_HTTP_Server.exe "src\\server_stats.o" "src\\stats.o" 
20:49:23 **** Incremental Build of configuration Debug for project Stat_HTTP_Server ****
Info: Internal Builder is used for build
g++ -std=c++1z -O0 -g3 -Wall -c -fmessage-length=0 -o "src\\server_stats.o" "..\\src\\server_stats.cpp" 
g++ -o Stat_HTTP_Server.exe "src\\server_stats.o" "src\\stats.o" 
20:49:45 **** Incremental Build of configuration Debug for project Stat_HTTP_Server ****
Info: Internal Builder is used for build
g++ -std=c++1z -O0 -g3 -Wall -c -fmessage-length=0 -o "src\\server_stats.o" "..\\src\\server_stats.cpp" 
g++ -o Stat_HTTP_Server.exe "src\\server_stats.o" "src\\stats.o" 
20:50:06 **** Incremental Build of configuration Debug for project Stat_HTTP_Server ****
Info: Internal Builder is used for build
g++ -std=c++1z -O0 -g3 -Wall -c -fmessage-length=0 -o "src\\server_stats.o" "..\\src\\server_stats.cpp" 
g++ -o Stat_HTTP_Server.exe "src\\server_stats.o" "src\\stats.o" 
20:50:21 **** Incremental Build of configuration Debug for project Stat_HTTP_Server ****
Info: Internal Builder is used for build
g++ -std=c++1z -O0 -g3 -Wall -c -fmessage-length=0 -o "src\\server_stats.o" "..\\src\\server_stats.cpp" 
g++ -o Stat_HTTP_Server.exe "src\\server_stats.o" "src\\stats.o" 
20:50:58 **** Incremental Build of configuration Debug for project Stat_HTTP_Server ****
Info: Internal Builder is used for build
g++ -std=c++1z -O0 -g3 -Wall -c -fmessage-length=0 -o "src\\server_stats.o" "..\\src\\server_stats.cpp" 
g++ -o Stat_HTTP_Server.exe "src\\server_stats.o" "src\\stats.o" 
20:51:30 **** Incremental Build of configuration Debug for project Stat_HTTP_Server ****
Info: Internal Builder is used for build
g++ -std=c++1z -O0 -g3 -Wall -c -fmessage-length=0 -o "src\\server_stats.o" "..\\src\\server_stats.cpp" 
g++ -o Stat_HTTP_Server.exe "src\\server_stats.o" "src\\stats.o" 
20:54:23 **** Incremental Build of configuration Debug for project Stat_HTTP_Server ****
Info: Internal Builder is used for build
g++ -std=c++1z -O0 -g3 -Wall -c -fmessage-length=0 -o "src\\server_stats.o" "..\\src\\server_stats.cpp" 
g++ -o Stat_HTTP_Server.exe "src\\server_stats.o" "src\\stats.o" 
20:55:18 **** Incremental Build of configuration Debug for project Stat_HTTP_Server ****
Info: Internal Builder is used for build
g++ -std=c++1z -O0 -g3 -Wall -c -fmessage-length=0 -o "src\\server_stats.o" "..\\src\\server_stats.cpp" 
..\src\server_stats.cpp: In function 'int main()':
..\src\server_stats.cpp:143:29: error: 'line' was not declared in this scope
       auto res = ParseWords(line);
                             ^~~~
..\src\server_stats.cpp:143:29: note: suggested alternative: 'time'
       auto res = ParseWords(line);
                             ^~~~
                             time
..\src\server_stats.cpp:144:29: error: unable to deduce 'auto&&' from 'res'
       for(const auto elem : res){
                             ^~~
20:55:27 **** Incremental Build of configuration Debug for project Stat_HTTP_Server ****
Info: Internal Builder is used for build
g++ -std=c++1z -O0 -g3 -Wall -c -fmessage-length=0 -o "src\\server_stats.o" "..\\src\\server_stats.cpp" 
g++ -o Stat_HTTP_Server.exe "src\\server_stats.o" "src\\stats.o" 
20:56:01 **** Incremental Build of configuration Debug for project Stat_HTTP_Server ****
Info: Internal Builder is used for build
g++ -std=c++1z -O0 -g3 -Wall -c -fmessage-length=0 -o "src\\server_stats.o" "..\\src\\server_stats.cpp" 
g++ -o Stat_HTTP_Server.exe "src\\server_stats.o" "src\\stats.o" 
20:56:24 **** Incremental Build of configuration Debug for project Stat_HTTP_Server ****
Info: Internal Builder is used for build
g++ -std=c++1z -O0 -g3 -Wall -c -fmessage-length=0 -o "src\\server_stats.o" "..\\src\\server_stats.cpp" 
g++ -o Stat_HTTP_Server.exe "src\\server_stats.o" "src\\stats.o" 
20:56:53 **** Incremental Build of configuration Debug for project Stat_HTTP_Server ****
Info: Internal Builder is used for build
g++ -std=c++1z -O0 -g3 -Wall -c -fmessage-length=0 -o "src\\server_stats.o" "..\\src\\server_stats.cpp" 
g++ -o Stat_HTTP_Server.exe "src\\server_stats.o" "src\\stats.o" 
20:57:06 **** Incremental Build of configuration Debug for project Stat_HTTP_Server ****
Info: Internal Builder is used for build
g++ -std=c++1z -O0 -g3 -Wall -c -fmessage-length=0 -o "src\\server_stats.o" "..\\src\\server_stats.cpp" 
g++ -o Stat_HTTP_Server.exe "src\\server_stats.o" "src\\stats.o" 
20:58:00 **** Incremental Build of configuration Debug for project Stat_HTTP_Server ****
Info: Internal Builder is used for build
g++ -std=c++1z -O0 -g3 -Wall -c -fmessage-length=0 -o "src\\server_stats.o" "..\\src\\server_stats.cpp" 
g++ -o Stat_HTTP_Server.exe "src\\server_stats.o" "src\\stats.o" 
20:58:16 **** Incremental Build of configuration Debug for project Stat_HTTP_Server ****
Info: Internal Builder is used for build
g++ -std=c++1z -O0 -g3 -Wall -c -fmessage-length=0 -o "src\\server_stats.o" "..\\src\\server_stats.cpp" 
g++ -o Stat_HTTP_Server.exe "src\\server_stats.o" "src\\stats.o" 
C:/dev/mingw64/mingw64/bin/../lib/gcc/x86_64-w64-mingw32/8.1.0/../../../../x86_64-w64-mingw32/bin/ld.exe: cannot open output file Stat_HTTP_Server.exe: Permission denied
collect2.exe: error: ld returned 1 exit status
20:58:24 **** Incremental Build of configuration Debug for project Stat_HTTP_Server ****
Info: Internal Builder is used for build
g++ -o Stat_HTTP_Server.exe "src\\server_stats.o" "src\\stats.o" 
20:58:53 **** Incremental Build of configuration Debug for project Stat_HTTP_Server ****
Info: Internal Builder is used for build
g++ -std=c++1z -O0 -g3 -Wall -c -fmessage-length=0 -o "src\\server_stats.o" "..\\src\\server_stats.cpp" 
g++ -o Stat_HTTP_Server.exe "src\\server_stats.o" "src\\stats.o" 
20:59:02 **** Incremental Build of configuration Debug for project Stat_HTTP_Server ****
Info: Internal Builder is used for build
g++ -std=c++1z -O0 -g3 -Wall -c -fmessage-length=0 -o "src\\server_stats.o" "..\\src\\server_stats.cpp" 
g++ -o Stat_HTTP_Server.exe "src\\server_stats.o" "src\\stats.o" 
20:59:13 **** Incremental Build of configuration Debug for project Stat_HTTP_Server ****
Info: Internal Builder is used for build
g++ -std=c++1z -O0 -g3 -Wall -c -fmessage-length=0 -o "src\\server_stats.o" "..\\src\\server_stats.cpp" 
g++ -o Stat_HTTP_Server.exe "src\\server_stats.o" "src\\stats.o" 
21:00:52 **** Incremental Build of configuration Debug for project Stat_HTTP_Server ****
Info: Internal Builder is used for build
g++ -std=c++1z -O0 -g3 -Wall -c -fmessage-length=0 -o "src\\server_stats.o" "..\\src\\server_stats.cpp" 
g++ -o Stat_HTTP_Server.exe "src\\server_stats.o" "src\\stats.o" 
21:01:08 **** Incremental Build of configuration Debug for project Stat_HTTP_Server ****
Info: Internal Builder is used for build
g++ -std=c++1z -O0 -g3 -Wall -c -fmessage-length=0 -o "src\\server_stats.o" "..\\src\\server_stats.cpp" 
g++ -o Stat_HTTP_Server.exe "src\\server_stats.o" "src\\stats.o" 
21:01:22 **** Incremental Build of configuration Debug for project Stat_HTTP_Server ****
Info: Internal Builder is used for build
g++ -std=c++1z -O0 -g3 -Wall -c -fmessage-length=0 -o "src\\server_stats.o" "..\\src\\server_stats.cpp" 
g++ -o Stat_HTTP_Server.exe "src\\server_stats.o" "src\\stats.o" 
21:02:09 **** Incremental Build of configuration Debug for project Stat_HTTP_Server ****
Info: Internal Builder is used for build
g++ -std=c++1z -O0 -g3 -Wall -c -fmessage-length=0 -o "src\\server_stats.o" "..\\src\\server_stats.cpp" 
g++ -o Stat_HTTP_Server.exe "src\\server_stats.o" "src\\stats.o" 
21:02:27 **** Incremental Build of configuration Debug for project Stat_HTTP_Server ****
Info: Internal Builder is used for build
g++ -std=c++1z -O0 -g3 -Wall -c -fmessage-length=0 -o "src\\server_stats.o" "..\\src\\server_stats.cpp" 
g++ -o Stat_HTTP_Server.exe "src\\server_stats.o" "src\\stats.o" 
21:02:56 **** Incremental Build of configuration Debug for project Stat_HTTP_Server ****
Info: Internal Builder is used for build
g++ -std=c++1z -O0 -g3 -Wall -c -fmessage-length=0 -o "src\\server_stats.o" "..\\src\\server_stats.cpp" 
g++ -o Stat_HTTP_Server.exe "src\\server_stats.o" "src\\stats.o" 
21:03:06 **** Incremental Build of configuration Debug for project Stat_HTTP_Server ****
Info: Internal Builder is used for build
g++ -std=c++1z -O0 -g3 -Wall -c -fmessage-length=0 -o "src\\server_stats.o" "..\\src\\server_stats.cpp" 
g++ -o Stat_HTTP_Server.exe "src\\server_stats.o" "src\\stats.o" 
21:03:15 **** Incremental Build of configuration Debug for project Stat_HTTP_Server ****
Info: Internal Builder is used for build
g++ -std=c++1z -O0 -g3 -Wall -c -fmessage-length=0 -o "src\\server_stats.o" "..\\src\\server_stats.cpp" 
g++ -o Stat_HTTP_Server.exe "src\\server_stats.o" "src\\stats.o" 
21:03:59 **** Incremental Build of configuration Debug for project Stat_HTTP_Server ****
Info: Internal Builder is used for build
g++ -std=c++1z -O0 -g3 -Wall -c -fmessage-length=0 -o "src\\server_stats.o" "..\\src\\server_stats.cpp" 
g++ -o Stat_HTTP_Server.exe "src\\server_stats.o" "src\\stats.o" 
21:04:19 **** Incremental Build of configuration Debug for project Stat_HTTP_Server ****
Info: Internal Builder is used for build
g++ -std=c++1z -O0 -g3 -Wall -c -fmessage-length=0 -o "src\\server_stats.o" "..\\src\\server_stats.cpp" 
g++ -o Stat_HTTP_Server.exe "src\\server_stats.o" "src\\stats.o" 
21:05:09 **** Incremental Build of configuration Debug for project Stat_HTTP_Server ****
Info: Internal Builder is used for build
g++ -std=c++1z -O0 -g3 -Wall -c -fmessage-length=0 -o "src\\server_stats.o" "..\\src\\server_stats.cpp" 
g++ -o Stat_HTTP_Server.exe "src\\server_stats.o" "src\\stats.o" 
C:/dev/mingw64/mingw64/bin/../lib/gcc/x86_64-w64-mingw32/8.1.0/../../../../x86_64-w64-mingw32/bin/ld.exe: cannot open output file Stat_HTTP_Server.exe: Permission denied
collect2.exe: error: ld returned 1 exit status
21:05:16 **** Incremental Build of configuration Debug for project Stat_HTTP_Server ****
Info: Internal Builder is used for build
g++ -o Stat_HTTP_Server.exe "src\\server_stats.o" "src\\stats.o" 
21:05:26 **** Incremental Build of configuration Debug for project Stat_HTTP_Server ****
Info: Internal Builder is used for build
g++ -std=c++1z -O0 -g3 -Wall -c -fmessage-length=0 -o "src\\server_stats.o" "..\\src\\server_stats.cpp" 
g++ -o Stat_HTTP_Server.exe "src\\server_stats.o" "src\\stats.o" 
C:/dev/mingw64/mingw64/bin/../lib/gcc/x86_64-w64-mingw32/8.1.0/../../../../x86_64-w64-mingw32/bin/ld.exe: cannot open output file Stat_HTTP_Server.exe: Permission denied
collect2.exe: error: ld returned 1 exit status
21:05:32 **** Incremental Build of configuration Debug for project Stat_HTTP_Server ****
Info: Internal Builder is used for build
g++ -o Stat_HTTP_Server.exe "src\\server_stats.o" "src\\stats.o" 
21:05:57 **** Incremental Build of configuration Debug for project Stat_HTTP_Server ****
Info: Internal Builder is used for build
g++ -std=c++1z -O0 -g3 -Wall -c -fmessage-length=0 -o "src\\server_stats.o" "..\\src\\server_stats.cpp" 
g++ -o Stat_HTTP_Server.exe "src\\server_stats.o" "src\\stats.o" 
21:08:28 **** Incremental Build of configuration Debug for project Stat_HTTP_Server ****
Info: Internal Builder is used for build
g++ -std=c++1z -O0 -g3 -Wall -c -fmessage-length=0 -o "src\\server_stats.o" "..\\src\\server_stats.cpp" 
g++ -o Stat_HTTP_Server.exe "src\\server_stats.o" "src\\stats.o" 
21:08:49 **** Incremental Build of configuration Debug for project Stat_HTTP_Server ****
Info: Internal Builder is used for build
g++ -std=c++1z -O0 -g3 -Wall -c -fmessage-length=0 -o "src\\server_stats.o" "..\\src\\server_stats.cpp" 
g++ -o Stat_HTTP_Server.exe "src\\server_stats.o" "src\\stats.o" 
21:09:10 **** Incremental Build of configuration Debug for project Stat_HTTP_Server ****
Info: Internal Builder is used for build
g++ -std=c++1z -O0 -g3 -Wall -c -fmessage-length=0 -o "src\\server_stats.o" "..\\src\\server_stats.cpp" 
g++ -o Stat_HTTP_Server.exe "src\\server_stats.o" "src\\stats.o" 
C:/dev/mingw64/mingw64/bin/../lib/gcc/x86_64-w64-mingw32/8.1.0/../../../../x86_64-w64-mingw32/bin/ld.exe: cannot open output file Stat_HTTP_Server.exe: Permission denied
collect2.exe: error: ld returned 1 exit status
21:09:15 **** Incremental Build of configuration Debug for project Stat_HTTP_Server ****
Info: Internal Builder is used for build
g++ -o Stat_HTTP_Server.exe "src\\server_stats.o" "src\\stats.o" 
21:10:23 **** Incremental Build of configuration Debug for project Stat_HTTP_Server ****
Info: Internal Builder is used for build
g++ -std=c++1z -O0 -g3 -Wall -c -fmessage-length=0 -o "src\\server_stats.o" "..\\src\\server_stats.cpp" 
g++ -o Stat_HTTP_Server.exe "src\\server_stats.o" "src\\stats.o" 
21:10:30 **** Incremental Build of configuration Debug for project Stat_HTTP_Server ****
Info: Internal Builder is used for build
g++ -std=c++1z -O0 -g3 -Wall -c -fmessage-length=0 -o "src\\server_stats.o" "..\\src\\server_stats.cpp" 
g++ -o Stat_HTTP_Server.exe "src\\server_stats.o" "src\\stats.o" 
C:/dev/mingw64/mingw64/bin/../lib/gcc/x86_64-w64-mingw32/8.1.0/../../../../x86_64-w64-mingw32/bin/ld.exe: cannot open output file Stat_HTTP_Server.exe: Permission denied
collect2.exe: error: ld returned 1 exit status
21:10:34 **** Incremental Build of configuration Debug for project Stat_HTTP_Server ****
Info: Internal Builder is used for build
g++ -o Stat_HTTP_Server.exe "src\\server_stats.o" "src\\stats.o" 
21:11:35 **** Incremental Build of configuration Debug for project Stat_HTTP_Server ****
Info: Internal Builder is used for build
g++ -std=c++1z -O0 -g3 -Wall -c -fmessage-length=0 -o "src\\server_stats.o" "..\\src\\server_stats.cpp" 
g++ -o Stat_HTTP_Server.exe "src\\server_stats.o" "src\\stats.o" 
21:11:41 **** Incremental Build of configuration Debug for project Stat_HTTP_Server ****
Info: Internal Builder is used for build
g++ -std=c++1z -O0 -g3 -Wall -c -fmessage-length=0 -o "src\\server_stats.o" "..\\src\\server_stats.cpp" 
g++ -o Stat_HTTP_Server.exe "src\\server_stats.o" "src\\stats.o" 
21:12:05 **** Incremental Build of configuration Debug for project Stat_HTTP_Server ****
Info: Internal Builder is used for build
g++ -std=c++1z -O0 -g3 -Wall -c -fmessage-length=0 -o "src\\server_stats.o" "..\\src\\server_stats.cpp" 
g++ -o Stat_HTTP_Server.exe "src\\server_stats.o" "src\\stats.o" 
21:56:15 **** Incremental Build of configuration Debug for project Stat_HTTP_Server ****
Info: Internal Builder is used for build
g++ -std=c++1z -O0 -g3 -Wall -c -fmessage-length=0 -o "src\\server_stats.o" "..\\src\\server_stats.cpp" 
g++ -o Stat_HTTP_Server.exe "src\\server_stats.o" "src\\stats.o" 
21:57:18 **** Incremental Build of configuration Debug for project Stat_HTTP_Server ****
Info: Internal Builder is used for build
g++ -std=c++1z -O0 -g3 -Wall -c -fmessage-length=0 -o "src\\server_stats.o" "..\\src\\server_stats.cpp" 
g++ -o Stat_HTTP_Server.exe "src\\server_stats.o" "src\\stats.o" 
21:58:53 **** Incremental Build of configuration Debug for project Stat_HTTP_Server ****
Info: Internal Builder is used for build
g++ -std=c++1z -O0 -g3 -Wall -c -fmessage-length=0 -o "src\\server_stats.o" "..\\src\\server_stats.cpp" 
g++ -o Stat_HTTP_Server.exe "src\\server_stats.o" "src\\stats.o" 
21:59:13 **** Incremental Build of configuration Debug for project Stat_HTTP_Server ****
Info: Internal Builder is used for build
g++ -std=c++1z -O0 -g3 -Wall -c -fmessage-length=0 -o "src\\server_stats.o" "..\\src\\server_stats.cpp" 
g++ -o Stat_HTTP_Server.exe "src\\server_stats.o" "src\\stats.o" 
21:59:45 **** Incremental Build of configuration Debug for project Stat_HTTP_Server ****
Info: Internal Builder is used for build
g++ -std=c++1z -O0 -g3 -Wall -c -fmessage-length=0 -o "src\\server_stats.o" "..\\src\\server_stats.cpp" 
g++ -o Stat_HTTP_Server.exe "src\\server_stats.o" "src\\stats.o" 
22:00:10 **** Incremental Build of configuration Debug for project Stat_HTTP_Server ****
Info: Internal Builder is used for build
g++ -std=c++1z -O0 -g3 -Wall -c -fmessage-length=0 -o "src\\server_stats.o" "..\\src\\server_stats.cpp" 
g++ -o Stat_HTTP_Server.exe "src\\server_stats.o" "src\\stats.o" 
22:00:31 **** Incremental Build of configuration Debug for project Stat_HTTP_Server ****
Info: Internal Builder is used for build
g++ -std=c++1z -O0 -g3 -Wall -c -fmessage-length=0 -o "src\\server_stats.o" "..\\src\\server_stats.cpp" 
g++ -o Stat_HTTP_Server.exe "src\\server_stats.o" "src\\stats.o" 
22:00:57 **** Incremental Build of configuration Debug for project Stat_HTTP_Server ****
Info: Internal Builder is used for build
g++ -std=c++1z -O0 -g3 -Wall -c -fmessage-length=0 -o "src\\server_stats.o" "..\\src\\server_stats.cpp" 
g++ -o Stat_HTTP_Server.exe "src\\server_stats.o" "src\\stats.o" 
22:02:34 **** Incremental Build of configuration Debug for project Stat_HTTP_Server ****
Info: Internal Builder is used for build
g++ -std=c++1z -O0 -g3 -Wall -c -fmessage-length=0 -o "src\\server_stats.o" "..\\src\\server_stats.cpp" 
g++ -o Stat_HTTP_Server.exe "src\\server_stats.o" "src\\stats.o" 
22:02:49 **** Incremental Build of configuration Debug for project Stat_HTTP_Server ****
Info: Internal Builder is used for build
g++ -std=c++1z -O0 -g3 -Wall -c -fmessage-length=0 -o "src\\server_stats.o" "..\\src\\server_stats.cpp" 
g++ -o Stat_HTTP_Server.exe "src\\server_stats.o" "src\\stats.o" 
C:/dev/mingw64/mingw64/bin/../lib/gcc/x86_64-w64-mingw32/8.1.0/../../../../x86_64-w64-mingw32/bin/ld.exe: cannot open output file Stat_HTTP_Server.exe: Permission denied
collect2.exe: error: ld returned 1 exit status
22:02:54 **** Incremental Build of configuration Debug for project Stat_HTTP_Server ****
Info: Internal Builder is used for build
g++ -o Stat_HTTP_Server.exe "src\\server_stats.o" "src\\stats.o" 
22:03:17 **** Incremental Build of configuration Debug for project Stat_HTTP_Server ****
Info: Internal Builder is used for build
g++ -std=c++1z -O0 -g3 -Wall -c -fmessage-length=0 -o "src\\server_stats.o" "..\\src\\server_stats.cpp" 
g++ -o Stat_HTTP_Server.exe "src\\server_stats.o" "src\\stats.o" 
C:/dev/mingw64/mingw64/bin/../lib/gcc/x86_64-w64-mingw32/8.1.0/../../../../x86_64-w64-mingw32/bin/ld.exe: cannot open output file Stat_HTTP_Server.exe: Permission denied
collect2.exe: error: ld returned 1 exit status
22:03:21 **** Incremental Build of configuration Debug for project Stat_HTTP_Server ****
Info: Internal Builder is used for build
g++ -o Stat_HTTP_Server.exe "src\\server_stats.o" "src\\stats.o" 
22:05:48 **** Incremental Build of configuration Debug for project Stat_HTTP_Server ****
Info: Internal Builder is used for build
g++ -std=c++1z -O0 -g3 -Wall -c -fmessage-length=0 -o "src\\server_stats.o" "..\\src\\server_stats.cpp" 
g++ -o Stat_HTTP_Server.exe "src\\server_stats.o" "src\\stats.o" 
22:07:37 **** Incremental Build of configuration Debug for project Stat_HTTP_Server ****
Info: Internal Builder is used for build
g++ -std=c++1z -O0 -g3 -Wall -c -fmessage-length=0 -o "src\\server_stats.o" "..\\src\\server_stats.cpp" 
g++ -o Stat_HTTP_Server.exe "src\\server_stats.o" "src\\stats.o" 
22:07:50 **** Incremental Build of configuration Debug for project Stat_HTTP_Server ****
Info: Internal Builder is used for build
g++ -std=c++1z -O0 -g3 -Wall -c -fmessage-length=0 -o "src\\server_stats.o" "..\\src\\server_stats.cpp" 
g++ -o Stat_HTTP_Server.exe "src\\server_stats.o" "src\\stats.o" 
22:08:02 **** Incremental Build of configuration Debug for project Stat_HTTP_Server ****
Info: Internal Builder is used for build
g++ -std=c++1z -O0 -g3 -Wall -c -fmessage-length=0 -o "src\\server_stats.o" "..\\src\\server_stats.cpp" 
g++ -o Stat_HTTP_Server.exe "src\\server_stats.o" "src\\stats.o" 
22:09:30 **** Incremental Build of configuration Debug for project Stat_HTTP_Server ****
Info: Internal Builder is used for build
g++ -std=c++1z -O0 -g3 -Wall -c -fmessage-length=0 -o "src\\server_stats.o" "..\\src\\server_stats.cpp" 
g++ -o Stat_HTTP_Server.exe "src\\server_stats.o" "src\\stats.o" 
C:/dev/mingw64/mingw64/bin/../lib/gcc/x86_64-w64-mingw32/8.1.0/../../../../x86_64-w64-mingw32/bin/ld.exe: cannot open output file Stat_HTTP_Server.exe: Permission denied
collect2.exe: error: ld returned 1 exit status
22:09:36 **** Incremental Build of configuration Debug for project Stat_HTTP_Server ****
Info: Internal Builder is used for build
g++ -o Stat_HTTP_Server.exe "src\\server_stats.o" "src\\stats.o" 
22:44:18 **** Incremental Build of configuration Debug for project Stat_HTTP_Server ****
Info: Internal Builder is used for build
g++ -std=c++1z -O0 -g3 -Wall -c -fmessage-length=0 -o "src\\server_stats.o" "..\\src\\server_stats.cpp" 
g++ -o Stat_HTTP_Server.exe "src\\server_stats.o" "src\\stats.o" 
22:45:11 **** Incremental Build of configuration Debug for project Stat_HTTP_Server ****
Info: Internal Builder is used for build
g++ -std=c++1z -O0 -g3 -Wall -c -fmessage-length=0 -o "src\\server_stats.o" "..\\src\\server_stats.cpp" 
..\src\server_stats.cpp: In function 'std::vector<std::basic_string_view<char> > ParseWords(std::string_view)':
..\src\server_stats.cpp:19:17: error: invalid operands of types 'size_t' {aka 'long long unsigned int'} and '<unresolved overloaded function type>' to binary 'operator=='
           space == end
           ~~~~~~^~~~~~
..\src\server_stats.cpp:22:16: error: invalid operands of types 'size_t' {aka 'long long unsigned int'} and '<unresolved overloaded function type>' to binary 'operator=='
         if(pos == end){
            ~~~~^~~~~~
..\src\server_stats.cpp:13:12: warning: unused variable 'last' [-Wunused-variable]
     size_t last = line.size() - 1;
            ^~~~
22:45:31 **** Incremental Build of configuration Debug for project Stat_HTTP_Server ****
Info: Internal Builder is used for build
g++ -std=c++1z -O0 -g3 -Wall -c -fmessage-length=0 -o "src\\server_stats.o" "..\\src\\server_stats.cpp" 
..\src\server_stats.cpp: In function 'std::vector<std::basic_string_view<char> > ParseWords(std::string_view)':
..\src\server_stats.cpp:18:17: error: invalid operands of types 'size_t' {aka 'long long unsigned int'} and '<unresolved overloaded function type>' to binary 'operator=='
           space == end
           ~~~~~~^~~~~~
..\src\server_stats.cpp:21:16: error: invalid operands of types 'size_t' {aka 'long long unsigned int'} and '<unresolved overloaded function type>' to binary 'operator=='
         if(pos == end){
            ~~~~^~~~~~
22:45:42 **** Incremental Build of configuration Debug for project Stat_HTTP_Server ****
Info: Internal Builder is used for build
g++ -std=c++1z -O0 -g3 -Wall -c -fmessage-length=0 -o "src\\server_stats.o" "..\\src\\server_stats.cpp" 
..\src\server_stats.cpp: In function 'std::vector<std::basic_string_view<char> > ParseWords(std::string_view)':
..\src\server_stats.cpp:19:17: error: invalid operands of types 'size_t' {aka 'long long unsigned int'} and '<unresolved overloaded function type>' to binary 'operator=='
           space == end
           ~~~~~~^~~~~~
..\src\server_stats.cpp:22:16: error: invalid operands of types 'size_t' {aka 'long long unsigned int'} and '<unresolved overloaded function type>' to binary 'operator=='
         if(pos == end){
            ~~~~^~~~~~
..\src\server_stats.cpp:13:12: warning: unused variable 'last' [-Wunused-variable]
     size_t last = line.size() - 1;
            ^~~~
22:46:13 **** Incremental Build of configuration Debug for project Stat_HTTP_Server ****
Info: Internal Builder is used for build
g++ -std=c++1z -O0 -g3 -Wall -c -fmessage-length=0 -o "src\\server_stats.o" "..\\src\\server_stats.cpp" 
g++ -o Stat_HTTP_Server.exe "src\\server_stats.o" "src\\stats.o" 
22:46:22 **** Incremental Build of configuration Debug for project Stat_HTTP_Server ****
Info: Internal Builder is used for build
g++ -std=c++1z -O0 -g3 -Wall -c -fmessage-length=0 -o "src\\server_stats.o" "..\\src\\server_stats.cpp" 
g++ -o Stat_HTTP_Server.exe "src\\server_stats.o" "src\\stats.o" 
22:59:42 **** Incremental Build of configuration Debug for project Stat_HTTP_Server ****
Info: Internal Builder is used for build
g++ -std=c++1z -O0 -g3 -Wall -c -fmessage-length=0 -o "src\\server_stats.o" "..\\src\\server_stats.cpp" 
..\src\server_stats.cpp: In function 'std::vector<std::basic_string_view<char> > ParseWords(std::string_view)':
..\src\server_stats.cpp:13:12: warning: unused variable 'end' [-Wunused-variable]
     size_t end = line.size() - 1;
            ^~~
g++ -o Stat_HTTP_Server.exe "src\\server_stats.o" "src\\stats.o" 
23:00:01 **** Incremental Build of configuration Debug for project Stat_HTTP_Server ****
Info: Internal Builder is used for build
g++ -std=c++1z -O0 -g3 -Wall -c -fmessage-length=0 -o "src\\server_stats.o" "..\\src\\server_stats.cpp" 
..\src\server_stats.cpp: In function 'std::vector<std::basic_string_view<char> > ParseWords(std::string_view)':
..\src\server_stats.cpp:13:12: warning: unused variable 'end' [-Wunused-variable]
     size_t end = line.size() - 1;
            ^~~
g++ -o Stat_HTTP_Server.exe "src\\server_stats.o" "src\\stats.o" 
23:00:15 **** Incremental Build of configuration Debug for project Stat_HTTP_Server ****
Info: Internal Builder is used for build
g++ -std=c++1z -O0 -g3 -Wall -c -fmessage-length=0 -o "src\\server_stats.o" "..\\src\\server_stats.cpp" 
..\src\server_stats.cpp: In function 'std::vector<std::basic_string_view<char> > ParseWords(std::string_view)':
..\src\server_stats.cpp:13:12: warning: unused variable 'end' [-Wunused-variable]
     size_t end = line.size() - 1;
            ^~~
g++ -o Stat_HTTP_Server.exe "src\\server_stats.o" "src\\stats.o" 
23:00:52 **** Incremental Build of configuration Debug for project Stat_HTTP_Server ****
Info: Internal Builder is used for build
g++ -std=c++1z -O0 -g3 -Wall -c -fmessage-length=0 -o "src\\server_stats.o" "..\\src\\server_stats.cpp" 
..\src\server_stats.cpp: In function 'std::vector<std::basic_string_view<char> > ParseWords(std::string_view)':
..\src\server_stats.cpp:13:12: warning: unused variable 'end' [-Wunused-variable]
     size_t end = line.size() - 1;
            ^~~
g++ -o Stat_HTTP_Server.exe "src\\server_stats.o" "src\\stats.o" 
23:01:28 **** Incremental Build of configuration Debug for project Stat_HTTP_Server ****
Info: Internal Builder is used for build
g++ -std=c++1z -O0 -g3 -Wall -c -fmessage-length=0 -o "src\\server_stats.o" "..\\src\\server_stats.cpp" 
..\src\server_stats.cpp: In function 'std::vector<std::basic_string_view<char> > ParseWords(std::string_view)':
..\src\server_stats.cpp:13:12: warning: unused variable 'end' [-Wunused-variable]
     size_t end = line.size() - 1;
            ^~~
g++ -o Stat_HTTP_Server.exe "src\\server_stats.o" "src\\stats.o" 
23:14:58 **** Incremental Build of configuration Debug for project Stat_HTTP_Server ****
Info: Internal Builder is used for build
g++ -std=c++1z -O0 -g3 -Wall -c -fmessage-length=0 -o "src\\stats.o" "..\\src\\stats.cpp" 
..\src\stats.cpp: In function 'HttpRequest ParseRequest(std::string_view)':
..\src\stats.cpp:61:9: warning: unused variable 'end' [-Wunused-variable]
  size_t end = line.size() - 1;
         ^~~
g++ -std=c++1z -O0 -g3 -Wall -c -fmessage-length=0 -o "src\\server_stats.o" "..\\src\\server_stats.cpp" 
g++ -o Stat_HTTP_Server.exe "src\\server_stats.o" "src\\stats.o" 
23:15:15 **** Incremental Build of configuration Debug for project Stat_HTTP_Server ****
Info: Internal Builder is used for build
g++ -std=c++1z -O0 -g3 -Wall -c -fmessage-length=0 -o "src\\stats.o" "..\\src\\stats.cpp" 
..\src\stats.cpp: In function 'HttpRequest ParseRequest(std::string_view)':
..\src\stats.cpp:61:9: warning: unused variable 'end' [-Wunused-variable]
  size_t end = line.size() - 1;
         ^~~
g++ -o Stat_HTTP_Server.exe "src\\server_stats.o" "src\\stats.o" 
23:15:33 **** Incremental Build of configuration Debug for project Stat_HTTP_Server ****
Info: Internal Builder is used for build
g++ -std=c++1z -O0 -g3 -Wall -c -fmessage-length=0 -o "src\\stats.o" "..\\src\\stats.cpp" 
..\src\stats.cpp: In function 'HttpRequest ParseRequest(std::string_view)':
..\src\stats.cpp:61:9: warning: unused variable 'end' [-Wunused-variable]
  size_t end = line.size() - 1;
         ^~~
g++ -o Stat_HTTP_Server.exe "src\\server_stats.o" "src\\stats.o" 
23:16:26 **** Incremental Build of configuration Debug for project Stat_HTTP_Server ****
Info: Internal Builder is used for build
g++ -std=c++1z -O0 -g3 -Wall -c -fmessage-length=0 -o "src\\server_stats.o" "..\\src\\server_stats.cpp" 
g++ -o Stat_HTTP_Server.exe "src\\server_stats.o" "src\\stats.o" 
23:16:47 **** Incremental Build of configuration Debug for project Stat_HTTP_Server ****
Info: Internal Builder is used for build
g++ -std=c++1z -O0 -g3 -Wall -c -fmessage-length=0 -o "src\\server_stats.o" "..\\src\\server_stats.cpp" 
g++ -o Stat_HTTP_Server.exe "src\\server_stats.o" "src\\stats.o" 
23:20:11 **** Incremental Build of configuration Debug for project Stat_HTTP_Server ****
Info: Internal Builder is used for build
g++ -std=c++1z -O0 -g3 -Wall -c -fmessage-length=0 -o "src\\server_stats.o" "..\\src\\server_stats.cpp" 
g++ -std=c++1z -O0 -g3 -Wall -c -fmessage-length=0 -o "src\\stats.o" "..\\src\\stats.cpp" 
..\src\stats.cpp: In function 'HttpRequest ParseRequest(std::string_view)':
..\src\stats.cpp:55:9: warning: unused variable 'end' [-Wunused-variable]
  size_t end = line.size() - 1;
         ^~~
g++ -o Stat_HTTP_Server.exe "src\\server_stats.o" "src\\stats.o" 
23:20:21 **** Incremental Build of configuration Debug for project Stat_HTTP_Server ****
Info: Internal Builder is used for build
g++ -std=c++1z -O0 -g3 -Wall -c -fmessage-length=0 -o "src\\server_stats.o" "..\\src\\server_stats.cpp" 
g++ -o Stat_HTTP_Server.exe "src\\server_stats.o" "src\\stats.o" 
23:20:35 **** Incremental Build of configuration Debug for project Stat_HTTP_Server ****
Info: Internal Builder is used for build
g++ -std=c++1z -O0 -g3 -Wall -c -fmessage-length=0 -o "src\\server_stats.o" "..\\src\\server_stats.cpp" 
g++ -o Stat_HTTP_Server.exe "src\\server_stats.o" "src\\stats.o" 
23:23:06 **** Incremental Build of configuration Debug for project Stat_HTTP_Server ****
Info: Internal Builder is used for build
g++ -std=c++1z -O0 -g3 -Wall -c -fmessage-length=0 -o "src\\server_stats.o" "..\\src\\server_stats.cpp" 
..\src\server_stats.cpp: In function 'int main()':
..\src\server_stats.cpp:124:38: error: no matching function for call to 'std::__cxx11::basic_string<char>::basic_string(std::istringstream&, std::__cxx11::string&)'
     for(string line, getline(is, line)){
                                      ^
In file included from C:/dev/mingw64/mingw64/lib/gcc/x86_64-w64-mingw32/8.1.0/include/c++/string:52,
                 from C:/dev/mingw64/mingw64/lib/gcc/x86_64-w64-mingw32/8.1.0/include/c++/bits/locale_classes.h:40,
                 from C:/dev/mingw64/mingw64/lib/gcc/x86_64-w64-mingw32/8.1.0/include/c++/bits/ios_base.h:41,
                 from C:/dev/mingw64/mingw64/lib/gcc/x86_64-w64-mingw32/8.1.0/include/c++/ios:42,
                 from C:/dev/mingw64/mingw64/lib/gcc/x86_64-w64-mingw32/8.1.0/include/c++/istream:38,
                 from C:/dev/mingw64/mingw64/lib/gcc/x86_64-w64-mingw32/8.1.0/include/c++/sstream:38,
                 from ..\src\test_runner.h:3,
                 from ..\src\server_stats.cpp:1:
C:/dev/mingw64/mingw64/lib/gcc/x86_64-w64-mingw32/8.1.0/include/c++/bits/basic_string.h:639:7: note: candidate: 'std::__cxx11::basic_string<_CharT, _Traits, _Alloc>::basic_string(std::__cxx11::basic_string<_CharT, _Traits, _Alloc>::__sv_wrapper, const _Alloc&) [with _CharT = char; _Traits = std::char_traits<char>; _Alloc = std::allocator<char>]'
       basic_string(__sv_wrapper __svw, const _Alloc& __a)
       ^~~~~~~~~~~~
C:/dev/mingw64/mingw64/lib/gcc/x86_64-w64-mingw32/8.1.0/include/c++/bits/basic_string.h:639:7: note:   no known conversion for argument 1 from 'std::istringstream' {aka 'std::__cxx11::basic_istringstream<char>'} to 'std::__cxx11::basic_string<char>::__sv_wrapper'
C:/dev/mingw64/mingw64/lib/gcc/x86_64-w64-mingw32/8.1.0/include/c++/bits/basic_string.h:629:2: note: candidate: 'template<class _Tp, class> std::__cxx11::basic_string<_CharT, _Traits, _Alloc>::basic_string(const _Tp&, const _Alloc&)'
  basic_string(const _Tp& __t, const _Alloc& __a = _Alloc())
  ^~~~~~~~~~~~
C:/dev/mingw64/mingw64/lib/gcc/x86_64-w64-mingw32/8.1.0/include/c++/bits/basic_string.h:629:2: note:   template argument deduction/substitution failed:
..\src\server_stats.cpp:124:38: note:   cannot convert 'line' (type 'std::__cxx11::string' {aka 'std::__cxx11::basic_string<char>'}) to type 'const std::allocator<char>&'
     for(string line, getline(is, line)){
                                      ^
In file included from C:/dev/mingw64/mingw64/lib/gcc/x86_64-w64-mingw32/8.1.0/include/c++/string:52,
                 from C:/dev/mingw64/mingw64/lib/gcc/x86_64-w64-mingw32/8.1.0/include/c++/bits/locale_classes.h:40,
                 from C:/dev/mingw64/mingw64/lib/gcc/x86_64-w64-mingw32/8.1.0/include/c++/bits/ios_base.h:41,
                 from C:/dev/mingw64/mingw64/lib/gcc/x86_64-w64-mingw32/8.1.0/include/c++/ios:42,
                 from C:/dev/mingw64/mingw64/lib/gcc/x86_64-w64-mingw32/8.1.0/include/c++/istream:38,
                 from C:/dev/mingw64/mingw64/lib/gcc/x86_64-w64-mingw32/8.1.0/include/c++/sstream:38,
                 from ..\src\test_runner.h:3,
                 from ..\src\server_stats.cpp:1:
C:/dev/mingw64/mingw64/lib/gcc/x86_64-w64-mingw32/8.1.0/include/c++/bits/basic_string.h:618:2: note: candidate: 'template<class _Tp, class> std::__cxx11::basic_string<_CharT, _Traits, _Alloc>::basic_string(const _Tp&, std::__cxx11::basic_string<_CharT, _Traits, _Alloc>::size_type, std::__cxx11::basic_string<_CharT, _Traits, _Alloc>::size_type, const _Alloc&)'
  basic_string(const _Tp& __t, size_type __pos, size_type __n,
  ^~~~~~~~~~~~
C:/dev/mingw64/mingw64/lib/gcc/x86_64-w64-mingw32/8.1.0/include/c++/bits/basic_string.h:618:2: note:   template argument deduction/substitution failed:
..\src\server_stats.cpp:124:38: note:   candidate expects 4 arguments, 2 provided
     for(string line, getline(is, line)){
                                      ^
In file included from C:/dev/mingw64/mingw64/lib/gcc/x86_64-w64-mingw32/8.1.0/include/c++/string:52,
                 from C:/dev/mingw64/mingw64/lib/gcc/x86_64-w64-mingw32/8.1.0/include/c++/bits/locale_classes.h:40,
                 from C:/dev/mingw64/mingw64/lib/gcc/x86_64-w64-mingw32/8.1.0/include/c++/bits/ios_base.h:41,
                 from C:/dev/mingw64/mingw64/lib/gcc/x86_64-w64-mingw32/8.1.0/include/c++/ios:42,
                 from C:/dev/mingw64/mingw64/lib/gcc/x86_64-w64-mingw32/8.1.0/include/c++/istream:38,
                 from C:/dev/mingw64/mingw64/lib/gcc/x86_64-w64-mingw32/8.1.0/include/c++/sstream:38,
                 from ..\src\test_runner.h:3,
                 from ..\src\server_stats.cpp:1:
C:/dev/mingw64/mingw64/lib/gcc/x86_64-w64-mingw32/8.1.0/include/c++/bits/basic_string.h:604:9: note: candidate: 'template<class _InputIterator, class> std::__cxx11::basic_string<_CharT, _Traits, _Alloc>::basic_string(_InputIterator, _InputIterator, const _Alloc&)'
         basic_string(_InputIterator __beg, _InputIterator __end,
         ^~~~~~~~~~~~
C:/dev/mingw64/mingw64/lib/gcc/x86_64-w64-mingw32/8.1.0/include/c++/bits/basic_string.h:604:9: note:   template argument deduction/substitution failed:
..\src\server_stats.cpp:124:38: note:   deduced conflicting types for parameter '_InputIterator' ('std::__cxx11::basic_istringstream<char>' and 'std::__cxx11::basic_string<char>')
     for(string line, getline(is, line)){
                                      ^
In file included from C:/dev/mingw64/mingw64/lib/gcc/x86_64-w64-mingw32/8.1.0/include/c++/string:52,
                 from C:/dev/mingw64/mingw64/lib/gcc/x86_64-w64-mingw32/8.1.0/include/c++/bits/locale_classes.h:40,
                 from C:/dev/mingw64/mingw64/lib/gcc/x86_64-w64-mingw32/8.1.0/include/c++/bits/ios_base.h:41,
                 from C:/dev/mingw64/mingw64/lib/gcc/x86_64-w64-mingw32/8.1.0/include/c++/ios:42,
                 from C:/dev/mingw64/mingw64/lib/gcc/x86_64-w64-mingw32/8.1.0/include/c++/istream:38,
                 from C:/dev/mingw64/mingw64/lib/gcc/x86_64-w64-mingw32/8.1.0/include/c++/sstream:38,
                 from ..\src\test_runner.h:3,
                 from ..\src\server_stats.cpp:1:
C:/dev/mingw64/mingw64/lib/gcc/x86_64-w64-mingw32/8.1.0/include/c++/bits/basic_string.h:566:7: note: candidate: 'std::__cxx11::basic_string<_CharT, _Traits, _Alloc>::basic_string(std::__cxx11::basic_string<_CharT, _Traits, _Alloc>&&, const _Alloc&) [with _CharT = char; _Traits = std::char_traits<char>; _Alloc = std::allocator<char>]'
       basic_string(basic_string&& __str, const _Alloc& __a)
       ^~~~~~~~~~~~
C:/dev/mingw64/mingw64/lib/gcc/x86_64-w64-mingw32/8.1.0/include/c++/bits/basic_string.h:566:7: note:   no known conversion for argument 1 from 'std::istringstream' {aka 'std::__cxx11::basic_istringstream<char>'} to 'std::__cxx11::basic_string<char>&&'
C:/dev/mingw64/mingw64/lib/gcc/x86_64-w64-mingw32/8.1.0/include/c++/bits/basic_string.h:562:7: note: candidate: 'std::__cxx11::basic_string<_CharT, _Traits, _Alloc>::basic_string(const std::__cxx11::basic_string<_CharT, _Traits, _Alloc>&, const _Alloc&) [with _CharT = char; _Traits = std::char_traits<char>; _Alloc = std::allocator<char>]'
       basic_string(const basic_string& __str, const _Alloc& __a)
       ^~~~~~~~~~~~
C:/dev/mingw64/mingw64/lib/gcc/x86_64-w64-mingw32/8.1.0/include/c++/bits/basic_string.h:562:7: note:   no known conversion for argument 1 from 'std::istringstream' {aka 'std::__cxx11::basic_istringstream<char>'} to 'const std::__cxx11::basic_string<char>&'
C:/dev/mingw64/mingw64/lib/gcc/x86_64-w64-mingw32/8.1.0/include/c++/bits/basic_string.h:558:7: note: candidate: 'std::__cxx11::basic_string<_CharT, _Traits, _Alloc>::basic_string(std::initializer_list<_Tp>, const _Alloc&) [with _CharT = char; _Traits = std::char_traits<char>; _Alloc = std::allocator<char>]'
       basic_string(initializer_list<_CharT> __l, const _Alloc& __a = _Alloc())
       ^~~~~~~~~~~~
C:/dev/mingw64/mingw64/lib/gcc/x86_64-w64-mingw32/8.1.0/include/c++/bits/basic_string.h:558:7: note:   no known conversion for argument 1 from 'std::istringstream' {aka 'std::__cxx11::basic_istringstream<char>'} to 'std::initializer_list<char>'
C:/dev/mingw64/mingw64/lib/gcc/x86_64-w64-mingw32/8.1.0/include/c++/bits/basic_string.h:531:7: note: candidate: 'std::__cxx11::basic_string<_CharT, _Traits, _Alloc>::basic_string(std::__cxx11::basic_string<_CharT, _Traits, _Alloc>&&) [with _CharT = char; _Traits = std::char_traits<char>; _Alloc = std::allocator<char>]'
       basic_string(basic_string&& __str) noexcept
       ^~~~~~~~~~~~
C:/dev/mingw64/mingw64/lib/gcc/x86_64-w64-mingw32/8.1.0/include/c++/bits/basic_string.h:531:7: note:   candidate expects 1 argument, 2 provided
C:/dev/mingw64/mingw64/lib/gcc/x86_64-w64-mingw32/8.1.0/include/c++/bits/basic_string.h:519:7: note: candidate: 'std::__cxx11::basic_string<_CharT, _Traits, _Alloc>::basic_string(std::__cxx11::basic_string<_CharT, _Traits, _Alloc>::size_type, _CharT, const _Alloc&) [with _CharT = char; _Traits = std::char_traits<char>; _Alloc = std::allocator<char>; std::__cxx11::basic_string<_CharT, _Traits, _Alloc>::size_type = long long unsigned int]'
       basic_string(size_type __n, _CharT __c, const _Alloc& __a = _Alloc())
       ^~~~~~~~~~~~
C:/dev/mingw64/mingw64/lib/gcc/x86_64-w64-mingw32/8.1.0/include/c++/bits/basic_string.h:519:7: note:   no known conversion for argument 1 from 'std::istringstream' {aka 'std::__cxx11::basic_istringstream<char>'} to 'std::__cxx11::basic_string<char>::size_type' {aka 'long long unsigned int'}
C:/dev/mingw64/mingw64/lib/gcc/x86_64-w64-mingw32/8.1.0/include/c++/bits/basic_string.h:509:7: note: candidate: 'std::__cxx11::basic_string<_CharT, _Traits, _Alloc>::basic_string(const _CharT*, const _Alloc&) [with _CharT = char; _Traits = std::char_traits<char>; _Alloc = std::allocator<char>]'
       basic_string(const _CharT* __s, const _Alloc& __a = _Alloc())
       ^~~~~~~~~~~~
C:/dev/mingw64/mingw64/lib/gcc/x86_64-w64-mingw32/8.1.0/include/c++/bits/basic_string.h:509:7: note:   no known conversion for argument 1 from 'std::istringstream' {aka 'std::__cxx11::basic_istringstream<char>'} to 'const char*'
C:/dev/mingw64/mingw64/lib/gcc/x86_64-w64-mingw32/8.1.0/include/c++/bits/basic_string.h:499:7: note: candidate: 'std::__cxx11::basic_string<_CharT, _Traits, _Alloc>::basic_string(const _CharT*, std::__cxx11::basic_string<_CharT, _Traits, _Alloc>::size_type, const _Alloc&) [with _CharT = char; _Traits = std::char_traits<char>; _Alloc = std::allocator<char>; std::__cxx11::basic_string<_CharT, _Traits, _Alloc>::size_type = long long unsigned int]'
       basic_string(const _CharT* __s, size_type __n,
       ^~~~~~~~~~~~
C:/dev/mingw64/mingw64/lib/gcc/x86_64-w64-mingw32/8.1.0/include/c++/bits/basic_string.h:499:7: note:   no known conversion for argument 1 from 'std::istringstream' {aka 'std::__cxx11::basic_istringstream<char>'} to 'const char*'
C:/dev/mingw64/mingw64/lib/gcc/x86_64-w64-mingw32/8.1.0/include/c++/bits/basic_string.h:481:7: note: candidate: 'std::__cxx11::basic_string<_CharT, _Traits, _Alloc>::basic_string(const std::__cxx11::basic_string<_CharT, _Traits, _Alloc>&, std::__cxx11::basic_string<_CharT, _Traits, _Alloc>::size_type, std::__cxx11::basic_string<_CharT, _Traits, _Alloc>::size_type, const _Alloc&) [with _CharT = char; _Traits = std::char_traits<char>; _Alloc = std::allocator<char>; std::__cxx11::basic_string<_CharT, _Traits, _Alloc>::size_type = long long unsigned int]'
       basic_string(const basic_string& __str, size_type __pos,
       ^~~~~~~~~~~~
C:/dev/mingw64/mingw64/lib/gcc/x86_64-w64-mingw32/8.1.0/include/c++/bits/basic_string.h:481:7: note:   candidate expects 4 arguments, 2 provided
C:/dev/mingw64/mingw64/lib/gcc/x86_64-w64-mingw32/8.1.0/include/c++/bits/basic_string.h:465:7: note: candidate: 'std::__cxx11::basic_string<_CharT, _Traits, _Alloc>::basic_string(const std::__cxx11::basic_string<_CharT, _Traits, _Alloc>&, std::__cxx11::basic_string<_CharT, _Traits, _Alloc>::size_type, std::__cxx11::basic_string<_CharT, _Traits, _Alloc>::size_type) [with _CharT = char; _Traits = std::char_traits<char>; _Alloc = std::allocator<char>; std::__cxx11::basic_string<_CharT, _Traits, _Alloc>::size_type = long long unsigned int]'
       basic_string(const basic_string& __str, size_type __pos,
       ^~~~~~~~~~~~
C:/dev/mingw64/mingw64/lib/gcc/x86_64-w64-mingw32/8.1.0/include/c++/bits/basic_string.h:465:7: note:   candidate expects 3 arguments, 2 provided
C:/dev/mingw64/mingw64/lib/gcc/x86_64-w64-mingw32/8.1.0/include/c++/bits/basic_string.h:450:7: note: candidate: 'std::__cxx11::basic_string<_CharT, _Traits, _Alloc>::basic_string(const std::__cxx11::basic_string<_CharT, _Traits, _Alloc>&, std::__cxx11::basic_string<_CharT, _Traits, _Alloc>::size_type, const _Alloc&) [with _CharT = char; _Traits = std::char_traits<char>; _Alloc = std::allocator<char>; std::__cxx11::basic_string<_CharT, _Traits, _Alloc>::size_type = long long unsigned int]'
       basic_string(const basic_string& __str, size_type __pos,
       ^~~~~~~~~~~~
C:/dev/mingw64/mingw64/lib/gcc/x86_64-w64-mingw32/8.1.0/include/c++/bits/basic_string.h:450:7: note:   no known conversion for argument 1 from 'std::istringstream' {aka 'std::__cxx11::basic_istringstream<char>'} to 'const std::__cxx11::basic_string<char>&'
C:/dev/mingw64/mingw64/lib/gcc/x86_64-w64-mingw32/8.1.0/include/c++/bits/basic_string.h:437:7: note: candidate: 'std::__cxx11::basic_string<_CharT, _Traits, _Alloc>::basic_string(const std::__cxx11::basic_string<_CharT, _Traits, _Alloc>&) [with _CharT = char; _Traits = std::char_traits<char>; _Alloc = std::allocator<char>]'
       basic_string(const basic_string& __str)
       ^~~~~~~~~~~~
C:/dev/mingw64/mingw64/lib/gcc/x86_64-w64-mingw32/8.1.0/include/c++/bits/basic_string.h:437:7: note:   candidate expects 1 argument, 2 provided
C:/dev/mingw64/mingw64/lib/gcc/x86_64-w64-mingw32/8.1.0/include/c++/bits/basic_string.h:429:7: note: candidate: 'std::__cxx11::basic_string<_CharT, _Traits, _Alloc>::basic_string(const _Alloc&) [with _CharT = char; _Traits = std::char_traits<char>; _Alloc = std::allocator<char>]'
       basic_string(const _Alloc& __a) _GLIBCXX_NOEXCEPT
       ^~~~~~~~~~~~
C:/dev/mingw64/mingw64/lib/gcc/x86_64-w64-mingw32/8.1.0/include/c++/bits/basic_string.h:429:7: note:   candidate expects 1 argument, 2 provided
C:/dev/mingw64/mingw64/lib/gcc/x86_64-w64-mingw32/8.1.0/include/c++/bits/basic_string.h:420:7: note: candidate: 'std::__cxx11::basic_string<_CharT, _Traits, _Alloc>::basic_string() [with _CharT = char; _Traits = std::char_traits<char>; _Alloc = std::allocator<char>]'
       basic_string()
       ^~~~~~~~~~~~
C:/dev/mingw64/mingw64/lib/gcc/x86_64-w64-mingw32/8.1.0/include/c++/bits/basic_string.h:420:7: note:   candidate expects 0 arguments, 2 provided
..\src\server_stats.cpp:124:39: error: expected ';' before ')' token
     for(string line, getline(is, line)){
                                       ^
                                       ;
..\src\server_stats.cpp:124:39: error: expected primary-expression before ')' token
..\src\server_stats.cpp:124:39: error: expected ';' before ')' token
     for(string line, getline(is, line)){
                                       ^
                                       ;
23:23:33 **** Incremental Build of configuration Debug for project Stat_HTTP_Server ****
Info: Internal Builder is used for build
g++ -std=c++1z -O0 -g3 -Wall -c -fmessage-length=0 -o "src\\server_stats.o" "..\\src\\server_stats.cpp" 
..\src\server_stats.cpp: In function 'int main()':
..\src\server_stats.cpp:124:38: error: no matching function for call to 'std::__cxx11::basic_string<char>::basic_string(std::istringstream&, std::__cxx11::string&)'
     for(string line, getline(is, line); ){
                                      ^
In file included from C:/dev/mingw64/mingw64/lib/gcc/x86_64-w64-mingw32/8.1.0/include/c++/string:52,
                 from C:/dev/mingw64/mingw64/lib/gcc/x86_64-w64-mingw32/8.1.0/include/c++/bits/locale_classes.h:40,
                 from C:/dev/mingw64/mingw64/lib/gcc/x86_64-w64-mingw32/8.1.0/include/c++/bits/ios_base.h:41,
                 from C:/dev/mingw64/mingw64/lib/gcc/x86_64-w64-mingw32/8.1.0/include/c++/ios:42,
                 from C:/dev/mingw64/mingw64/lib/gcc/x86_64-w64-mingw32/8.1.0/include/c++/istream:38,
                 from C:/dev/mingw64/mingw64/lib/gcc/x86_64-w64-mingw32/8.1.0/include/c++/sstream:38,
                 from ..\src\test_runner.h:3,
                 from ..\src\server_stats.cpp:1:
C:/dev/mingw64/mingw64/lib/gcc/x86_64-w64-mingw32/8.1.0/include/c++/bits/basic_string.h:639:7: note: candidate: 'std::__cxx11::basic_string<_CharT, _Traits, _Alloc>::basic_string(std::__cxx11::basic_string<_CharT, _Traits, _Alloc>::__sv_wrapper, const _Alloc&) [with _CharT = char; _Traits = std::char_traits<char>; _Alloc = std::allocator<char>]'
       basic_string(__sv_wrapper __svw, const _Alloc& __a)
       ^~~~~~~~~~~~
C:/dev/mingw64/mingw64/lib/gcc/x86_64-w64-mingw32/8.1.0/include/c++/bits/basic_string.h:639:7: note:   no known conversion for argument 1 from 'std::istringstream' {aka 'std::__cxx11::basic_istringstream<char>'} to 'std::__cxx11::basic_string<char>::__sv_wrapper'
C:/dev/mingw64/mingw64/lib/gcc/x86_64-w64-mingw32/8.1.0/include/c++/bits/basic_string.h:629:2: note: candidate: 'template<class _Tp, class> std::__cxx11::basic_string<_CharT, _Traits, _Alloc>::basic_string(const _Tp&, const _Alloc&)'
  basic_string(const _Tp& __t, const _Alloc& __a = _Alloc())
  ^~~~~~~~~~~~
C:/dev/mingw64/mingw64/lib/gcc/x86_64-w64-mingw32/8.1.0/include/c++/bits/basic_string.h:629:2: note:   template argument deduction/substitution failed:
..\src\server_stats.cpp:124:38: note:   cannot convert 'line' (type 'std::__cxx11::string' {aka 'std::__cxx11::basic_string<char>'}) to type 'const std::allocator<char>&'
     for(string line, getline(is, line); ){
                                      ^
In file included from C:/dev/mingw64/mingw64/lib/gcc/x86_64-w64-mingw32/8.1.0/include/c++/string:52,
                 from C:/dev/mingw64/mingw64/lib/gcc/x86_64-w64-mingw32/8.1.0/include/c++/bits/locale_classes.h:40,
                 from C:/dev/mingw64/mingw64/lib/gcc/x86_64-w64-mingw32/8.1.0/include/c++/bits/ios_base.h:41,
                 from C:/dev/mingw64/mingw64/lib/gcc/x86_64-w64-mingw32/8.1.0/include/c++/ios:42,
                 from C:/dev/mingw64/mingw64/lib/gcc/x86_64-w64-mingw32/8.1.0/include/c++/istream:38,
                 from C:/dev/mingw64/mingw64/lib/gcc/x86_64-w64-mingw32/8.1.0/include/c++/sstream:38,
                 from ..\src\test_runner.h:3,
                 from ..\src\server_stats.cpp:1:
C:/dev/mingw64/mingw64/lib/gcc/x86_64-w64-mingw32/8.1.0/include/c++/bits/basic_string.h:618:2: note: candidate: 'template<class _Tp, class> std::__cxx11::basic_string<_CharT, _Traits, _Alloc>::basic_string(const _Tp&, std::__cxx11::basic_string<_CharT, _Traits, _Alloc>::size_type, std::__cxx11::basic_string<_CharT, _Traits, _Alloc>::size_type, const _Alloc&)'
  basic_string(const _Tp& __t, size_type __pos, size_type __n,
  ^~~~~~~~~~~~
C:/dev/mingw64/mingw64/lib/gcc/x86_64-w64-mingw32/8.1.0/include/c++/bits/basic_string.h:618:2: note:   template argument deduction/substitution failed:
..\src\server_stats.cpp:124:38: note:   candidate expects 4 arguments, 2 provided
     for(string line, getline(is, line); ){
                                      ^
In file included from C:/dev/mingw64/mingw64/lib/gcc/x86_64-w64-mingw32/8.1.0/include/c++/string:52,
                 from C:/dev/mingw64/mingw64/lib/gcc/x86_64-w64-mingw32/8.1.0/include/c++/bits/locale_classes.h:40,
                 from C:/dev/mingw64/mingw64/lib/gcc/x86_64-w64-mingw32/8.1.0/include/c++/bits/ios_base.h:41,
                 from C:/dev/mingw64/mingw64/lib/gcc/x86_64-w64-mingw32/8.1.0/include/c++/ios:42,
                 from C:/dev/mingw64/mingw64/lib/gcc/x86_64-w64-mingw32/8.1.0/include/c++/istream:38,
                 from C:/dev/mingw64/mingw64/lib/gcc/x86_64-w64-mingw32/8.1.0/include/c++/sstream:38,
                 from ..\src\test_runner.h:3,
                 from ..\src\server_stats.cpp:1:
C:/dev/mingw64/mingw64/lib/gcc/x86_64-w64-mingw32/8.1.0/include/c++/bits/basic_string.h:604:9: note: candidate: 'template<class _InputIterator, class> std::__cxx11::basic_string<_CharT, _Traits, _Alloc>::basic_string(_InputIterator, _InputIterator, const _Alloc&)'
         basic_string(_InputIterator __beg, _InputIterator __end,
         ^~~~~~~~~~~~
C:/dev/mingw64/mingw64/lib/gcc/x86_64-w64-mingw32/8.1.0/include/c++/bits/basic_string.h:604:9: note:   template argument deduction/substitution failed:
..\src\server_stats.cpp:124:38: note:   deduced conflicting types for parameter '_InputIterator' ('std::__cxx11::basic_istringstream<char>' and 'std::__cxx11::basic_string<char>')
     for(string line, getline(is, line); ){
                                      ^
In file included from C:/dev/mingw64/mingw64/lib/gcc/x86_64-w64-mingw32/8.1.0/include/c++/string:52,
                 from C:/dev/mingw64/mingw64/lib/gcc/x86_64-w64-mingw32/8.1.0/include/c++/bits/locale_classes.h:40,
                 from C:/dev/mingw64/mingw64/lib/gcc/x86_64-w64-mingw32/8.1.0/include/c++/bits/ios_base.h:41,
                 from C:/dev/mingw64/mingw64/lib/gcc/x86_64-w64-mingw32/8.1.0/include/c++/ios:42,
                 from C:/dev/mingw64/mingw64/lib/gcc/x86_64-w64-mingw32/8.1.0/include/c++/istream:38,
                 from C:/dev/mingw64/mingw64/lib/gcc/x86_64-w64-mingw32/8.1.0/include/c++/sstream:38,
                 from ..\src\test_runner.h:3,
                 from ..\src\server_stats.cpp:1:
C:/dev/mingw64/mingw64/lib/gcc/x86_64-w64-mingw32/8.1.0/include/c++/bits/basic_string.h:566:7: note: candidate: 'std::__cxx11::basic_string<_CharT, _Traits, _Alloc>::basic_string(std::__cxx11::basic_string<_CharT, _Traits, _Alloc>&&, const _Alloc&) [with _CharT = char; _Traits = std::char_traits<char>; _Alloc = std::allocator<char>]'
       basic_string(basic_string&& __str, const _Alloc& __a)
       ^~~~~~~~~~~~
C:/dev/mingw64/mingw64/lib/gcc/x86_64-w64-mingw32/8.1.0/include/c++/bits/basic_string.h:566:7: note:   no known conversion for argument 1 from 'std::istringstream' {aka 'std::__cxx11::basic_istringstream<char>'} to 'std::__cxx11::basic_string<char>&&'
C:/dev/mingw64/mingw64/lib/gcc/x86_64-w64-mingw32/8.1.0/include/c++/bits/basic_string.h:562:7: note: candidate: 'std::__cxx11::basic_string<_CharT, _Traits, _Alloc>::basic_string(const std::__cxx11::basic_string<_CharT, _Traits, _Alloc>&, const _Alloc&) [with _CharT = char; _Traits = std::char_traits<char>; _Alloc = std::allocator<char>]'
       basic_string(const basic_string& __str, const _Alloc& __a)
       ^~~~~~~~~~~~
C:/dev/mingw64/mingw64/lib/gcc/x86_64-w64-mingw32/8.1.0/include/c++/bits/basic_string.h:562:7: note:   no known conversion for argument 1 from 'std::istringstream' {aka 'std::__cxx11::basic_istringstream<char>'} to 'const std::__cxx11::basic_string<char>&'
C:/dev/mingw64/mingw64/lib/gcc/x86_64-w64-mingw32/8.1.0/include/c++/bits/basic_string.h:558:7: note: candidate: 'std::__cxx11::basic_string<_CharT, _Traits, _Alloc>::basic_string(std::initializer_list<_Tp>, const _Alloc&) [with _CharT = char; _Traits = std::char_traits<char>; _Alloc = std::allocator<char>]'
       basic_string(initializer_list<_CharT> __l, const _Alloc& __a = _Alloc())
       ^~~~~~~~~~~~
C:/dev/mingw64/mingw64/lib/gcc/x86_64-w64-mingw32/8.1.0/include/c++/bits/basic_string.h:558:7: note:   no known conversion for argument 1 from 'std::istringstream' {aka 'std::__cxx11::basic_istringstream<char>'} to 'std::initializer_list<char>'
C:/dev/mingw64/mingw64/lib/gcc/x86_64-w64-mingw32/8.1.0/include/c++/bits/basic_string.h:531:7: note: candidate: 'std::__cxx11::basic_string<_CharT, _Traits, _Alloc>::basic_string(std::__cxx11::basic_string<_CharT, _Traits, _Alloc>&&) [with _CharT = char; _Traits = std::char_traits<char>; _Alloc = std::allocator<char>]'
       basic_string(basic_string&& __str) noexcept
       ^~~~~~~~~~~~
C:/dev/mingw64/mingw64/lib/gcc/x86_64-w64-mingw32/8.1.0/include/c++/bits/basic_string.h:531:7: note:   candidate expects 1 argument, 2 provided
C:/dev/mingw64/mingw64/lib/gcc/x86_64-w64-mingw32/8.1.0/include/c++/bits/basic_string.h:519:7: note: candidate: 'std::__cxx11::basic_string<_CharT, _Traits, _Alloc>::basic_string(std::__cxx11::basic_string<_CharT, _Traits, _Alloc>::size_type, _CharT, const _Alloc&) [with _CharT = char; _Traits = std::char_traits<char>; _Alloc = std::allocator<char>; std::__cxx11::basic_string<_CharT, _Traits, _Alloc>::size_type = long long unsigned int]'
       basic_string(size_type __n, _CharT __c, const _Alloc& __a = _Alloc())
       ^~~~~~~~~~~~
C:/dev/mingw64/mingw64/lib/gcc/x86_64-w64-mingw32/8.1.0/include/c++/bits/basic_string.h:519:7: note:   no known conversion for argument 1 from 'std::istringstream' {aka 'std::__cxx11::basic_istringstream<char>'} to 'std::__cxx11::basic_string<char>::size_type' {aka 'long long unsigned int'}
C:/dev/mingw64/mingw64/lib/gcc/x86_64-w64-mingw32/8.1.0/include/c++/bits/basic_string.h:509:7: note: candidate: 'std::__cxx11::basic_string<_CharT, _Traits, _Alloc>::basic_string(const _CharT*, const _Alloc&) [with _CharT = char; _Traits = std::char_traits<char>; _Alloc = std::allocator<char>]'
       basic_string(const _CharT* __s, const _Alloc& __a = _Alloc())
       ^~~~~~~~~~~~
C:/dev/mingw64/mingw64/lib/gcc/x86_64-w64-mingw32/8.1.0/include/c++/bits/basic_string.h:509:7: note:   no known conversion for argument 1 from 'std::istringstream' {aka 'std::__cxx11::basic_istringstream<char>'} to 'const char*'
C:/dev/mingw64/mingw64/lib/gcc/x86_64-w64-mingw32/8.1.0/include/c++/bits/basic_string.h:499:7: note: candidate: 'std::__cxx11::basic_string<_CharT, _Traits, _Alloc>::basic_string(const _CharT*, std::__cxx11::basic_string<_CharT, _Traits, _Alloc>::size_type, const _Alloc&) [with _CharT = char; _Traits = std::char_traits<char>; _Alloc = std::allocator<char>; std::__cxx11::basic_string<_CharT, _Traits, _Alloc>::size_type = long long unsigned int]'
       basic_string(const _CharT* __s, size_type __n,
       ^~~~~~~~~~~~
C:/dev/mingw64/mingw64/lib/gcc/x86_64-w64-mingw32/8.1.0/include/c++/bits/basic_string.h:499:7: note:   no known conversion for argument 1 from 'std::istringstream' {aka 'std::__cxx11::basic_istringstream<char>'} to 'const char*'
C:/dev/mingw64/mingw64/lib/gcc/x86_64-w64-mingw32/8.1.0/include/c++/bits/basic_string.h:481:7: note: candidate: 'std::__cxx11::basic_string<_CharT, _Traits, _Alloc>::basic_string(const std::__cxx11::basic_string<_CharT, _Traits, _Alloc>&, std::__cxx11::basic_string<_CharT, _Traits, _Alloc>::size_type, std::__cxx11::basic_string<_CharT, _Traits, _Alloc>::size_type, const _Alloc&) [with _CharT = char; _Traits = std::char_traits<char>; _Alloc = std::allocator<char>; std::__cxx11::basic_string<_CharT, _Traits, _Alloc>::size_type = long long unsigned int]'
       basic_string(const basic_string& __str, size_type __pos,
       ^~~~~~~~~~~~
C:/dev/mingw64/mingw64/lib/gcc/x86_64-w64-mingw32/8.1.0/include/c++/bits/basic_string.h:481:7: note:   candidate expects 4 arguments, 2 provided
C:/dev/mingw64/mingw64/lib/gcc/x86_64-w64-mingw32/8.1.0/include/c++/bits/basic_string.h:465:7: note: candidate: 'std::__cxx11::basic_string<_CharT, _Traits, _Alloc>::basic_string(const std::__cxx11::basic_string<_CharT, _Traits, _Alloc>&, std::__cxx11::basic_string<_CharT, _Traits, _Alloc>::size_type, std::__cxx11::basic_string<_CharT, _Traits, _Alloc>::size_type) [with _CharT = char; _Traits = std::char_traits<char>; _Alloc = std::allocator<char>; std::__cxx11::basic_string<_CharT, _Traits, _Alloc>::size_type = long long unsigned int]'
       basic_string(const basic_string& __str, size_type __pos,
       ^~~~~~~~~~~~
C:/dev/mingw64/mingw64/lib/gcc/x86_64-w64-mingw32/8.1.0/include/c++/bits/basic_string.h:465:7: note:   candidate expects 3 arguments, 2 provided
C:/dev/mingw64/mingw64/lib/gcc/x86_64-w64-mingw32/8.1.0/include/c++/bits/basic_string.h:450:7: note: candidate: 'std::__cxx11::basic_string<_CharT, _Traits, _Alloc>::basic_string(const std::__cxx11::basic_string<_CharT, _Traits, _Alloc>&, std::__cxx11::basic_string<_CharT, _Traits, _Alloc>::size_type, const _Alloc&) [with _CharT = char; _Traits = std::char_traits<char>; _Alloc = std::allocator<char>; std::__cxx11::basic_string<_CharT, _Traits, _Alloc>::size_type = long long unsigned int]'
       basic_string(const basic_string& __str, size_type __pos,
       ^~~~~~~~~~~~
C:/dev/mingw64/mingw64/lib/gcc/x86_64-w64-mingw32/8.1.0/include/c++/bits/basic_string.h:450:7: note:   no known conversion for argument 1 from 'std::istringstream' {aka 'std::__cxx11::basic_istringstream<char>'} to 'const std::__cxx11::basic_string<char>&'
C:/dev/mingw64/mingw64/lib/gcc/x86_64-w64-mingw32/8.1.0/include/c++/bits/basic_string.h:437:7: note: candidate: 'std::__cxx11::basic_string<_CharT, _Traits, _Alloc>::basic_string(const std::__cxx11::basic_string<_CharT, _Traits, _Alloc>&) [with _CharT = char; _Traits = std::char_traits<char>; _Alloc = std::allocator<char>]'
       basic_string(const basic_string& __str)
       ^~~~~~~~~~~~
C:/dev/mingw64/mingw64/lib/gcc/x86_64-w64-mingw32/8.1.0/include/c++/bits/basic_string.h:437:7: note:   candidate expects 1 argument, 2 provided
C:/dev/mingw64/mingw64/lib/gcc/x86_64-w64-mingw32/8.1.0/include/c++/bits/basic_string.h:429:7: note: candidate: 'std::__cxx11::basic_string<_CharT, _Traits, _Alloc>::basic_string(const _Alloc&) [with _CharT = char; _Traits = std::char_traits<char>; _Alloc = std::allocator<char>]'
       basic_string(const _Alloc& __a) _GLIBCXX_NOEXCEPT
       ^~~~~~~~~~~~
C:/dev/mingw64/mingw64/lib/gcc/x86_64-w64-mingw32/8.1.0/include/c++/bits/basic_string.h:429:7: note:   candidate expects 1 argument, 2 provided
C:/dev/mingw64/mingw64/lib/gcc/x86_64-w64-mingw32/8.1.0/include/c++/bits/basic_string.h:420:7: note: candidate: 'std::__cxx11::basic_string<_CharT, _Traits, _Alloc>::basic_string() [with _CharT = char; _Traits = std::char_traits<char>; _Alloc = std::allocator<char>]'
       basic_string()
       ^~~~~~~~~~~~
C:/dev/mingw64/mingw64/lib/gcc/x86_64-w64-mingw32/8.1.0/include/c++/bits/basic_string.h:420:7: note:   candidate expects 0 arguments, 2 provided
..\src\server_stats.cpp:124:41: error: expected primary-expression before ')' token
     for(string line, getline(is, line); ){
                                         ^
..\src\server_stats.cpp:124:40: error: expected ';' before ')' token
     for(string line, getline(is, line); ){
                                        ^~
                                        ;
23:23:45 **** Incremental Build of configuration Debug for project Stat_HTTP_Server ****
Info: Internal Builder is used for build
g++ -std=c++1z -O0 -g3 -Wall -c -fmessage-length=0 -o "src\\server_stats.o" "..\\src\\server_stats.cpp" 
g++ -o Stat_HTTP_Server.exe "src\\server_stats.o" "src\\stats.o" 
23:28:57 **** Incremental Build of configuration Debug for project Stat_HTTP_Server ****
Info: Internal Builder is used for build
g++ -std=c++1z -O0 -g3 -Wall -c -fmessage-length=0 -o "src\\server_stats.o" "..\\src\\server_stats.cpp" 
g++ -std=c++1z -O0 -g3 -Wall -c -fmessage-length=0 -o "src\\stats.o" "..\\src\\stats.cpp" 
..\src\stats.cpp: In function 'HttpRequest ParseRequest(std::string_view)':
..\src\stats.cpp:56:9: warning: unused variable 'end' [-Wunused-variable]
  size_t end = line.size() - 1;
         ^~~
g++ -o Stat_HTTP_Server.exe "src\\server_stats.o" "src\\stats.o" 
23:30:06 **** Incremental Build of configuration Debug for project Stat_HTTP_Server ****
Info: Internal Builder is used for build
g++ -std=c++1z -O0 -g3 -Wall -c -fmessage-length=0 -o "src\\stats.o" "..\\src\\stats.cpp" 
..\src\stats.cpp: In function 'HttpRequest ParseRequest(std::string_view)':
..\src\stats.cpp:51:9: warning: unused variable 'end' [-Wunused-variable]
  size_t end = line.size() - 1;
         ^~~
g++ -o Stat_HTTP_Server.exe "src\\server_stats.o" "src\\stats.o" 
23:31:56 **** Incremental Build of configuration Debug for project Stat_HTTP_Server ****
Info: Internal Builder is used for build
g++ -std=c++1z -O0 -g3 -Wall -c -fmessage-length=0 -o "src\\server_stats.o" "..\\src\\server_stats.cpp" 
g++ -o Stat_HTTP_Server.exe "src\\server_stats.o" "src\\stats.o" 
23:40:25 **** Incremental Build of configuration Debug for project Stat_HTTP_Server ****
Info: Internal Builder is used for build
g++ -std=c++1z -O0 -g3 -Wall -c -fmessage-length=0 -o "src\\server_stats.o" "..\\src\\server_stats.cpp" 
g++ -std=c++1z -O0 -g3 -Wall -c -fmessage-length=0 -o "src\\stats.o" "..\\src\\stats.cpp" 
..\src\stats.cpp: In constructor 'Stats::Stats()':
..\src\stats.cpp:5:19: warning: comparison of integer expressions of different signedness: 'int' and 'std::array<std::__cxx11::basic_string<char>, 5>::size_type' {aka 'long long unsigned int'} [-Wsign-compare]
  for(int i = 0; i < Stats::methods.size(); ++i){
                 ~~^~~~~~~~~~~~~~~~~~~~~~~
..\src\stats.cpp:9:22: error: invalid use of member 'constexpr std::array<_Tp, _Nm>::size_type std::array<_Tp, _Nm>::size() const [with _Tp = std::__cxx11::basic_string<char>; long long unsigned int _Nm = 6; std::array<_Tp, _Nm>::size_type = long long unsigned int]' (did you forget the '&' ?)
  urls_stat[urls[urls.size - 1]] = 0;
                 ~~~~~^~~~
..\src\stats.cpp: In function 'HttpRequest ParseRequest(std::string_view)':
..\src\stats.cpp:41:9: warning: unused variable 'end' [-Wunused-variable]
  size_t end = line.size() - 1;
         ^~~
23:40:48 **** Incremental Build of configuration Debug for project Stat_HTTP_Server ****
Info: Internal Builder is used for build
g++ -std=c++1z -O0 -g3 -Wall -c -fmessage-length=0 -o "src\\stats.o" "..\\src\\stats.cpp" 
..\src\stats.cpp: In constructor 'Stats::Stats()':
..\src\stats.cpp:5:19: warning: comparison of integer expressions of different signedness: 'int' and 'std::array<std::__cxx11::basic_string<char>, 5>::size_type' {aka 'long long unsigned int'} [-Wsign-compare]
  for(int i = 0; i < Stats::methods.size(); ++i){
                 ~~^~~~~~~~~~~~~~~~~~~~~~~
..\src\stats.cpp: In function 'HttpRequest ParseRequest(std::string_view)':
..\src\stats.cpp:41:9: warning: unused variable 'end' [-Wunused-variable]
  size_t end = line.size() - 1;
         ^~~
g++ -o Stat_HTTP_Server.exe "src\\server_stats.o" "src\\stats.o" 
23:41:06 **** Incremental Build of configuration Debug for project Stat_HTTP_Server ****
Info: Internal Builder is used for build
g++ -std=c++1z -O0 -g3 -Wall -c -fmessage-length=0 -o "src\\server_stats.o" "..\\src\\server_stats.cpp" 
g++ -o Stat_HTTP_Server.exe "src\\server_stats.o" "src\\stats.o" 
23:44:18 **** Incremental Build of configuration Debug for project Stat_HTTP_Server ****
Info: Internal Builder is used for build
g++ -std=c++1z -O0 -g3 -Wall -c -fmessage-length=0 -o "src\\server_stats.o" "..\\src\\server_stats.cpp" 
g++ -o Stat_HTTP_Server.exe "src\\server_stats.o" "src\\stats.o" 
23:45:25 **** Incremental Build of configuration Debug for project Stat_HTTP_Server ****
Info: Internal Builder is used for build
g++ -std=c++1z -O0 -g3 -Wall -c -fmessage-length=0 -o "src\\stats.o" "..\\src\\stats.cpp" 
..\src\stats.cpp: In constructor 'Stats::Stats()':
..\src\stats.cpp:5:19: warning: comparison of integer expressions of different signedness: 'int' and 'std::array<std::__cxx11::basic_string<char>, 5>::size_type' {aka 'long long unsigned int'} [-Wsign-compare]
  for(int i = 0; i < Stats::methods.size(); ++i){
                 ~~^~~~~~~~~~~~~~~~~~~~~~~
g++ -o Stat_HTTP_Server.exe "src\\server_stats.o" "src\\stats.o" 
23:45:50 **** Incremental Build of configuration Debug for project Stat_HTTP_Server ****
Info: Internal Builder is used for build
g++ -std=c++1z -O0 -g3 -Wall -c -fmessage-length=0 -o "src\\stats.o" "..\\src\\stats.cpp" 
g++ -o Stat_HTTP_Server.exe "src\\server_stats.o" "src\\stats.o" 
23:47:35 **** Incremental Build of configuration Debug for project Stat_HTTP_Server ****
Info: Internal Builder is used for build
g++ -std=c++1z -O0 -g3 -Wall -c -fmessage-length=0 -o "src\\stats.o" "..\\src\\stats.cpp" 
In file included from ..\src\stats.cpp:1:
..\src\stats.h:23:82: error: 'methods' declared as an 'inline' field
   inline const array<string, 5> methods =  {"GET","PUT","POST","DELETE","UNKNOWN"};
                                                                                  ^
..\src\stats.h:24:93: error: 'urls' declared as an 'inline' field
   inline const array<string, 6> urls =  {"/","/order","/product","/basket","/help","unknown"};
                                                                                             ^
23:47:46 **** Incremental Build of configuration Debug for project Stat_HTTP_Server ****
Info: Internal Builder is used for build
g++ -std=c++1z -O0 -g3 -Wall -c -fmessage-length=0 -o "src\\server_stats.o" "..\\src\\server_stats.cpp" 
g++ -std=c++1z -O0 -g3 -Wall -c -fmessage-length=0 -o "src\\stats.o" "..\\src\\stats.cpp" 
g++ -o Stat_HTTP_Server.exe "src\\server_stats.o" "src\\stats.o" 
23:48:00 **** Incremental Build of configuration Debug for project Stat_HTTP_Server ****
Info: Internal Builder is used for build
g++ -std=c++1z -O0 -g3 -Wall -c -fmessage-length=0 -o "src\\stats.o" "..\\src\\stats.cpp" 
In file included from ..\src\stats.cpp:1:
..\src\stats.h:23:33: error: in-class initialization of static data member 'const std::array<std::__cxx11::basic_string<char>, 5> Stats::methods' of non-literal type
   static const array<string, 5> methods =  {"GET","PUT","POST","DELETE","UNKNOWN"};
                                 ^~~~~~~
..\src\stats.h:23:82: error: temporary of non-literal type 'std::__cxx11::basic_string<char>' in a constant expression
   static const array<string, 5> methods =  {"GET","PUT","POST","DELETE","UNKNOWN"};
                                                                                  ^
In file included from C:/dev/mingw64/mingw64/lib/gcc/x86_64-w64-mingw32/8.1.0/include/c++/string:52,
                 from ..\src\stats.h:5,
                 from ..\src\stats.cpp:1:
C:/dev/mingw64/mingw64/lib/gcc/x86_64-w64-mingw32/8.1.0/include/c++/bits/basic_string.h:77:11: note: 'std::__cxx11::basic_string<char>' is not literal because:
     class basic_string
           ^~~~~~~~~~~~
C:/dev/mingw64/mingw64/lib/gcc/x86_64-w64-mingw32/8.1.0/include/c++/bits/basic_string.h:77:11: note:   'std::__cxx11::basic_string<char>' has a non-trivial destructor
In file included from ..\src\stats.cpp:1:
..\src\stats.h:24:33: error: in-class initialization of static data member 'const std::array<std::__cxx11::basic_string<char>, 6> Stats::urls' of non-literal type
   static const array<string, 6> urls =  {"/","/order","/product","/basket","/help","unknown"};
                                 ^~~~
..\src\stats.h:24:93: error: temporary of non-literal type 'std::__cxx11::basic_string<char>' in a constant expression
   static const array<string, 6> urls =  {"/","/order","/product","/basket","/help","unknown"};
                                                                                             ^
23:48:13 **** Incremental Build of configuration Debug for project Stat_HTTP_Server ****
Info: Internal Builder is used for build
g++ -std=c++1z -O0 -g3 -Wall -c -fmessage-length=0 -o "src\\stats.o" "..\\src\\stats.cpp" 
g++ -std=c++1z -O0 -g3 -Wall -c -fmessage-length=0 -o "src\\server_stats.o" "..\\src\\server_stats.cpp" 
g++ -o Stat_HTTP_Server.exe "src\\server_stats.o" "src\\stats.o" 
