00:23:28 **** Incremental Build of configuration Debug for project LinkedList ****
Info: Internal Builder is used for build
g++ -O0 -g3 -Wall -c -fmessage-length=0 -o "src\\LinkedList.o" "..\\src\\LinkedList.cpp" 
g++ -o LinkedList.exe "src\\LinkedList.o" 
Info: Nothing to build for LinkedList
01:17:45 **** Incremental Build of configuration Debug for project LinkedList ****
Info: Internal Builder is used for build
g++ -O0 -g3 -Wall -c -fmessage-length=0 -o "src\\LinkedList.o" "..\\src\\LinkedList.cpp" 
g++ -o LinkedList.exe "src\\LinkedList.o" 
01:17:58 **** Incremental Build of configuration Debug for project LinkedList ****
Info: Internal Builder is used for build
g++ -O0 -g3 -Wall -c -fmessage-length=0 -o "src\\LinkedList.o" "..\\src\\LinkedList.cpp" 
g++ -o LinkedList.exe "src\\LinkedList.o" 
01:20:52 **** Incremental Build of configuration Debug for project LinkedList ****
Info: Internal Builder is used for build
g++ -O0 -g3 -Wall -c -fmessage-length=0 -o "src\\LinkedList.o" "..\\src\\LinkedList.cpp" 
g++ -o LinkedList.exe "src\\LinkedList.o" 
01:25:53 **** Incremental Build of configuration Debug for project LinkedList ****
Info: Internal Builder is used for build
g++ -O0 -g3 -Wall -c -fmessage-length=0 -o "src\\LinkedList.o" "..\\src\\LinkedList.cpp" 
g++ -o LinkedList.exe "src\\LinkedList.o" 
01:34:13 **** Incremental Build of configuration Debug for project LinkedList ****
Info: Internal Builder is used for build
g++ -O0 -g3 -Wall -c -fmessage-length=0 -o "src\\LinkedList.o" "..\\src\\LinkedList.cpp" 
..\src\LinkedList.cpp: In destructor 'LinkedList<T>::~LinkedList()':
..\src\LinkedList.cpp:16:4: error: expected initializer before 'while'
    while(head->next != nullptr){
    ^~~~~
01:34:21 **** Incremental Build of configuration Debug for project LinkedList ****
Info: Internal Builder is used for build
g++ -O0 -g3 -Wall -c -fmessage-length=0 -o "src\\LinkedList.o" "..\\src\\LinkedList.cpp" 
g++ -o LinkedList.exe "src\\LinkedList.o" 
01:37:43 **** Incremental Build of configuration Debug for project LinkedList ****
Info: Internal Builder is used for build
g++ -O0 -g3 -Wall -c -fmessage-length=0 -o "src\\LinkedList.o" "..\\src\\LinkedList.cpp" 
g++ -o LinkedList.exe "src\\LinkedList.o" 
01:39:26 **** Incremental Build of configuration Debug for project LinkedList ****
Info: Internal Builder is used for build
g++ -O0 -g3 -Wall -c -fmessage-length=0 -o "src\\LinkedList.o" "..\\src\\LinkedList.cpp" 
g++ -o LinkedList.exe "src\\LinkedList.o" 
01:42:26 **** Incremental Build of configuration Debug for project LinkedList ****
Info: Internal Builder is used for build
g++ -O0 -g3 -Wall -c -fmessage-length=0 -o "src\\LinkedList.o" "..\\src\\LinkedList.cpp" 
..\src\LinkedList.cpp: In function 'int main()':
..\src\LinkedList.cpp:137:8: error: no match for 'operator<<' (operand types are 'std::ostream' {aka 'std::basic_ostream<char>'} and 'LinkedList<int>::Node')
   cout << *list.GetHead() << endl;
   ~~~~~^~~~~~~~~~~~~~~~~~
In file included from C:/dev/mingw64/mingw64/lib/gcc/x86_64-w64-mingw32/8.1.0/include/c++/istream:39,
                 from C:/dev/mingw64/mingw64/lib/gcc/x86_64-w64-mingw32/8.1.0/include/c++/sstream:38,
                 from ..\src\test_runner.h:3,
                 from ..\src\LinkedList.cpp:1:
C:/dev/mingw64/mingw64/lib/gcc/x86_64-w64-mingw32/8.1.0/include/c++/ostream:108:7: note: candidate: 'std::basic_ostream<_CharT, _Traits>::__ostream_type& std::basic_ostream<_CharT, _Traits>::operator<<(std::basic_ostream<_CharT, _Traits>::__ostream_type& (*)(std::basic_ostream<_CharT, _Traits>::__ostream_type&)) [with _CharT = char; _Traits = std::char_traits<char>; std::basic_ostream<_CharT, _Traits>::__ostream_type = std::basic_ostream<char>]'
       operator<<(__ostream_type& (*__pf)(__ostream_type&))
       ^~~~~~~~
C:/dev/mingw64/mingw64/lib/gcc/x86_64-w64-mingw32/8.1.0/include/c++/ostream:108:7: note:   no known conversion for argument 1 from 'LinkedList<int>::Node' to 'std::basic_ostream<char>::__ostream_type& (*)(std::basic_ostream<char>::__ostream_type&)' {aka 'std::basic_ostream<char>& (*)(std::basic_ostream<char>&)'}
C:/dev/mingw64/mingw64/lib/gcc/x86_64-w64-mingw32/8.1.0/include/c++/ostream:117:7: note: candidate: 'std::basic_ostream<_CharT, _Traits>::__ostream_type& std::basic_ostream<_CharT, _Traits>::operator<<(std::basic_ostream<_CharT, _Traits>::__ios_type& (*)(std::basic_ostream<_CharT, _Traits>::__ios_type&)) [with _CharT = char; _Traits = std::char_traits<char>; std::basic_ostream<_CharT, _Traits>::__ostream_type = std::basic_ostream<char>; std::basic_ostream<_CharT, _Traits>::__ios_type = std::basic_ios<char>]'
       operator<<(__ios_type& (*__pf)(__ios_type&))
       ^~~~~~~~
C:/dev/mingw64/mingw64/lib/gcc/x86_64-w64-mingw32/8.1.0/include/c++/ostream:117:7: note:   no known conversion for argument 1 from 'LinkedList<int>::Node' to 'std::basic_ostream<char>::__ios_type& (*)(std::basic_ostream<char>::__ios_type&)' {aka 'std::basic_ios<char>& (*)(std::basic_ios<char>&)'}
C:/dev/mingw64/mingw64/lib/gcc/x86_64-w64-mingw32/8.1.0/include/c++/ostream:127:7: note: candidate: 'std::basic_ostream<_CharT, _Traits>::__ostream_type& std::basic_ostream<_CharT, _Traits>::operator<<(std::ios_base& (*)(std::ios_base&)) [with _CharT = char; _Traits = std::char_traits<char>; std::basic_ostream<_CharT, _Traits>::__ostream_type = std::basic_ostream<char>]'
       operator<<(ios_base& (*__pf) (ios_base&))
       ^~~~~~~~
C:/dev/mingw64/mingw64/lib/gcc/x86_64-w64-mingw32/8.1.0/include/c++/ostream:127:7: note:   no known conversion for argument 1 from 'LinkedList<int>::Node' to 'std::ios_base& (*)(std::ios_base&)'
C:/dev/mingw64/mingw64/lib/gcc/x86_64-w64-mingw32/8.1.0/include/c++/ostream:166:7: note: candidate: 'std::basic_ostream<_CharT, _Traits>::__ostream_type& std::basic_ostream<_CharT, _Traits>::operator<<(long int) [with _CharT = char; _Traits = std::char_traits<char>; std::basic_ostream<_CharT, _Traits>::__ostream_type = std::basic_ostream<char>]'
       operator<<(long __n)
       ^~~~~~~~
C:/dev/mingw64/mingw64/lib/gcc/x86_64-w64-mingw32/8.1.0/include/c++/ostream:166:7: note:   no known conversion for argument 1 from 'LinkedList<int>::Node' to 'long int'
C:/dev/mingw64/mingw64/lib/gcc/x86_64-w64-mingw32/8.1.0/include/c++/ostream:170:7: note: candidate: 'std::basic_ostream<_CharT, _Traits>::__ostream_type& std::basic_ostream<_CharT, _Traits>::operator<<(long unsigned int) [with _CharT = char; _Traits = std::char_traits<char>; std::basic_ostream<_CharT, _Traits>::__ostream_type = std::basic_ostream<char>]'
       operator<<(unsigned long __n)
       ^~~~~~~~
C:/dev/mingw64/mingw64/lib/gcc/x86_64-w64-mingw32/8.1.0/include/c++/ostream:170:7: note:   no known conversion for argument 1 from 'LinkedList<int>::Node' to 'long unsigned int'
C:/dev/mingw64/mingw64/lib/gcc/x86_64-w64-mingw32/8.1.0/include/c++/ostream:174:7: note: candidate: 'std::basic_ostream<_CharT, _Traits>::__ostream_type& std::basic_ostream<_CharT, _Traits>::operator<<(bool) [with _CharT = char; _Traits = std::char_traits<char>; std::basic_ostream<_CharT, _Traits>::__ostream_type = std::basic_ostream<char>]'
       operator<<(bool __n)
       ^~~~~~~~
C:/dev/mingw64/mingw64/lib/gcc/x86_64-w64-mingw32/8.1.0/include/c++/ostream:174:7: note:   no known conversion for argument 1 from 'LinkedList<int>::Node' to 'bool'
In file included from C:/dev/mingw64/mingw64/lib/gcc/x86_64-w64-mingw32/8.1.0/include/c++/ostream:693,
                 from C:/dev/mingw64/mingw64/lib/gcc/x86_64-w64-mingw32/8.1.0/include/c++/istream:39,
                 from C:/dev/mingw64/mingw64/lib/gcc/x86_64-w64-mingw32/8.1.0/include/c++/sstream:38,
                 from ..\src\test_runner.h:3,
                 from ..\src\LinkedList.cpp:1:
C:/dev/mingw64/mingw64/lib/gcc/x86_64-w64-mingw32/8.1.0/include/c++/bits/ostream.tcc:91:5: note: candidate: 'std::basic_ostream<_CharT, _Traits>& std::basic_ostream<_CharT, _Traits>::operator<<(short int) [with _CharT = char; _Traits = std::char_traits<char>]'
     basic_ostream<_CharT, _Traits>::
     ^~~~~~~~~~~~~~~~~~~~~~~~~~~~~~
C:/dev/mingw64/mingw64/lib/gcc/x86_64-w64-mingw32/8.1.0/include/c++/bits/ostream.tcc:91:5: note:   no known conversion for argument 1 from 'LinkedList<int>::Node' to 'short int'
In file included from C:/dev/mingw64/mingw64/lib/gcc/x86_64-w64-mingw32/8.1.0/include/c++/istream:39,
                 from C:/dev/mingw64/mingw64/lib/gcc/x86_64-w64-mingw32/8.1.0/include/c++/sstream:38,
                 from ..\src\test_runner.h:3,
                 from ..\src\LinkedList.cpp:1:
C:/dev/mingw64/mingw64/lib/gcc/x86_64-w64-mingw32/8.1.0/include/c++/ostream:181:7: note: candidate: 'std::basic_ostream<_CharT, _Traits>::__ostream_type& std::basic_ostream<_CharT, _Traits>::operator<<(short unsigned int) [with _CharT = char; _Traits = std::char_traits<char>; std::basic_ostream<_CharT, _Traits>::__ostream_type = std::basic_ostream<char>]'
       operator<<(unsigned short __n)
       ^~~~~~~~
C:/dev/mingw64/mingw64/lib/gcc/x86_64-w64-mingw32/8.1.0/include/c++/ostream:181:7: note:   no known conversion for argument 1 from 'LinkedList<int>::Node' to 'short unsigned int'
In file included from C:/dev/mingw64/mingw64/lib/gcc/x86_64-w64-mingw32/8.1.0/include/c++/ostream:693,
                 from C:/dev/mingw64/mingw64/lib/gcc/x86_64-w64-mingw32/8.1.0/include/c++/istream:39,
                 from C:/dev/mingw64/mingw64/lib/gcc/x86_64-w64-mingw32/8.1.0/include/c++/sstream:38,
                 from ..\src\test_runner.h:3,
                 from ..\src\LinkedList.cpp:1:
C:/dev/mingw64/mingw64/lib/gcc/x86_64-w64-mingw32/8.1.0/include/c++/bits/ostream.tcc:105:5: note: candidate: 'std::basic_ostream<_CharT, _Traits>& std::basic_ostream<_CharT, _Traits>::operator<<(int) [with _CharT = char; _Traits = std::char_traits<char>]'
     basic_ostream<_CharT, _Traits>::
     ^~~~~~~~~~~~~~~~~~~~~~~~~~~~~~
C:/dev/mingw64/mingw64/lib/gcc/x86_64-w64-mingw32/8.1.0/include/c++/bits/ostream.tcc:105:5: note:   no known conversion for argument 1 from 'LinkedList<int>::Node' to 'int'
In file included from C:/dev/mingw64/mingw64/lib/gcc/x86_64-w64-mingw32/8.1.0/include/c++/istream:39,
                 from C:/dev/mingw64/mingw64/lib/gcc/x86_64-w64-mingw32/8.1.0/include/c++/sstream:38,
                 from ..\src\test_runner.h:3,
                 from ..\src\LinkedList.cpp:1:
C:/dev/mingw64/mingw64/lib/gcc/x86_64-w64-mingw32/8.1.0/include/c++/ostream:192:7: note: candidate: 'std::basic_ostream<_CharT, _Traits>::__ostream_type& std::basic_ostream<_CharT, _Traits>::operator<<(unsigned int) [with _CharT = char; _Traits = std::char_traits<char>; std::basic_ostream<_CharT, _Traits>::__ostream_type = std::basic_ostream<char>]'
       operator<<(unsigned int __n)
       ^~~~~~~~
C:/dev/mingw64/mingw64/lib/gcc/x86_64-w64-mingw32/8.1.0/include/c++/ostream:192:7: note:   no known conversion for argument 1 from 'LinkedList<int>::Node' to 'unsigned int'
C:/dev/mingw64/mingw64/lib/gcc/x86_64-w64-mingw32/8.1.0/include/c++/ostream:201:7: note: candidate: 'std::basic_ostream<_CharT, _Traits>::__ostream_type& std::basic_ostream<_CharT, _Traits>::operator<<(long long int) [with _CharT = char; _Traits = std::char_traits<char>; std::basic_ostream<_CharT, _Traits>::__ostream_type = std::basic_ostream<char>]'
       operator<<(long long __n)
       ^~~~~~~~
C:/dev/mingw64/mingw64/lib/gcc/x86_64-w64-mingw32/8.1.0/include/c++/ostream:201:7: note:   no known conversion for argument 1 from 'LinkedList<int>::Node' to 'long long int'
C:/dev/mingw64/mingw64/lib/gcc/x86_64-w64-mingw32/8.1.0/include/c++/ostream:205:7: note: candidate: 'std::basic_ostream<_CharT, _Traits>::__ostream_type& std::basic_ostream<_CharT, _Traits>::operator<<(long long unsigned int) [with _CharT = char; _Traits = std::char_traits<char>; std::basic_ostream<_CharT, _Traits>::__ostream_type = std::basic_ostream<char>]'
       operator<<(unsigned long long __n)
       ^~~~~~~~
C:/dev/mingw64/mingw64/lib/gcc/x86_64-w64-mingw32/8.1.0/include/c++/ostream:205:7: note:   no known conversion for argument 1 from 'LinkedList<int>::Node' to 'long long unsigned int'
C:/dev/mingw64/mingw64/lib/gcc/x86_64-w64-mingw32/8.1.0/include/c++/ostream:220:7: note: candidate: 'std::basic_ostream<_CharT, _Traits>::__ostream_type& std::basic_ostream<_CharT, _Traits>::operator<<(double) [with _CharT = char; _Traits = std::char_traits<char>; std::basic_ostream<_CharT, _Traits>::__ostream_type = std::basic_ostream<char>]'
       operator<<(double __f)
       ^~~~~~~~
C:/dev/mingw64/mingw64/lib/gcc/x86_64-w64-mingw32/8.1.0/include/c++/ostream:220:7: note:   no known conversion for argument 1 from 'LinkedList<int>::Node' to 'double'
C:/dev/mingw64/mingw64/lib/gcc/x86_64-w64-mingw32/8.1.0/include/c++/ostream:224:7: note: candidate: 'std::basic_ostream<_CharT, _Traits>::__ostream_type& std::basic_ostream<_CharT, _Traits>::operator<<(float) [with _CharT = char; _Traits = std::char_traits<char>; std::basic_ostream<_CharT, _Traits>::__ostream_type = std::basic_ostream<char>]'
       operator<<(float __f)
       ^~~~~~~~
C:/dev/mingw64/mingw64/lib/gcc/x86_64-w64-mingw32/8.1.0/include/c++/ostream:224:7: note:   no known conversion for argument 1 from 'LinkedList<int>::Node' to 'float'
C:/dev/mingw64/mingw64/lib/gcc/x86_64-w64-mingw32/8.1.0/include/c++/ostream:232:7: note: candidate: 'std::basic_ostream<_CharT, _Traits>::__ostream_type& std::basic_ostream<_CharT, _Traits>::operator<<(long double) [with _CharT = char; _Traits = std::char_traits<char>; std::basic_ostream<_CharT, _Traits>::__ostream_type = std::basic_ostream<char>]'
       operator<<(long double __f)
       ^~~~~~~~
C:/dev/mingw64/mingw64/lib/gcc/x86_64-w64-mingw32/8.1.0/include/c++/ostream:232:7: note:   no known conversion for argument 1 from 'LinkedList<int>::Node' to 'long double'
C:/dev/mingw64/mingw64/lib/gcc/x86_64-w64-mingw32/8.1.0/include/c++/ostream:245:7: note: candidate: 'std::basic_ostream<_CharT, _Traits>::__ostream_type& std::basic_ostream<_CharT, _Traits>::operator<<(const void*) [with _CharT = char; _Traits = std::char_traits<char>; std::basic_ostream<_CharT, _Traits>::__ostream_type = std::basic_ostream<char>]'
       operator<<(const void* __p)
       ^~~~~~~~
C:/dev/mingw64/mingw64/lib/gcc/x86_64-w64-mingw32/8.1.0/include/c++/ostream:245:7: note:   no known conversion for argument 1 from 'LinkedList<int>::Node' to 'const void*'
In file included from C:/dev/mingw64/mingw64/lib/gcc/x86_64-w64-mingw32/8.1.0/include/c++/ostream:693,
                 from C:/dev/mingw64/mingw64/lib/gcc/x86_64-w64-mingw32/8.1.0/include/c++/istream:39,
                 from C:/dev/mingw64/mingw64/lib/gcc/x86_64-w64-mingw32/8.1.0/include/c++/sstream:38,
                 from ..\src\test_runner.h:3,
                 from ..\src\LinkedList.cpp:1:
C:/dev/mingw64/mingw64/lib/gcc/x86_64-w64-mingw32/8.1.0/include/c++/bits/ostream.tcc:119:5: note: candidate: 'std::basic_ostream<_CharT, _Traits>& std::basic_ostream<_CharT, _Traits>::operator<<(std::basic_ostream<_CharT, _Traits>::__streambuf_type*) [with _CharT = char; _Traits = std::char_traits<char>; std::basic_ostream<_CharT, _Traits>::__streambuf_type = std::basic_streambuf<char>]'
     basic_ostream<_CharT, _Traits>::
     ^~~~~~~~~~~~~~~~~~~~~~~~~~~~~~
C:/dev/mingw64/mingw64/lib/gcc/x86_64-w64-mingw32/8.1.0/include/c++/bits/ostream.tcc:119:5: note:   no known conversion for argument 1 from 'LinkedList<int>::Node' to 'std::basic_ostream<char>::__streambuf_type*' {aka 'std::basic_streambuf<char>*'}
In file included from ..\src\LinkedList.cpp:1:
..\src\test_runner.h:14:10: note: candidate: 'template<class T> std::ostream& operator<<(std::ostream&, const std::vector<T>&)'
 ostream& operator << (ostream& os, const vector<T>& s) {
          ^~~~~~~~
..\src\test_runner.h:14:10: note:   template argument deduction/substitution failed:
..\src\LinkedList.cpp:137:25: note:   'LinkedList<int>::Node' is not derived from 'const std::vector<T>'
   cout << *list.GetHead() << endl;
                         ^
In file included from ..\src\LinkedList.cpp:1:
..\src\test_runner.h:28:10: note: candidate: 'template<class T> std::ostream& operator<<(std::ostream&, const std::set<T>&)'
 ostream& operator << (ostream& os, const set<T>& s) {
          ^~~~~~~~
..\src\test_runner.h:28:10: note:   template argument deduction/substitution failed:
..\src\LinkedList.cpp:137:25: note:   'LinkedList<int>::Node' is not derived from 'const std::set<T>'
   cout << *list.GetHead() << endl;
                         ^
In file included from ..\src\LinkedList.cpp:1:
..\src\test_runner.h:42:10: note: candidate: 'template<class K, class V> std::ostream& operator<<(std::ostream&, const std::map<K, V>&)'
 ostream& operator << (ostream& os, const map<K, V>& m) {
          ^~~~~~~~
..\src\test_runner.h:42:10: note:   template argument deduction/substitution failed:
..\src\LinkedList.cpp:137:25: note:   'LinkedList<int>::Node' is not derived from 'const std::map<K, V>'
   cout << *list.GetHead() << endl;
                         ^
In file included from C:/dev/mingw64/mingw64/lib/gcc/x86_64-w64-mingw32/8.1.0/include/c++/string:52,
                 from C:/dev/mingw64/mingw64/lib/gcc/x86_64-w64-mingw32/8.1.0/include/c++/bits/locale_classes.h:40,
                 from C:/dev/mingw64/mingw64/lib/gcc/x86_64-w64-mingw32/8.1.0/include/c++/bits/ios_base.h:41,
                 from C:/dev/mingw64/mingw64/lib/gcc/x86_64-w64-mingw32/8.1.0/include/c++/ios:42,
                 from C:/dev/mingw64/mingw64/lib/gcc/x86_64-w64-mingw32/8.1.0/include/c++/istream:38,
                 from C:/dev/mingw64/mingw64/lib/gcc/x86_64-w64-mingw32/8.1.0/include/c++/sstream:38,
                 from ..\src\test_runner.h:3,
                 from ..\src\LinkedList.cpp:1:
C:/dev/mingw64/mingw64/lib/gcc/x86_64-w64-mingw32/8.1.0/include/c++/bits/basic_string.h:6284:5: note: candidate: 'template<class _CharT, class _Traits, class _Alloc> std::basic_ostream<_CharT, _Traits>& std::operator<<(std::basic_ostream<_CharT, _Traits>&, const std::__cxx11::basic_string<_CharT, _Traits, _Alloc>&)'
     operator<<(basic_ostream<_CharT, _Traits>& __os,
     ^~~~~~~~
C:/dev/mingw64/mingw64/lib/gcc/x86_64-w64-mingw32/8.1.0/include/c++/bits/basic_string.h:6284:5: note:   template argument deduction/substitution failed:
..\src\LinkedList.cpp:137:25: note:   'LinkedList<int>::Node' is not derived from 'const std::__cxx11::basic_string<_CharT, _Traits, _Alloc>'
   cout << *list.GetHead() << endl;
                         ^
In file included from C:/dev/mingw64/mingw64/lib/gcc/x86_64-w64-mingw32/8.1.0/include/c++/bits/ios_base.h:46,
                 from C:/dev/mingw64/mingw64/lib/gcc/x86_64-w64-mingw32/8.1.0/include/c++/ios:42,
                 from C:/dev/mingw64/mingw64/lib/gcc/x86_64-w64-mingw32/8.1.0/include/c++/istream:38,
                 from C:/dev/mingw64/mingw64/lib/gcc/x86_64-w64-mingw32/8.1.0/include/c++/sstream:38,
                 from ..\src\test_runner.h:3,
                 from ..\src\LinkedList.cpp:1:
C:/dev/mingw64/mingw64/lib/gcc/x86_64-w64-mingw32/8.1.0/include/c++/system_error:217:5: note: candidate: 'template<class _CharT, class _Traits> std::basic_ostream<_CharT, _Traits>& std::operator<<(std::basic_ostream<_CharT, _Traits>&, const std::error_code&)'
     operator<<(basic_ostream<_CharT, _Traits>& __os, const error_code& __e)
     ^~~~~~~~
C:/dev/mingw64/mingw64/lib/gcc/x86_64-w64-mingw32/8.1.0/include/c++/system_error:217:5: note:   template argument deduction/substitution failed:
..\src\LinkedList.cpp:137:11: note:   cannot convert '* list.LinkedList<int>::GetHead()' (type 'LinkedList<int>::Node') to type 'const std::error_code&'
   cout << *list.GetHead() << endl;
           ^~~~~~~~~~~~~~~
In file included from C:/dev/mingw64/mingw64/lib/gcc/x86_64-w64-mingw32/8.1.0/include/c++/istream:39,
                 from C:/dev/mingw64/mingw64/lib/gcc/x86_64-w64-mingw32/8.1.0/include/c++/sstream:38,
                 from ..\src\test_runner.h:3,
                 from ..\src\LinkedList.cpp:1:
C:/dev/mingw64/mingw64/lib/gcc/x86_64-w64-mingw32/8.1.0/include/c++/ostream:497:5: note: candidate: 'template<class _CharT, class _Traits> std::basic_ostream<_CharT, _Traits>& std::operator<<(std::basic_ostream<_CharT, _Traits>&, _CharT)'
     operator<<(basic_ostream<_CharT, _Traits>& __out, _CharT __c)
     ^~~~~~~~
C:/dev/mingw64/mingw64/lib/gcc/x86_64-w64-mingw32/8.1.0/include/c++/ostream:497:5: note:   template argument deduction/substitution failed:
..\src\LinkedList.cpp:137:25: note:   deduced conflicting types for parameter '_CharT' ('char' and 'LinkedList<int>::Node')
   cout << *list.GetHead() << endl;
                         ^
In file included from C:/dev/mingw64/mingw64/lib/gcc/x86_64-w64-mingw32/8.1.0/include/c++/istream:39,
                 from C:/dev/mingw64/mingw64/lib/gcc/x86_64-w64-mingw32/8.1.0/include/c++/sstream:38,
                 from ..\src\test_runner.h:3,
                 from ..\src\LinkedList.cpp:1:
C:/dev/mingw64/mingw64/lib/gcc/x86_64-w64-mingw32/8.1.0/include/c++/ostream:502:5: note: candidate: 'template<class _CharT, class _Traits> std::basic_ostream<_CharT, _Traits>& std::operator<<(std::basic_ostream<_CharT, _Traits>&, char)'
     operator<<(basic_ostream<_CharT, _Traits>& __out, char __c)
     ^~~~~~~~
C:/dev/mingw64/mingw64/lib/gcc/x86_64-w64-mingw32/8.1.0/include/c++/ostream:502:5: note:   template argument deduction/substitution failed:
..\src\LinkedList.cpp:137:11: note:   cannot convert '* list.LinkedList<int>::GetHead()' (type 'LinkedList<int>::Node') to type 'char'
   cout << *list.GetHead() << endl;
           ^~~~~~~~~~~~~~~
In file included from C:/dev/mingw64/mingw64/lib/gcc/x86_64-w64-mingw32/8.1.0/include/c++/istream:39,
                 from C:/dev/mingw64/mingw64/lib/gcc/x86_64-w64-mingw32/8.1.0/include/c++/sstream:38,
                 from ..\src\test_runner.h:3,
                 from ..\src\LinkedList.cpp:1:
C:/dev/mingw64/mingw64/lib/gcc/x86_64-w64-mingw32/8.1.0/include/c++/ostream:508:5: note: candidate: 'template<class _Traits> std::basic_ostream<char, _Traits>& std::operator<<(std::basic_ostream<char, _Traits>&, char)'
     operator<<(basic_ostream<char, _Traits>& __out, char __c)
     ^~~~~~~~
C:/dev/mingw64/mingw64/lib/gcc/x86_64-w64-mingw32/8.1.0/include/c++/ostream:508:5: note:   template argument deduction/substitution failed:
..\src\LinkedList.cpp:137:11: note:   cannot convert '* list.LinkedList<int>::GetHead()' (type 'LinkedList<int>::Node') to type 'char'
   cout << *list.GetHead() << endl;
           ^~~~~~~~~~~~~~~
In file included from C:/dev/mingw64/mingw64/lib/gcc/x86_64-w64-mingw32/8.1.0/include/c++/istream:39,
                 from C:/dev/mingw64/mingw64/lib/gcc/x86_64-w64-mingw32/8.1.0/include/c++/sstream:38,
                 from ..\src\test_runner.h:3,
                 from ..\src\LinkedList.cpp:1:
C:/dev/mingw64/mingw64/lib/gcc/x86_64-w64-mingw32/8.1.0/include/c++/ostream:514:5: note: candidate: 'template<class _Traits> std::basic_ostream<char, _Traits>& std::operator<<(std::basic_ostream<char, _Traits>&, signed char)'
     operator<<(basic_ostream<char, _Traits>& __out, signed char __c)
     ^~~~~~~~
C:/dev/mingw64/mingw64/lib/gcc/x86_64-w64-mingw32/8.1.0/include/c++/ostream:514:5: note:   template argument deduction/substitution failed:
..\src\LinkedList.cpp:137:11: note:   cannot convert '* list.LinkedList<int>::GetHead()' (type 'LinkedList<int>::Node') to type 'signed char'
   cout << *list.GetHead() << endl;
           ^~~~~~~~~~~~~~~
In file included from C:/dev/mingw64/mingw64/lib/gcc/x86_64-w64-mingw32/8.1.0/include/c++/istream:39,
                 from C:/dev/mingw64/mingw64/lib/gcc/x86_64-w64-mingw32/8.1.0/include/c++/sstream:38,
                 from ..\src\test_runner.h:3,
                 from ..\src\LinkedList.cpp:1:
C:/dev/mingw64/mingw64/lib/gcc/x86_64-w64-mingw32/8.1.0/include/c++/ostream:519:5: note: candidate: 'template<class _Traits> std::basic_ostream<char, _Traits>& std::operator<<(std::basic_ostream<char, _Traits>&, unsigned char)'
     operator<<(basic_ostream<char, _Traits>& __out, unsigned char __c)
     ^~~~~~~~
C:/dev/mingw64/mingw64/lib/gcc/x86_64-w64-mingw32/8.1.0/include/c++/ostream:519:5: note:   template argument deduction/substitution failed:
..\src\LinkedList.cpp:137:11: note:   cannot convert '* list.LinkedList<int>::GetHead()' (type 'LinkedList<int>::Node') to type 'unsigned char'
   cout << *list.GetHead() << endl;
           ^~~~~~~~~~~~~~~
In file included from C:/dev/mingw64/mingw64/lib/gcc/x86_64-w64-mingw32/8.1.0/include/c++/istream:39,
                 from C:/dev/mingw64/mingw64/lib/gcc/x86_64-w64-mingw32/8.1.0/include/c++/sstream:38,
                 from ..\src\test_runner.h:3,
                 from ..\src\LinkedList.cpp:1:
C:/dev/mingw64/mingw64/lib/gcc/x86_64-w64-mingw32/8.1.0/include/c++/ostream:539:5: note: candidate: 'template<class _CharT, class _Traits> std::basic_ostream<_CharT, _Traits>& std::operator<<(std::basic_ostream<_CharT, _Traits>&, const _CharT*)'
     operator<<(basic_ostream<_CharT, _Traits>& __out, const _CharT* __s)
     ^~~~~~~~
C:/dev/mingw64/mingw64/lib/gcc/x86_64-w64-mingw32/8.1.0/include/c++/ostream:539:5: note:   template argument deduction/substitution failed:
..\src\LinkedList.cpp:137:25: note:   mismatched types 'const _CharT*' and 'LinkedList<int>::Node'
   cout << *list.GetHead() << endl;
                         ^
In file included from C:/dev/mingw64/mingw64/lib/gcc/x86_64-w64-mingw32/8.1.0/include/c++/ostream:693,
                 from C:/dev/mingw64/mingw64/lib/gcc/x86_64-w64-mingw32/8.1.0/include/c++/istream:39,
                 from C:/dev/mingw64/mingw64/lib/gcc/x86_64-w64-mingw32/8.1.0/include/c++/sstream:38,
                 from ..\src\test_runner.h:3,
                 from ..\src\LinkedList.cpp:1:
C:/dev/mingw64/mingw64/lib/gcc/x86_64-w64-mingw32/8.1.0/include/c++/bits/ostream.tcc:321:5: note: candidate: 'template<class _CharT, class _Traits> std::basic_ostream<_CharT, _Traits>& std::operator<<(std::basic_ostream<_CharT, _Traits>&, const char*)'
     operator<<(basic_ostream<_CharT, _Traits>& __out, const char* __s)
     ^~~~~~~~
C:/dev/mingw64/mingw64/lib/gcc/x86_64-w64-mingw32/8.1.0/include/c++/bits/ostream.tcc:321:5: note:   template argument deduction/substitution failed:
..\src\LinkedList.cpp:137:11: note:   cannot convert '* list.LinkedList<int>::GetHead()' (type 'LinkedList<int>::Node') to type 'const char*'
   cout << *list.GetHead() << endl;
           ^~~~~~~~~~~~~~~
In file included from C:/dev/mingw64/mingw64/lib/gcc/x86_64-w64-mingw32/8.1.0/include/c++/istream:39,
                 from C:/dev/mingw64/mingw64/lib/gcc/x86_64-w64-mingw32/8.1.0/include/c++/sstream:38,
                 from ..\src\test_runner.h:3,
                 from ..\src\LinkedList.cpp:1:
C:/dev/mingw64/mingw64/lib/gcc/x86_64-w64-mingw32/8.1.0/include/c++/ostream:556:5: note: candidate: 'template<class _Traits> std::basic_ostream<char, _Traits>& std::operator<<(std::basic_ostream<char, _Traits>&, const char*)'
     operator<<(basic_ostream<char, _Traits>& __out, const char* __s)
     ^~~~~~~~
C:/dev/mingw64/mingw64/lib/gcc/x86_64-w64-mingw32/8.1.0/include/c++/ostream:556:5: note:   template argument deduction/substitution failed:
..\src\LinkedList.cpp:137:11: note:   cannot convert '* list.LinkedList<int>::GetHead()' (type 'LinkedList<int>::Node') to type 'const char*'
   cout << *list.GetHead() << endl;
           ^~~~~~~~~~~~~~~
In file included from C:/dev/mingw64/mingw64/lib/gcc/x86_64-w64-mingw32/8.1.0/include/c++/istream:39,
                 from C:/dev/mingw64/mingw64/lib/gcc/x86_64-w64-mingw32/8.1.0/include/c++/sstream:38,
                 from ..\src\test_runner.h:3,
                 from ..\src\LinkedList.cpp:1:
C:/dev/mingw64/mingw64/lib/gcc/x86_64-w64-mingw32/8.1.0/include/c++/ostream:569:5: note: candidate: 'template<class _Traits> std::basic_ostream<char, _Traits>& std::operator<<(std::basic_ostream<char, _Traits>&, const signed char*)'
     operator<<(basic_ostream<char, _Traits>& __out, const signed char* __s)
     ^~~~~~~~
C:/dev/mingw64/mingw64/lib/gcc/x86_64-w64-mingw32/8.1.0/include/c++/ostream:569:5: note:   template argument deduction/substitution failed:
..\src\LinkedList.cpp:137:11: note:   cannot convert '* list.LinkedList<int>::GetHead()' (type 'LinkedList<int>::Node') to type 'const signed char*'
   cout << *list.GetHead() << endl;
           ^~~~~~~~~~~~~~~
In file included from C:/dev/mingw64/mingw64/lib/gcc/x86_64-w64-mingw32/8.1.0/include/c++/istream:39,
                 from C:/dev/mingw64/mingw64/lib/gcc/x86_64-w64-mingw32/8.1.0/include/c++/sstream:38,
                 from ..\src\test_runner.h:3,
                 from ..\src\LinkedList.cpp:1:
C:/dev/mingw64/mingw64/lib/gcc/x86_64-w64-mingw32/8.1.0/include/c++/ostream:574:5: note: candidate: 'template<class _Traits> std::basic_ostream<char, _Traits>& std::operator<<(std::basic_ostream<char, _Traits>&, const unsigned char*)'
     operator<<(basic_ostream<char, _Traits>& __out, const unsigned char* __s)
     ^~~~~~~~
C:/dev/mingw64/mingw64/lib/gcc/x86_64-w64-mingw32/8.1.0/include/c++/ostream:574:5: note:   template argument deduction/substitution failed:
..\src\LinkedList.cpp:137:11: note:   cannot convert '* list.LinkedList<int>::GetHead()' (type 'LinkedList<int>::Node') to type 'const unsigned char*'
   cout << *list.GetHead() << endl;
           ^~~~~~~~~~~~~~~
In file included from C:/dev/mingw64/mingw64/lib/gcc/x86_64-w64-mingw32/8.1.0/include/c++/istream:39,
                 from C:/dev/mingw64/mingw64/lib/gcc/x86_64-w64-mingw32/8.1.0/include/c++/sstream:38,
                 from ..\src\test_runner.h:3,
                 from ..\src\LinkedList.cpp:1:
C:/dev/mingw64/mingw64/lib/gcc/x86_64-w64-mingw32/8.1.0/include/c++/ostream:682:5: note: candidate: 'template<class _Ostream, class _Tp> typename std::enable_if<std::__and_<std::__not_<std::is_lvalue_reference<_Tp> >, std::__is_convertible_to_basic_ostream<_Ostream>, std::__is_insertable<typename std::__is_convertible_to_basic_ostream<_Tp>::__ostream_type, const _Tp&, void> >::value, typename std::__is_convertible_to_basic_ostream<_Tp>::__ostream_type>::type std::operator<<(_Ostream&&, const _Tp&)'
     operator<<(_Ostream&& __os, const _Tp& __x)
     ^~~~~~~~
C:/dev/mingw64/mingw64/lib/gcc/x86_64-w64-mingw32/8.1.0/include/c++/ostream:682:5: note:   template argument deduction/substitution failed:
C:/dev/mingw64/mingw64/lib/gcc/x86_64-w64-mingw32/8.1.0/include/c++/ostream: In substitution of 'template<class _Ostream, class _Tp> typename std::enable_if<std::__and_<std::__not_<std::is_lvalue_reference<_Tp> >, std::__is_convertible_to_basic_ostream<_Ostream>, std::__is_insertable<typename std::__is_convertible_to_basic_ostream<_Tp>::__ostream_type, const _Tp&, void> >::value, typename std::__is_convertible_to_basic_ostream<_Tp>::__ostream_type>::type std::operator<<(_Ostream&&, const _Tp&) [with _Ostream = std::basic_ostream<char>&; _Tp = LinkedList<int>::Node]':
..\src\LinkedList.cpp:137:25:   required from here
C:/dev/mingw64/mingw64/lib/gcc/x86_64-w64-mingw32/8.1.0/include/c++/ostream:682:5: error: no type named 'type' in 'struct std::enable_if<false, std::basic_ostream<char>&>'
01:42:33 **** Incremental Build of configuration Debug for project LinkedList ****
Info: Internal Builder is used for build
g++ -O0 -g3 -Wall -c -fmessage-length=0 -o "src\\LinkedList.o" "..\\src\\LinkedList.cpp" 
g++ -o LinkedList.exe "src\\LinkedList.o" 
01:43:00 **** Incremental Build of configuration Debug for project LinkedList ****
Info: Internal Builder is used for build
g++ -O0 -g3 -Wall -c -fmessage-length=0 -o "src\\LinkedList.o" "..\\src\\LinkedList.cpp" 
g++ -o LinkedList.exe "src\\LinkedList.o" 
01:44:28 **** Incremental Build of configuration Debug for project LinkedList ****
Info: Internal Builder is used for build
g++ -O0 -g3 -Wall -c -fmessage-length=0 -o "src\\LinkedList.o" "..\\src\\LinkedList.cpp" 
g++ -o LinkedList.exe "src\\LinkedList.o" 
01:45:06 **** Incremental Build of configuration Debug for project LinkedList ****
Info: Internal Builder is used for build
g++ -O0 -g3 -Wall -c -fmessage-length=0 -o "src\\LinkedList.o" "..\\src\\LinkedList.cpp" 
g++ -o LinkedList.exe "src\\LinkedList.o" 
01:46:29 **** Incremental Build of configuration Debug for project LinkedList ****
Info: Internal Builder is used for build
g++ -O0 -g3 -Wall -c -fmessage-length=0 -o "src\\LinkedList.o" "..\\src\\LinkedList.cpp" 
g++ -o LinkedList.exe "src\\LinkedList.o" 
01:46:54 **** Incremental Build of configuration Debug for project LinkedList ****
Info: Internal Builder is used for build
g++ -O0 -g3 -Wall -c -fmessage-length=0 -o "src\\LinkedList.o" "..\\src\\LinkedList.cpp" 
g++ -o LinkedList.exe "src\\LinkedList.o" 
01:53:33 **** Incremental Build of configuration Debug for project LinkedList ****
Info: Internal Builder is used for build
g++ -O0 -g3 -Wall -c -fmessage-length=0 -o "src\\LinkedList.o" "..\\src\\LinkedList.cpp" 
g++ -o LinkedList.exe "src\\LinkedList.o" 
02:03:47 **** Incremental Build of configuration Debug for project LinkedList ****
Info: Internal Builder is used for build
g++ -O0 -g3 -Wall -c -fmessage-length=0 -o "src\\LinkedList.o" "..\\src\\LinkedList.cpp" 
g++ -o LinkedList.exe "src\\LinkedList.o" 
