19:14:26 **** Rebuild of configuration Debug for project Partition_on_sentences ****
Info: Internal Builder is used for build
g++ -O0 -g3 -Wall -c -fmessage-length=0 -o "src\\Partition_on_sentences.o" "..\\src\\Partition_on_sentences.cpp" 
g++ -o Partition_on_sentences.exe "src\\Partition_on_sentences.o" 
19:14:33 **** Incremental Build of configuration Debug for project Partition_on_sentences ****
Info: Internal Builder is used for build
g++ -O0 -g3 -Wall -c -fmessage-length=0 -o "src\\Partition_on_sentences.o" "..\\src\\Partition_on_sentences.cpp" 
..\src\Partition_on_sentences.cpp: In instantiation of 'std::vector<std::vector<T> > SplitIntoSentences(std::vector<T>) [with Token = TestToken]':
..\src\Partition_on_sentences.cpp:40:3:   required from here
..\src\Partition_on_sentences.cpp:15:20: error: '__gnu_cxx::__alloc_traits<std::allocator<TestToken>, TestToken>::value_type' {aka 'struct TestToken'} has no member named 'isEndSentencePunctuation'; did you mean 'IsEndSentencePunctuation'?
   15 |   if(tokens[i - 1].isEndSentencePunctuation() && !(tokens[i].isEndSentencePunctuation())){
      |      ~~~~~~~~~~~~~~^~~~~~~~~~~~~~~~~~~~~~~~
      |      IsEndSentencePunctuation
..\src\Partition_on_sentences.cpp:15:62: error: '__gnu_cxx::__alloc_traits<std::allocator<TestToken>, TestToken>::value_type' {aka 'struct TestToken'} has no member named 'isEndSentencePunctuation'; did you mean 'IsEndSentencePunctuation'?
   15 |   if(tokens[i - 1].isEndSentencePunctuation() && !(tokens[i].isEndSentencePunctuation())){
      |                                                    ~~~~~~~~~~^~~~~~~~~~~~~~~~~~~~~~~~
      |                                                    IsEndSentencePunctuation
..\src\Partition_on_sentences.cpp:20:1: warning: no return statement in function returning non-void [-Wreturn-type]
   20 | }
      | ^
19:14:53 **** Incremental Build of configuration Debug for project Partition_on_sentences ****
Info: Internal Builder is used for build
g++ -O0 -g3 -Wall -c -fmessage-length=0 -o "src\\Partition_on_sentences.o" "..\\src\\Partition_on_sentences.cpp" 
..\src\Partition_on_sentences.cpp: In instantiation of 'std::vector<std::vector<T> > SplitIntoSentences(std::vector<T>) [with Token = TestToken]':
..\src\Partition_on_sentences.cpp:40:3:   required from here
..\src\Partition_on_sentences.cpp:20:1: warning: no return statement in function returning non-void [-Wreturn-type]
   20 | }
      | ^
g++ -o Partition_on_sentences.exe "src\\Partition_on_sentences.o" 
19:15:23 **** Incremental Build of configuration Debug for project Partition_on_sentences ****
Info: Internal Builder is used for build
g++ -O0 -g3 -Wall -c -fmessage-length=0 -o "src\\Partition_on_sentences.o" "..\\src\\Partition_on_sentences.cpp" 
..\src\Partition_on_sentences.cpp: In instantiation of 'std::vector<std::vector<T> > SplitIntoSentences(std::vector<T>) [with Token = TestToken]':
..\src\Partition_on_sentences.cpp:41:3:   required from here
..\src\Partition_on_sentences.cpp:21:1: warning: no return statement in function returning non-void [-Wreturn-type]
   21 | }
      | ^
g++ -o Partition_on_sentences.exe "src\\Partition_on_sentences.o" 
19:16:18 **** Incremental Build of configuration Debug for project Partition_on_sentences ****
Info: Internal Builder is used for build
g++ -O0 -g3 -Wall -c -fmessage-length=0 -o "src\\Partition_on_sentences.o" "..\\src\\Partition_on_sentences.cpp" 
..\src\Partition_on_sentences.cpp: In instantiation of 'std::vector<std::vector<T> > SplitIntoSentences(std::vector<T>) [with Token = TestToken]':
..\src\Partition_on_sentences.cpp:41:3:   required from here
..\src\Partition_on_sentences.cpp:21:1: warning: no return statement in function returning non-void [-Wreturn-type]
   21 | }
      | ^
g++ -o Partition_on_sentences.exe "src\\Partition_on_sentences.o" 
19:19:24 **** Incremental Build of configuration Debug for project Partition_on_sentences ****
Info: Internal Builder is used for build
g++ -O0 -g3 -Wall -c -fmessage-length=0 -o "src\\Partition_on_sentences.o" "..\\src\\Partition_on_sentences.cpp" 
..\src\Partition_on_sentences.cpp: In instantiation of 'std::vector<std::vector<T> > SplitIntoSentences(std::vector<T>) [with Token = TestToken]':
..\src\Partition_on_sentences.cpp:41:3:   required from here
..\src\Partition_on_sentences.cpp:21:1: warning: no return statement in function returning non-void [-Wreturn-type]
   21 | }
      | ^
g++ -o Partition_on_sentences.exe "src\\Partition_on_sentences.o" 
19:19:51 **** Incremental Build of configuration Debug for project Partition_on_sentences ****
Info: Internal Builder is used for build
g++ -O0 -g3 -Wall -c -fmessage-length=0 -o "src\\Partition_on_sentences.o" "..\\src\\Partition_on_sentences.cpp" 
g++ -o Partition_on_sentences.exe "src\\Partition_on_sentences.o" 
19:20:13 **** Incremental Build of configuration Debug for project Partition_on_sentences ****
Info: Internal Builder is used for build
g++ -O0 -g3 -Wall -c -fmessage-length=0 -o "src\\Partition_on_sentences.o" "..\\src\\Partition_on_sentences.cpp" 
g++ -o Partition_on_sentences.exe "src\\Partition_on_sentences.o" 
19:22:24 **** Incremental Build of configuration Debug for project Partition_on_sentences ****
Info: Internal Builder is used for build
g++ -O0 -g3 -Wall -c -fmessage-length=0 -o "src\\Partition_on_sentences.o" "..\\src\\Partition_on_sentences.cpp" 
..\src\Partition_on_sentences.cpp: In instantiation of 'std::vector<std::vector<T> > SplitIntoSentences(std::vector<T>) [with Token = TestToken]':
..\src\Partition_on_sentences.cpp:45:3:   required from here
..\src\Partition_on_sentences.cpp:22:8: error: no match for 'operator<<' (operand types are 'std::ostream' {aka 'std::basic_ostream<char>'} and '<unresolved overloaded function type>')
   22 |   cout << elem.data << endl;
      |   ~~~~~^~~~~~~~~~~~
In file included from C:/dev/lib/gcc/x86_64-w64-mingw32/9.2.0/include/c++/istream:39,
                 from C:/dev/lib/gcc/x86_64-w64-mingw32/9.2.0/include/c++/sstream:38,
                 from ..\src\test_runner.h:3,
                 from ..\src\Partition_on_sentences.cpp:1:
C:/dev/lib/gcc/x86_64-w64-mingw32/9.2.0/include/c++/ostream:108:7: note: candidate: 'std::basic_ostream<_CharT, _Traits>::__ostream_type& std::basic_ostream<_CharT, _Traits>::operator<<(std::basic_ostream<_CharT, _Traits>::__ostream_type& (*)(std::basic_ostream<_CharT, _Traits>::__ostream_type&)) [with _CharT = char; _Traits = std::char_traits<char>; std::basic_ostream<_CharT, _Traits>::__ostream_type = std::basic_ostream<char>]'
  108 |       operator<<(__ostream_type& (*__pf)(__ostream_type&))
      |       ^~~~~~~~
C:/dev/lib/gcc/x86_64-w64-mingw32/9.2.0/include/c++/ostream:108:36: note:   no known conversion for argument 1 from '<unresolved overloaded function type>' to 'std::basic_ostream<char>::__ostream_type& (*)(std::basic_ostream<char>::__ostream_type&)' {aka 'std::basic_ostream<char>& (*)(std::basic_ostream<char>&)'}
  108 |       operator<<(__ostream_type& (*__pf)(__ostream_type&))
      |                  ~~~~~~~~~~~~~~~~~~^~~~~~~~~~~~~~~~~~~~~~
C:/dev/lib/gcc/x86_64-w64-mingw32/9.2.0/include/c++/ostream:117:7: note: candidate: 'std::basic_ostream<_CharT, _Traits>::__ostream_type& std::basic_ostream<_CharT, _Traits>::operator<<(std::basic_ostream<_CharT, _Traits>::__ios_type& (*)(std::basic_ostream<_CharT, _Traits>::__ios_type&)) [with _CharT = char; _Traits = std::char_traits<char>; std::basic_ostream<_CharT, _Traits>::__ostream_type = std::basic_ostream<char>; std::basic_ostream<_CharT, _Traits>::__ios_type = std::basic_ios<char>]'
  117 |       operator<<(__ios_type& (*__pf)(__ios_type&))
      |       ^~~~~~~~
C:/dev/lib/gcc/x86_64-w64-mingw32/9.2.0/include/c++/ostream:117:32: note:   no known conversion for argument 1 from '<unresolved overloaded function type>' to 'std::basic_ostream<char>::__ios_type& (*)(std::basic_ostream<char>::__ios_type&)' {aka 'std::basic_ios<char>& (*)(std::basic_ios<char>&)'}
  117 |       operator<<(__ios_type& (*__pf)(__ios_type&))
      |                  ~~~~~~~~~~~~~~^~~~~~~~~~~~~~~~~~
C:/dev/lib/gcc/x86_64-w64-mingw32/9.2.0/include/c++/ostream:127:7: note: candidate: 'std::basic_ostream<_CharT, _Traits>::__ostream_type& std::basic_ostream<_CharT, _Traits>::operator<<(std::ios_base& (*)(std::ios_base&)) [with _CharT = char; _Traits = std::char_traits<char>; std::basic_ostream<_CharT, _Traits>::__ostream_type = std::basic_ostream<char>]'
  127 |       operator<<(ios_base& (*__pf) (ios_base&))
      |       ^~~~~~~~
C:/dev/lib/gcc/x86_64-w64-mingw32/9.2.0/include/c++/ostream:127:30: note:   no known conversion for argument 1 from '<unresolved overloaded function type>' to 'std::ios_base& (*)(std::ios_base&)'
  127 |       operator<<(ios_base& (*__pf) (ios_base&))
      |                  ~~~~~~~~~~~~^~~~~~~~~~~~~~~~~
C:/dev/lib/gcc/x86_64-w64-mingw32/9.2.0/include/c++/ostream:166:7: note: candidate: 'std::basic_ostream<_CharT, _Traits>::__ostream_type& std::basic_ostream<_CharT, _Traits>::operator<<(long int) [with _CharT = char; _Traits = std::char_traits<char>; std::basic_ostream<_CharT, _Traits>::__ostream_type = std::basic_ostream<char>]'
  166 |       operator<<(long __n)
      |       ^~~~~~~~
C:/dev/lib/gcc/x86_64-w64-mingw32/9.2.0/include/c++/ostream:166:23: note:   no known conversion for argument 1 from '<unresolved overloaded function type>' to 'long int'
  166 |       operator<<(long __n)
      |                  ~~~~~^~~
C:/dev/lib/gcc/x86_64-w64-mingw32/9.2.0/include/c++/ostream:170:7: note: candidate: 'std::basic_ostream<_CharT, _Traits>::__ostream_type& std::basic_ostream<_CharT, _Traits>::operator<<(long unsigned int) [with _CharT = char; _Traits = std::char_traits<char>; std::basic_ostream<_CharT, _Traits>::__ostream_type = std::basic_ostream<char>]'
  170 |       operator<<(unsigned long __n)
      |       ^~~~~~~~
C:/dev/lib/gcc/x86_64-w64-mingw32/9.2.0/include/c++/ostream:170:32: note:   no known conversion for argument 1 from '<unresolved overloaded function type>' to 'long unsigned int'
  170 |       operator<<(unsigned long __n)
      |                  ~~~~~~~~~~~~~~^~~
C:/dev/lib/gcc/x86_64-w64-mingw32/9.2.0/include/c++/ostream:174:7: note: candidate: 'std::basic_ostream<_CharT, _Traits>::__ostream_type& std::basic_ostream<_CharT, _Traits>::operator<<(bool) [with _CharT = char; _Traits = std::char_traits<char>; std::basic_ostream<_CharT, _Traits>::__ostream_type = std::basic_ostream<char>]'
  174 |       operator<<(bool __n)
      |       ^~~~~~~~
C:/dev/lib/gcc/x86_64-w64-mingw32/9.2.0/include/c++/ostream:174:23: note:   no known conversion for argument 1 from '<unresolved overloaded function type>' to 'bool'
  174 |       operator<<(bool __n)
      |                  ~~~~~^~~
In file included from C:/dev/lib/gcc/x86_64-w64-mingw32/9.2.0/include/c++/ostream:702,
                 from C:/dev/lib/gcc/x86_64-w64-mingw32/9.2.0/include/c++/istream:39,
                 from C:/dev/lib/gcc/x86_64-w64-mingw32/9.2.0/include/c++/sstream:38,
                 from ..\src\test_runner.h:3,
                 from ..\src\Partition_on_sentences.cpp:1:
C:/dev/lib/gcc/x86_64-w64-mingw32/9.2.0/include/c++/bits/ostream.tcc:91:5: note: candidate: 'std::basic_ostream<_CharT, _Traits>& std::basic_ostream<_CharT, _Traits>::operator<<(short int) [with _CharT = char; _Traits = std::char_traits<char>]'
   91 |     basic_ostream<_CharT, _Traits>::
      |     ^~~~~~~~~~~~~~~~~~~~~~~~~~~~~~
C:/dev/lib/gcc/x86_64-w64-mingw32/9.2.0/include/c++/bits/ostream.tcc:92:22: note:   no known conversion for argument 1 from '<unresolved overloaded function type>' to 'short int'
   92 |     operator<<(short __n)
      |                ~~~~~~^~~
In file included from C:/dev/lib/gcc/x86_64-w64-mingw32/9.2.0/include/c++/istream:39,
                 from C:/dev/lib/gcc/x86_64-w64-mingw32/9.2.0/include/c++/sstream:38,
                 from ..\src\test_runner.h:3,
                 from ..\src\Partition_on_sentences.cpp:1:
C:/dev/lib/gcc/x86_64-w64-mingw32/9.2.0/include/c++/ostream:181:7: note: candidate: 'std::basic_ostream<_CharT, _Traits>::__ostream_type& std::basic_ostream<_CharT, _Traits>::operator<<(short unsigned int) [with _CharT = char; _Traits = std::char_traits<char>; std::basic_ostream<_CharT, _Traits>::__ostream_type = std::basic_ostream<char>]'
  181 |       operator<<(unsigned short __n)
      |       ^~~~~~~~
C:/dev/lib/gcc/x86_64-w64-mingw32/9.2.0/include/c++/ostream:181:33: note:   no known conversion for argument 1 from '<unresolved overloaded function type>' to 'short unsigned int'
  181 |       operator<<(unsigned short __n)
      |                  ~~~~~~~~~~~~~~~^~~
In file included from C:/dev/lib/gcc/x86_64-w64-mingw32/9.2.0/include/c++/ostream:702,
                 from C:/dev/lib/gcc/x86_64-w64-mingw32/9.2.0/include/c++/istream:39,
                 from C:/dev/lib/gcc/x86_64-w64-mingw32/9.2.0/include/c++/sstream:38,
                 from ..\src\test_runner.h:3,
                 from ..\src\Partition_on_sentences.cpp:1:
C:/dev/lib/gcc/x86_64-w64-mingw32/9.2.0/include/c++/bits/ostream.tcc:105:5: note: candidate: 'std::basic_ostream<_CharT, _Traits>& std::basic_ostream<_CharT, _Traits>::operator<<(int) [with _CharT = char; _Traits = std::char_traits<char>]'
  105 |     basic_ostream<_CharT, _Traits>::
      |     ^~~~~~~~~~~~~~~~~~~~~~~~~~~~~~
C:/dev/lib/gcc/x86_64-w64-mingw32/9.2.0/include/c++/bits/ostream.tcc:106:20: note:   no known conversion for argument 1 from '<unresolved overloaded function type>' to 'int'
  106 |     operator<<(int __n)
      |                ~~~~^~~
In file included from C:/dev/lib/gcc/x86_64-w64-mingw32/9.2.0/include/c++/istream:39,
                 from C:/dev/lib/gcc/x86_64-w64-mingw32/9.2.0/include/c++/sstream:38,
                 from ..\src\test_runner.h:3,
                 from ..\src\Partition_on_sentences.cpp:1:
C:/dev/lib/gcc/x86_64-w64-mingw32/9.2.0/include/c++/ostream:192:7: note: candidate: 'std::basic_ostream<_CharT, _Traits>::__ostream_type& std::basic_ostream<_CharT, _Traits>::operator<<(unsigned int) [with _CharT = char; _Traits = std::char_traits<char>; std::basic_ostream<_CharT, _Traits>::__ostream_type = std::basic_ostream<char>]'
  192 |       operator<<(unsigned int __n)
      |       ^~~~~~~~
C:/dev/lib/gcc/x86_64-w64-mingw32/9.2.0/include/c++/ostream:192:31: note:   no known conversion for argument 1 from '<unresolved overloaded function type>' to 'unsigned int'
  192 |       operator<<(unsigned int __n)
      |                  ~~~~~~~~~~~~~^~~
C:/dev/lib/gcc/x86_64-w64-mingw32/9.2.0/include/c++/ostream:201:7: note: candidate: 'std::basic_ostream<_CharT, _Traits>::__ostream_type& std::basic_ostream<_CharT, _Traits>::operator<<(long long int) [with _CharT = char; _Traits = std::char_traits<char>; std::basic_ostream<_CharT, _Traits>::__ostream_type = std::basic_ostream<char>]'
  201 |       operator<<(long long __n)
      |       ^~~~~~~~
C:/dev/lib/gcc/x86_64-w64-mingw32/9.2.0/include/c++/ostream:201:28: note:   no known conversion for argument 1 from '<unresolved overloaded function type>' to 'long long int'
  201 |       operator<<(long long __n)
      |                  ~~~~~~~~~~^~~
C:/dev/lib/gcc/x86_64-w64-mingw32/9.2.0/include/c++/ostream:205:7: note: candidate: 'std::basic_ostream<_CharT, _Traits>::__ostream_type& std::basic_ostream<_CharT, _Traits>::operator<<(long long unsigned int) [with _CharT = char; _Traits = std::char_traits<char>; std::basic_ostream<_CharT, _Traits>::__ostream_type = std::basic_ostream<char>]'
  205 |       operator<<(unsigned long long __n)
      |       ^~~~~~~~
C:/dev/lib/gcc/x86_64-w64-mingw32/9.2.0/include/c++/ostream:205:37: note:   no known conversion for argument 1 from '<unresolved overloaded function type>' to 'long long unsigned int'
  205 |       operator<<(unsigned long long __n)
      |                  ~~~~~~~~~~~~~~~~~~~^~~
C:/dev/lib/gcc/x86_64-w64-mingw32/9.2.0/include/c++/ostream:220:7: note: candidate: 'std::basic_ostream<_CharT, _Traits>::__ostream_type& std::basic_ostream<_CharT, _Traits>::operator<<(double) [with _CharT = char; _Traits = std::char_traits<char>; std::basic_ostream<_CharT, _Traits>::__ostream_type = std::basic_ostream<char>]'
  220 |       operator<<(double __f)
      |       ^~~~~~~~
C:/dev/lib/gcc/x86_64-w64-mingw32/9.2.0/include/c++/ostream:220:25: note:   no known conversion for argument 1 from '<unresolved overloaded function type>' to 'double'
  220 |       operator<<(double __f)
      |                  ~~~~~~~^~~
C:/dev/lib/gcc/x86_64-w64-mingw32/9.2.0/include/c++/ostream:224:7: note: candidate: 'std::basic_ostream<_CharT, _Traits>::__ostream_type& std::basic_ostream<_CharT, _Traits>::operator<<(float) [with _CharT = char; _Traits = std::char_traits<char>; std::basic_ostream<_CharT, _Traits>::__ostream_type = std::basic_ostream<char>]'
  224 |       operator<<(float __f)
      |       ^~~~~~~~
C:/dev/lib/gcc/x86_64-w64-mingw32/9.2.0/include/c++/ostream:224:24: note:   no known conversion for argument 1 from '<unresolved overloaded function type>' to 'float'
  224 |       operator<<(float __f)
      |                  ~~~~~~^~~
C:/dev/lib/gcc/x86_64-w64-mingw32/9.2.0/include/c++/ostream:232:7: note: candidate: 'std::basic_ostream<_CharT, _Traits>::__ostream_type& std::basic_ostream<_CharT, _Traits>::operator<<(long double) [with _CharT = char; _Traits = std::char_traits<char>; std::basic_ostream<_CharT, _Traits>::__ostream_type = std::basic_ostream<char>]'
  232 |       operator<<(long double __f)
      |       ^~~~~~~~
C:/dev/lib/gcc/x86_64-w64-mingw32/9.2.0/include/c++/ostream:232:30: note:   no known conversion for argument 1 from '<unresolved overloaded function type>' to 'long double'
  232 |       operator<<(long double __f)
      |                  ~~~~~~~~~~~~^~~
C:/dev/lib/gcc/x86_64-w64-mingw32/9.2.0/include/c++/ostream:245:7: note: candidate: 'std::basic_ostream<_CharT, _Traits>::__ostream_type& std::basic_ostream<_CharT, _Traits>::operator<<(const void*) [with _CharT = char; _Traits = std::char_traits<char>; std::basic_ostream<_CharT, _Traits>::__ostream_type = std::basic_ostream<char>]'
  245 |       operator<<(const void* __p)
      |       ^~~~~~~~
C:/dev/lib/gcc/x86_64-w64-mingw32/9.2.0/include/c++/ostream:245:30: note:   no known conversion for argument 1 from '<unresolved overloaded function type>' to 'const void*'
  245 |       operator<<(const void* __p)
      |                  ~~~~~~~~~~~~^~~
In file included from C:/dev/lib/gcc/x86_64-w64-mingw32/9.2.0/include/c++/ostream:702,
                 from C:/dev/lib/gcc/x86_64-w64-mingw32/9.2.0/include/c++/istream:39,
                 from C:/dev/lib/gcc/x86_64-w64-mingw32/9.2.0/include/c++/sstream:38,
                 from ..\src\test_runner.h:3,
                 from ..\src\Partition_on_sentences.cpp:1:
C:/dev/lib/gcc/x86_64-w64-mingw32/9.2.0/include/c++/bits/ostream.tcc:119:5: note: candidate: 'std::basic_ostream<_CharT, _Traits>& std::basic_ostream<_CharT, _Traits>::operator<<(std::basic_ostream<_CharT, _Traits>::__streambuf_type*) [with _CharT = char; _Traits = std::char_traits<char>; std::basic_ostream<_CharT, _Traits>::__streambuf_type = std::basic_streambuf<char>]'
  119 |     basic_ostream<_CharT, _Traits>::
      |     ^~~~~~~~~~~~~~~~~~~~~~~~~~~~~~
C:/dev/lib/gcc/x86_64-w64-mingw32/9.2.0/include/c++/bits/ostream.tcc:120:34: note:   no known conversion for argument 1 from '<unresolved overloaded function type>' to 'std::basic_ostream<char>::__streambuf_type*' {aka 'std::basic_streambuf<char>*'}
  120 |     operator<<(__streambuf_type* __sbin)
      |                ~~~~~~~~~~~~~~~~~~^~~~~~
In file included from ..\src\Partition_on_sentences.cpp:1:
..\src\test_runner.h:14:10: note: candidate: 'template<class T> std::ostream& operator<<(std::ostream&, const std::vector<T>&)'
   14 | ostream& operator << (ostream& os, const vector<T>& s) {
      |          ^~~~~~~~
..\src\test_runner.h:14:10: note:   template argument deduction/substitution failed:
..\src\Partition_on_sentences.cpp:22:8: note:   mismatched types 'const std::vector<T>' and 'const TestToken* (std::vector<TestToken>::*)() const noexcept' {aka 'const TestToken* (std::vector<TestToken>::*)() const'}
   22 |   cout << elem.data << endl;
      |   ~~~~~^~~~~~~~~~~~
..\src\Partition_on_sentences.cpp:22:8: note:   mismatched types 'const std::vector<T>' and 'TestToken* (std::vector<TestToken>::*)() noexcept' {aka 'TestToken* (std::vector<TestToken>::*)()'}
..\src\Partition_on_sentences.cpp:22:8: note:   couldn't deduce template parameter 'T'
In file included from ..\src\Partition_on_sentences.cpp:1:
..\src\test_runner.h:28:10: note: candidate: 'template<class T> std::ostream& operator<<(std::ostream&, const std::set<T>&)'
   28 | ostream& operator << (ostream& os, const set<T>& s) {
      |          ^~~~~~~~
..\src\test_runner.h:28:10: note:   template argument deduction/substitution failed:
..\src\Partition_on_sentences.cpp:22:8: note:   mismatched types 'const std::set<T>' and 'const TestToken* (std::vector<TestToken>::*)() const noexcept' {aka 'const TestToken* (std::vector<TestToken>::*)() const'}
   22 |   cout << elem.data << endl;
      |   ~~~~~^~~~~~~~~~~~
..\src\Partition_on_sentences.cpp:22:8: note:   mismatched types 'const std::set<T>' and 'TestToken* (std::vector<TestToken>::*)() noexcept' {aka 'TestToken* (std::vector<TestToken>::*)()'}
..\src\Partition_on_sentences.cpp:22:8: note:   couldn't deduce template parameter 'T'
In file included from ..\src\Partition_on_sentences.cpp:1:
..\src\test_runner.h:42:10: note: candidate: 'template<class K, class V> std::ostream& operator<<(std::ostream&, const std::map<K, V>&)'
   42 | ostream& operator << (ostream& os, const map<K, V>& m) {
      |          ^~~~~~~~
..\src\test_runner.h:42:10: note:   template argument deduction/substitution failed:
..\src\Partition_on_sentences.cpp:22:8: note:   mismatched types 'const std::map<K, V>' and 'const TestToken* (std::vector<TestToken>::*)() const noexcept' {aka 'const TestToken* (std::vector<TestToken>::*)() const'}
   22 |   cout << elem.data << endl;
      |   ~~~~~^~~~~~~~~~~~
..\src\Partition_on_sentences.cpp:22:8: note:   mismatched types 'const std::map<K, V>' and 'TestToken* (std::vector<TestToken>::*)() noexcept' {aka 'TestToken* (std::vector<TestToken>::*)()'}
..\src\Partition_on_sentences.cpp:22:8: note:   couldn't deduce template parameter 'K'
..\src\Partition_on_sentences.cpp:40:10: note: candidate: 'std::ostream& operator<<(std::ostream&, const TestToken&)'
   40 | ostream& operator<<(ostream& stream, const TestToken& token) {
      |          ^~~~~~~~
..\src\Partition_on_sentences.cpp:40:55: note:   no known conversion for argument 2 from '<unresolved overloaded function type>' to 'const TestToken&'
   40 | ostream& operator<<(ostream& stream, const TestToken& token) {
      |                                      ~~~~~~~~~~~~~~~~~^~~~~
In file included from C:/dev/lib/gcc/x86_64-w64-mingw32/9.2.0/include/c++/string:55,
                 from C:/dev/lib/gcc/x86_64-w64-mingw32/9.2.0/include/c++/bits/locale_classes.h:40,
                 from C:/dev/lib/gcc/x86_64-w64-mingw32/9.2.0/include/c++/bits/ios_base.h:41,
                 from C:/dev/lib/gcc/x86_64-w64-mingw32/9.2.0/include/c++/ios:42,
                 from C:/dev/lib/gcc/x86_64-w64-mingw32/9.2.0/include/c++/istream:38,
                 from C:/dev/lib/gcc/x86_64-w64-mingw32/9.2.0/include/c++/sstream:38,
                 from ..\src\test_runner.h:3,
                 from ..\src\Partition_on_sentences.cpp:1:
C:/dev/lib/gcc/x86_64-w64-mingw32/9.2.0/include/c++/bits/basic_string.h:6416:5: note: candidate: 'template<class _CharT, class _Traits, class _Alloc> std::basic_ostream<_CharT, _Traits>& std::operator<<(std::basic_ostream<_CharT, _Traits>&, const std::__cxx11::basic_string<_CharT, _Traits, _Alloc>&)'
 6416 |     operator<<(basic_ostream<_CharT, _Traits>& __os,
      |     ^~~~~~~~
C:/dev/lib/gcc/x86_64-w64-mingw32/9.2.0/include/c++/bits/basic_string.h:6416:5: note:   template argument deduction/substitution failed:
..\src\Partition_on_sentences.cpp:22:8: note:   mismatched types 'const std::__cxx11::basic_string<_CharT, _Traits, _Alloc>' and 'const TestToken* (std::vector<TestToken>::*)() const noexcept' {aka 'const TestToken* (std::vector<TestToken>::*)() const'}
   22 |   cout << elem.data << endl;
      |   ~~~~~^~~~~~~~~~~~
..\src\Partition_on_sentences.cpp:22:8: note:   mismatched types 'const std::__cxx11::basic_string<_CharT, _Traits, _Alloc>' and 'TestToken* (std::vector<TestToken>::*)() noexcept' {aka 'TestToken* (std::vector<TestToken>::*)()'}
..\src\Partition_on_sentences.cpp:22:8: note:   couldn't deduce template parameter '_Alloc'
In file included from C:/dev/lib/gcc/x86_64-w64-mingw32/9.2.0/include/c++/bits/ios_base.h:46,
                 from C:/dev/lib/gcc/x86_64-w64-mingw32/9.2.0/include/c++/ios:42,
                 from C:/dev/lib/gcc/x86_64-w64-mingw32/9.2.0/include/c++/istream:38,
                 from C:/dev/lib/gcc/x86_64-w64-mingw32/9.2.0/include/c++/sstream:38,
                 from ..\src\test_runner.h:3,
                 from ..\src\Partition_on_sentences.cpp:1:
C:/dev/lib/gcc/x86_64-w64-mingw32/9.2.0/include/c++/system_error:217:5: note: candidate: 'template<class _CharT, class _Traits> std::basic_ostream<_CharT, _Traits>& std::operator<<(std::basic_ostream<_CharT, _Traits>&, const std::error_code&)'
  217 |     operator<<(basic_ostream<_CharT, _Traits>& __os, const error_code& __e)
      |     ^~~~~~~~
C:/dev/lib/gcc/x86_64-w64-mingw32/9.2.0/include/c++/system_error:217:5: note:   template argument deduction/substitution failed:
..\src\Partition_on_sentences.cpp:22:16: note:   cannot convert 'elem.std::vector<TestToken>::data' (type '<unresolved overloaded function type>') to type 'const std::error_code&'
   22 |   cout << elem.data << endl;
      |           ~~~~~^~~~
In file included from C:/dev/lib/gcc/x86_64-w64-mingw32/9.2.0/include/c++/istream:39,
                 from C:/dev/lib/gcc/x86_64-w64-mingw32/9.2.0/include/c++/sstream:38,
                 from ..\src\test_runner.h:3,
                 from ..\src\Partition_on_sentences.cpp:1:
C:/dev/lib/gcc/x86_64-w64-mingw32/9.2.0/include/c++/ostream:506:5: note: candidate: 'std::basic_ostream<_CharT, _Traits>& std::operator<<(std::basic_ostream<_CharT, _Traits>&, _CharT) [with _CharT = char; _Traits = std::char_traits<char>]'
  506 |     operator<<(basic_ostream<_CharT, _Traits>& ___out, _CharT __c)
      |     ^~~~~~~~
C:/dev/lib/gcc/x86_64-w64-mingw32/9.2.0/include/c++/ostream:506:63: note:   no known conversion for argument 2 from '<unresolved overloaded function type>' to 'char'
  506 |     operator<<(basic_ostream<_CharT, _Traits>& ___out, _CharT __c)
      |                                                        ~~~~~~~^~~
C:/dev/lib/gcc/x86_64-w64-mingw32/9.2.0/include/c++/ostream:511:5: note: candidate: 'template<class _CharT, class _Traits> std::basic_ostream<_CharT, _Traits>& std::operator<<(std::basic_ostream<_CharT, _Traits>&, char)'
  511 |     operator<<(basic_ostream<_CharT, _Traits>& ___out, char __c)
      |     ^~~~~~~~
C:/dev/lib/gcc/x86_64-w64-mingw32/9.2.0/include/c++/ostream:511:5: note:   template argument deduction/substitution failed:
..\src\Partition_on_sentences.cpp:22:16: note:   cannot convert 'elem.std::vector<TestToken>::data' (type '<unresolved overloaded function type>') to type 'char'
   22 |   cout << elem.data << endl;
      |           ~~~~~^~~~
In file included from C:/dev/lib/gcc/x86_64-w64-mingw32/9.2.0/include/c++/istream:39,
                 from C:/dev/lib/gcc/x86_64-w64-mingw32/9.2.0/include/c++/sstream:38,
                 from ..\src\test_runner.h:3,
                 from ..\src\Partition_on_sentences.cpp:1:
C:/dev/lib/gcc/x86_64-w64-mingw32/9.2.0/include/c++/ostream:517:5: note: candidate: 'template<class _Traits> std::basic_ostream<char, _Traits>& std::operator<<(std::basic_ostream<char, _Traits>&, char)'
  517 |     operator<<(basic_ostream<char, _Traits>& ___out, char __c)
      |     ^~~~~~~~
C:/dev/lib/gcc/x86_64-w64-mingw32/9.2.0/include/c++/ostream:517:5: note:   template argument deduction/substitution failed:
..\src\Partition_on_sentences.cpp:22:16: note:   cannot convert 'elem.std::vector<TestToken>::data' (type '<unresolved overloaded function type>') to type 'char'
   22 |   cout << elem.data << endl;
      |           ~~~~~^~~~
In file included from C:/dev/lib/gcc/x86_64-w64-mingw32/9.2.0/include/c++/istream:39,
                 from C:/dev/lib/gcc/x86_64-w64-mingw32/9.2.0/include/c++/sstream:38,
                 from ..\src\test_runner.h:3,
                 from ..\src\Partition_on_sentences.cpp:1:
C:/dev/lib/gcc/x86_64-w64-mingw32/9.2.0/include/c++/ostream:523:5: note: candidate: 'template<class _Traits> std::basic_ostream<char, _Traits>& std::operator<<(std::basic_ostream<char, _Traits>&, signed char)'
  523 |     operator<<(basic_ostream<char, _Traits>& ___out, signed char __c)
      |     ^~~~~~~~
C:/dev/lib/gcc/x86_64-w64-mingw32/9.2.0/include/c++/ostream:523:5: note:   template argument deduction/substitution failed:
..\src\Partition_on_sentences.cpp:22:16: note:   cannot convert 'elem.std::vector<TestToken>::data' (type '<unresolved overloaded function type>') to type 'signed char'
   22 |   cout << elem.data << endl;
      |           ~~~~~^~~~
In file included from C:/dev/lib/gcc/x86_64-w64-mingw32/9.2.0/include/c++/istream:39,
                 from C:/dev/lib/gcc/x86_64-w64-mingw32/9.2.0/include/c++/sstream:38,
                 from ..\src\test_runner.h:3,
                 from ..\src\Partition_on_sentences.cpp:1:
C:/dev/lib/gcc/x86_64-w64-mingw32/9.2.0/include/c++/ostream:528:5: note: candidate: 'template<class _Traits> std::basic_ostream<char, _Traits>& std::operator<<(std::basic_ostream<char, _Traits>&, unsigned char)'
  528 |     operator<<(basic_ostream<char, _Traits>& ___out, unsigned char __c)
      |     ^~~~~~~~
C:/dev/lib/gcc/x86_64-w64-mingw32/9.2.0/include/c++/ostream:528:5: note:   template argument deduction/substitution failed:
..\src\Partition_on_sentences.cpp:22:16: note:   cannot convert 'elem.std::vector<TestToken>::data' (type '<unresolved overloaded function type>') to type 'unsigned char'
   22 |   cout << elem.data << endl;
      |           ~~~~~^~~~
In file included from C:/dev/lib/gcc/x86_64-w64-mingw32/9.2.0/include/c++/istream:39,
                 from C:/dev/lib/gcc/x86_64-w64-mingw32/9.2.0/include/c++/sstream:38,
                 from ..\src\test_runner.h:3,
                 from ..\src\Partition_on_sentences.cpp:1:
C:/dev/lib/gcc/x86_64-w64-mingw32/9.2.0/include/c++/ostream:548:5: note: candidate: 'std::basic_ostream<_CharT, _Traits>& std::operator<<(std::basic_ostream<_CharT, _Traits>&, const _CharT*) [with _CharT = char; _Traits = std::char_traits<char>]'
  548 |     operator<<(basic_ostream<_CharT, _Traits>& ___out, const _CharT* __s)
      |     ^~~~~~~~
C:/dev/lib/gcc/x86_64-w64-mingw32/9.2.0/include/c++/ostream:548:70: note:   no known conversion for argument 2 from '<unresolved overloaded function type>' to 'const char*'
  548 |     operator<<(basic_ostream<_CharT, _Traits>& ___out, const _CharT* __s)
      |                                                        ~~~~~~~~~~~~~~^~~
In file included from C:/dev/lib/gcc/x86_64-w64-mingw32/9.2.0/include/c++/ostream:702,
                 from C:/dev/lib/gcc/x86_64-w64-mingw32/9.2.0/include/c++/istream:39,
                 from C:/dev/lib/gcc/x86_64-w64-mingw32/9.2.0/include/c++/sstream:38,
                 from ..\src\test_runner.h:3,
                 from ..\src\Partition_on_sentences.cpp:1:
C:/dev/lib/gcc/x86_64-w64-mingw32/9.2.0/include/c++/bits/ostream.tcc:321:5: note: candidate: 'template<class _CharT, class _Traits> std::basic_ostream<_CharT, _Traits>& std::operator<<(std::basic_ostream<_CharT, _Traits>&, const char*)'
  321 |     operator<<(basic_ostream<_CharT, _Traits>& ___out, const char* __s)
      |     ^~~~~~~~
C:/dev/lib/gcc/x86_64-w64-mingw32/9.2.0/include/c++/bits/ostream.tcc:321:5: note:   template argument deduction/substitution failed:
..\src\Partition_on_sentences.cpp:22:16: note:   cannot convert 'elem.std::vector<TestToken>::data' (type '<unresolved overloaded function type>') to type 'const char*'
   22 |   cout << elem.data << endl;
      |           ~~~~~^~~~
In file included from C:/dev/lib/gcc/x86_64-w64-mingw32/9.2.0/include/c++/istream:39,
                 from C:/dev/lib/gcc/x86_64-w64-mingw32/9.2.0/include/c++/sstream:38,
                 from ..\src\test_runner.h:3,
                 from ..\src\Partition_on_sentences.cpp:1:
C:/dev/lib/gcc/x86_64-w64-mingw32/9.2.0/include/c++/ostream:565:5: note: candidate: 'template<class _Traits> std::basic_ostream<char, _Traits>& std::operator<<(std::basic_ostream<char, _Traits>&, const char*)'
  565 |     operator<<(basic_ostream<char, _Traits>& ___out, const char* __s)
      |     ^~~~~~~~
C:/dev/lib/gcc/x86_64-w64-mingw32/9.2.0/include/c++/ostream:565:5: note:   template argument deduction/substitution failed:
..\src\Partition_on_sentences.cpp:22:16: note:   cannot convert 'elem.std::vector<TestToken>::data' (type '<unresolved overloaded function type>') to type 'const char*'
   22 |   cout << elem.data << endl;
      |           ~~~~~^~~~
In file included from C:/dev/lib/gcc/x86_64-w64-mingw32/9.2.0/include/c++/istream:39,
                 from C:/dev/lib/gcc/x86_64-w64-mingw32/9.2.0/include/c++/sstream:38,
                 from ..\src\test_runner.h:3,
                 from ..\src\Partition_on_sentences.cpp:1:
C:/dev/lib/gcc/x86_64-w64-mingw32/9.2.0/include/c++/ostream:578:5: note: candidate: 'template<class _Traits> std::basic_ostream<char, _Traits>& std::operator<<(std::basic_ostream<char, _Traits>&, const signed char*)'
  578 |     operator<<(basic_ostream<char, _Traits>& ___out, const signed char* __s)
      |     ^~~~~~~~
C:/dev/lib/gcc/x86_64-w64-mingw32/9.2.0/include/c++/ostream:578:5: note:   template argument deduction/substitution failed:
..\src\Partition_on_sentences.cpp:22:16: note:   cannot convert 'elem.std::vector<TestToken>::data' (type '<unresolved overloaded function type>') to type 'const signed char*'
   22 |   cout << elem.data << endl;
      |           ~~~~~^~~~
In file included from C:/dev/lib/gcc/x86_64-w64-mingw32/9.2.0/include/c++/istream:39,
                 from C:/dev/lib/gcc/x86_64-w64-mingw32/9.2.0/include/c++/sstream:38,
                 from ..\src\test_runner.h:3,
                 from ..\src\Partition_on_sentences.cpp:1:
C:/dev/lib/gcc/x86_64-w64-mingw32/9.2.0/include/c++/ostream:583:5: note: candidate: 'template<class _Traits> std::basic_ostream<char, _Traits>& std::operator<<(std::basic_ostream<char, _Traits>&, const unsigned char*)'
  583 |     operator<<(basic_ostream<char, _Traits>& ___out, const unsigned char* __s)
      |     ^~~~~~~~
C:/dev/lib/gcc/x86_64-w64-mingw32/9.2.0/include/c++/ostream:583:5: note:   template argument deduction/substitution failed:
..\src\Partition_on_sentences.cpp:22:16: note:   cannot convert 'elem.std::vector<TestToken>::data' (type '<unresolved overloaded function type>') to type 'const unsigned char*'
   22 |   cout << elem.data << endl;
      |           ~~~~~^~~~
In file included from C:/dev/lib/gcc/x86_64-w64-mingw32/9.2.0/include/c++/istream:39,
                 from C:/dev/lib/gcc/x86_64-w64-mingw32/9.2.0/include/c++/sstream:38,
                 from ..\src\test_runner.h:3,
                 from ..\src\Partition_on_sentences.cpp:1:
C:/dev/lib/gcc/x86_64-w64-mingw32/9.2.0/include/c++/ostream:691:5: note: candidate: 'template<class _Ostream, class _Tp> typename std::enable_if<std::__and_<std::__not_<std::is_lvalue_reference<_Tp> >, std::__is_convertible_to_basic_ostream<_Ostream>, std::__is_insertable<typename std::__is_convertible_to_basic_ostream<_Tp>::__ostream_type, const _Tp&, void> >::value, typename std::__is_convertible_to_basic_ostream<_Tp>::__ostream_type>::type std::operator<<(_Ostream&&, const _Tp&)'
  691 |     operator<<(_Ostream&& __os, const _Tp& __x)
      |     ^~~~~~~~
C:/dev/lib/gcc/x86_64-w64-mingw32/9.2.0/include/c++/ostream:691:5: note:   template argument deduction/substitution failed:
..\src\Partition_on_sentences.cpp:22:8: note:   couldn't deduce template parameter '_Tp'
   22 |   cout << elem.data << endl;
      |   ~~~~~^~~~~~~~~~~~
19:23:23 **** Incremental Build of configuration Debug for project Partition_on_sentences ****
Info: Internal Builder is used for build
g++ -O0 -g3 -Wall -c -fmessage-length=0 -o "src\\Partition_on_sentences.o" "..\\src\\Partition_on_sentences.cpp" 
..\src\Partition_on_sentences.cpp: In instantiation of 'std::vector<std::vector<T> > SplitIntoSentences(std::vector<T>) [with Token = TestToken]':
..\src\Partition_on_sentences.cpp:48:3:   required from here
..\src\Partition_on_sentences.cpp:23:9: error: no match for 'operator<<' (operand types are 'std::ostream' {aka 'std::basic_ostream<char>'} and '<unresolved overloaded function type>')
   23 |    cout << sentence.data << " ";
      |    ~~~~~^~~~~~~~~~~~~~~~
In file included from C:/dev/lib/gcc/x86_64-w64-mingw32/9.2.0/include/c++/istream:39,
                 from C:/dev/lib/gcc/x86_64-w64-mingw32/9.2.0/include/c++/sstream:38,
                 from ..\src\test_runner.h:3,
                 from ..\src\Partition_on_sentences.cpp:1:
C:/dev/lib/gcc/x86_64-w64-mingw32/9.2.0/include/c++/ostream:108:7: note: candidate: 'std::basic_ostream<_CharT, _Traits>::__ostream_type& std::basic_ostream<_CharT, _Traits>::operator<<(std::basic_ostream<_CharT, _Traits>::__ostream_type& (*)(std::basic_ostream<_CharT, _Traits>::__ostream_type&)) [with _CharT = char; _Traits = std::char_traits<char>; std::basic_ostream<_CharT, _Traits>::__ostream_type = std::basic_ostream<char>]'
  108 |       operator<<(__ostream_type& (*__pf)(__ostream_type&))
      |       ^~~~~~~~
C:/dev/lib/gcc/x86_64-w64-mingw32/9.2.0/include/c++/ostream:108:36: note:   no known conversion for argument 1 from '<unresolved overloaded function type>' to 'std::basic_ostream<char>::__ostream_type& (*)(std::basic_ostream<char>::__ostream_type&)' {aka 'std::basic_ostream<char>& (*)(std::basic_ostream<char>&)'}
  108 |       operator<<(__ostream_type& (*__pf)(__ostream_type&))
      |                  ~~~~~~~~~~~~~~~~~~^~~~~~~~~~~~~~~~~~~~~~
C:/dev/lib/gcc/x86_64-w64-mingw32/9.2.0/include/c++/ostream:117:7: note: candidate: 'std::basic_ostream<_CharT, _Traits>::__ostream_type& std::basic_ostream<_CharT, _Traits>::operator<<(std::basic_ostream<_CharT, _Traits>::__ios_type& (*)(std::basic_ostream<_CharT, _Traits>::__ios_type&)) [with _CharT = char; _Traits = std::char_traits<char>; std::basic_ostream<_CharT, _Traits>::__ostream_type = std::basic_ostream<char>; std::basic_ostream<_CharT, _Traits>::__ios_type = std::basic_ios<char>]'
  117 |       operator<<(__ios_type& (*__pf)(__ios_type&))
      |       ^~~~~~~~
C:/dev/lib/gcc/x86_64-w64-mingw32/9.2.0/include/c++/ostream:117:32: note:   no known conversion for argument 1 from '<unresolved overloaded function type>' to 'std::basic_ostream<char>::__ios_type& (*)(std::basic_ostream<char>::__ios_type&)' {aka 'std::basic_ios<char>& (*)(std::basic_ios<char>&)'}
  117 |       operator<<(__ios_type& (*__pf)(__ios_type&))
      |                  ~~~~~~~~~~~~~~^~~~~~~~~~~~~~~~~~
C:/dev/lib/gcc/x86_64-w64-mingw32/9.2.0/include/c++/ostream:127:7: note: candidate: 'std::basic_ostream<_CharT, _Traits>::__ostream_type& std::basic_ostream<_CharT, _Traits>::operator<<(std::ios_base& (*)(std::ios_base&)) [with _CharT = char; _Traits = std::char_traits<char>; std::basic_ostream<_CharT, _Traits>::__ostream_type = std::basic_ostream<char>]'
  127 |       operator<<(ios_base& (*__pf) (ios_base&))
      |       ^~~~~~~~
C:/dev/lib/gcc/x86_64-w64-mingw32/9.2.0/include/c++/ostream:127:30: note:   no known conversion for argument 1 from '<unresolved overloaded function type>' to 'std::ios_base& (*)(std::ios_base&)'
  127 |       operator<<(ios_base& (*__pf) (ios_base&))
      |                  ~~~~~~~~~~~~^~~~~~~~~~~~~~~~~
C:/dev/lib/gcc/x86_64-w64-mingw32/9.2.0/include/c++/ostream:166:7: note: candidate: 'std::basic_ostream<_CharT, _Traits>::__ostream_type& std::basic_ostream<_CharT, _Traits>::operator<<(long int) [with _CharT = char; _Traits = std::char_traits<char>; std::basic_ostream<_CharT, _Traits>::__ostream_type = std::basic_ostream<char>]'
  166 |       operator<<(long __n)
      |       ^~~~~~~~
C:/dev/lib/gcc/x86_64-w64-mingw32/9.2.0/include/c++/ostream:166:23: note:   no known conversion for argument 1 from '<unresolved overloaded function type>' to 'long int'
  166 |       operator<<(long __n)
      |                  ~~~~~^~~
C:/dev/lib/gcc/x86_64-w64-mingw32/9.2.0/include/c++/ostream:170:7: note: candidate: 'std::basic_ostream<_CharT, _Traits>::__ostream_type& std::basic_ostream<_CharT, _Traits>::operator<<(long unsigned int) [with _CharT = char; _Traits = std::char_traits<char>; std::basic_ostream<_CharT, _Traits>::__ostream_type = std::basic_ostream<char>]'
  170 |       operator<<(unsigned long __n)
      |       ^~~~~~~~
C:/dev/lib/gcc/x86_64-w64-mingw32/9.2.0/include/c++/ostream:170:32: note:   no known conversion for argument 1 from '<unresolved overloaded function type>' to 'long unsigned int'
  170 |       operator<<(unsigned long __n)
      |                  ~~~~~~~~~~~~~~^~~
C:/dev/lib/gcc/x86_64-w64-mingw32/9.2.0/include/c++/ostream:174:7: note: candidate: 'std::basic_ostream<_CharT, _Traits>::__ostream_type& std::basic_ostream<_CharT, _Traits>::operator<<(bool) [with _CharT = char; _Traits = std::char_traits<char>; std::basic_ostream<_CharT, _Traits>::__ostream_type = std::basic_ostream<char>]'
  174 |       operator<<(bool __n)
      |       ^~~~~~~~
C:/dev/lib/gcc/x86_64-w64-mingw32/9.2.0/include/c++/ostream:174:23: note:   no known conversion for argument 1 from '<unresolved overloaded function type>' to 'bool'
  174 |       operator<<(bool __n)
      |                  ~~~~~^~~
In file included from C:/dev/lib/gcc/x86_64-w64-mingw32/9.2.0/include/c++/ostream:702,
                 from C:/dev/lib/gcc/x86_64-w64-mingw32/9.2.0/include/c++/istream:39,
                 from C:/dev/lib/gcc/x86_64-w64-mingw32/9.2.0/include/c++/sstream:38,
                 from ..\src\test_runner.h:3,
                 from ..\src\Partition_on_sentences.cpp:1:
C:/dev/lib/gcc/x86_64-w64-mingw32/9.2.0/include/c++/bits/ostream.tcc:91:5: note: candidate: 'std::basic_ostream<_CharT, _Traits>& std::basic_ostream<_CharT, _Traits>::operator<<(short int) [with _CharT = char; _Traits = std::char_traits<char>]'
   91 |     basic_ostream<_CharT, _Traits>::
      |     ^~~~~~~~~~~~~~~~~~~~~~~~~~~~~~
C:/dev/lib/gcc/x86_64-w64-mingw32/9.2.0/include/c++/bits/ostream.tcc:92:22: note:   no known conversion for argument 1 from '<unresolved overloaded function type>' to 'short int'
   92 |     operator<<(short __n)
      |                ~~~~~~^~~
In file included from C:/dev/lib/gcc/x86_64-w64-mingw32/9.2.0/include/c++/istream:39,
                 from C:/dev/lib/gcc/x86_64-w64-mingw32/9.2.0/include/c++/sstream:38,
                 from ..\src\test_runner.h:3,
                 from ..\src\Partition_on_sentences.cpp:1:
C:/dev/lib/gcc/x86_64-w64-mingw32/9.2.0/include/c++/ostream:181:7: note: candidate: 'std::basic_ostream<_CharT, _Traits>::__ostream_type& std::basic_ostream<_CharT, _Traits>::operator<<(short unsigned int) [with _CharT = char; _Traits = std::char_traits<char>; std::basic_ostream<_CharT, _Traits>::__ostream_type = std::basic_ostream<char>]'
  181 |       operator<<(unsigned short __n)
      |       ^~~~~~~~
C:/dev/lib/gcc/x86_64-w64-mingw32/9.2.0/include/c++/ostream:181:33: note:   no known conversion for argument 1 from '<unresolved overloaded function type>' to 'short unsigned int'
  181 |       operator<<(unsigned short __n)
      |                  ~~~~~~~~~~~~~~~^~~
In file included from C:/dev/lib/gcc/x86_64-w64-mingw32/9.2.0/include/c++/ostream:702,
                 from C:/dev/lib/gcc/x86_64-w64-mingw32/9.2.0/include/c++/istream:39,
                 from C:/dev/lib/gcc/x86_64-w64-mingw32/9.2.0/include/c++/sstream:38,
                 from ..\src\test_runner.h:3,
                 from ..\src\Partition_on_sentences.cpp:1:
C:/dev/lib/gcc/x86_64-w64-mingw32/9.2.0/include/c++/bits/ostream.tcc:105:5: note: candidate: 'std::basic_ostream<_CharT, _Traits>& std::basic_ostream<_CharT, _Traits>::operator<<(int) [with _CharT = char; _Traits = std::char_traits<char>]'
  105 |     basic_ostream<_CharT, _Traits>::
      |     ^~~~~~~~~~~~~~~~~~~~~~~~~~~~~~
C:/dev/lib/gcc/x86_64-w64-mingw32/9.2.0/include/c++/bits/ostream.tcc:106:20: note:   no known conversion for argument 1 from '<unresolved overloaded function type>' to 'int'
  106 |     operator<<(int __n)
      |                ~~~~^~~
In file included from C:/dev/lib/gcc/x86_64-w64-mingw32/9.2.0/include/c++/istream:39,
                 from C:/dev/lib/gcc/x86_64-w64-mingw32/9.2.0/include/c++/sstream:38,
                 from ..\src\test_runner.h:3,
                 from ..\src\Partition_on_sentences.cpp:1:
C:/dev/lib/gcc/x86_64-w64-mingw32/9.2.0/include/c++/ostream:192:7: note: candidate: 'std::basic_ostream<_CharT, _Traits>::__ostream_type& std::basic_ostream<_CharT, _Traits>::operator<<(unsigned int) [with _CharT = char; _Traits = std::char_traits<char>; std::basic_ostream<_CharT, _Traits>::__ostream_type = std::basic_ostream<char>]'
  192 |       operator<<(unsigned int __n)
      |       ^~~~~~~~
C:/dev/lib/gcc/x86_64-w64-mingw32/9.2.0/include/c++/ostream:192:31: note:   no known conversion for argument 1 from '<unresolved overloaded function type>' to 'unsigned int'
  192 |       operator<<(unsigned int __n)
      |                  ~~~~~~~~~~~~~^~~
C:/dev/lib/gcc/x86_64-w64-mingw32/9.2.0/include/c++/ostream:201:7: note: candidate: 'std::basic_ostream<_CharT, _Traits>::__ostream_type& std::basic_ostream<_CharT, _Traits>::operator<<(long long int) [with _CharT = char; _Traits = std::char_traits<char>; std::basic_ostream<_CharT, _Traits>::__ostream_type = std::basic_ostream<char>]'
  201 |       operator<<(long long __n)
      |       ^~~~~~~~
C:/dev/lib/gcc/x86_64-w64-mingw32/9.2.0/include/c++/ostream:201:28: note:   no known conversion for argument 1 from '<unresolved overloaded function type>' to 'long long int'
  201 |       operator<<(long long __n)
      |                  ~~~~~~~~~~^~~
C:/dev/lib/gcc/x86_64-w64-mingw32/9.2.0/include/c++/ostream:205:7: note: candidate: 'std::basic_ostream<_CharT, _Traits>::__ostream_type& std::basic_ostream<_CharT, _Traits>::operator<<(long long unsigned int) [with _CharT = char; _Traits = std::char_traits<char>; std::basic_ostream<_CharT, _Traits>::__ostream_type = std::basic_ostream<char>]'
  205 |       operator<<(unsigned long long __n)
      |       ^~~~~~~~
C:/dev/lib/gcc/x86_64-w64-mingw32/9.2.0/include/c++/ostream:205:37: note:   no known conversion for argument 1 from '<unresolved overloaded function type>' to 'long long unsigned int'
  205 |       operator<<(unsigned long long __n)
      |                  ~~~~~~~~~~~~~~~~~~~^~~
C:/dev/lib/gcc/x86_64-w64-mingw32/9.2.0/include/c++/ostream:220:7: note: candidate: 'std::basic_ostream<_CharT, _Traits>::__ostream_type& std::basic_ostream<_CharT, _Traits>::operator<<(double) [with _CharT = char; _Traits = std::char_traits<char>; std::basic_ostream<_CharT, _Traits>::__ostream_type = std::basic_ostream<char>]'
  220 |       operator<<(double __f)
      |       ^~~~~~~~
C:/dev/lib/gcc/x86_64-w64-mingw32/9.2.0/include/c++/ostream:220:25: note:   no known conversion for argument 1 from '<unresolved overloaded function type>' to 'double'
  220 |       operator<<(double __f)
      |                  ~~~~~~~^~~
C:/dev/lib/gcc/x86_64-w64-mingw32/9.2.0/include/c++/ostream:224:7: note: candidate: 'std::basic_ostream<_CharT, _Traits>::__ostream_type& std::basic_ostream<_CharT, _Traits>::operator<<(float) [with _CharT = char; _Traits = std::char_traits<char>; std::basic_ostream<_CharT, _Traits>::__ostream_type = std::basic_ostream<char>]'
  224 |       operator<<(float __f)
      |       ^~~~~~~~
C:/dev/lib/gcc/x86_64-w64-mingw32/9.2.0/include/c++/ostream:224:24: note:   no known conversion for argument 1 from '<unresolved overloaded function type>' to 'float'
  224 |       operator<<(float __f)
      |                  ~~~~~~^~~
C:/dev/lib/gcc/x86_64-w64-mingw32/9.2.0/include/c++/ostream:232:7: note: candidate: 'std::basic_ostream<_CharT, _Traits>::__ostream_type& std::basic_ostream<_CharT, _Traits>::operator<<(long double) [with _CharT = char; _Traits = std::char_traits<char>; std::basic_ostream<_CharT, _Traits>::__ostream_type = std::basic_ostream<char>]'
  232 |       operator<<(long double __f)
      |       ^~~~~~~~
C:/dev/lib/gcc/x86_64-w64-mingw32/9.2.0/include/c++/ostream:232:30: note:   no known conversion for argument 1 from '<unresolved overloaded function type>' to 'long double'
  232 |       operator<<(long double __f)
      |                  ~~~~~~~~~~~~^~~
C:/dev/lib/gcc/x86_64-w64-mingw32/9.2.0/include/c++/ostream:245:7: note: candidate: 'std::basic_ostream<_CharT, _Traits>::__ostream_type& std::basic_ostream<_CharT, _Traits>::operator<<(const void*) [with _CharT = char; _Traits = std::char_traits<char>; std::basic_ostream<_CharT, _Traits>::__ostream_type = std::basic_ostream<char>]'
  245 |       operator<<(const void* __p)
      |       ^~~~~~~~
C:/dev/lib/gcc/x86_64-w64-mingw32/9.2.0/include/c++/ostream:245:30: note:   no known conversion for argument 1 from '<unresolved overloaded function type>' to 'const void*'
  245 |       operator<<(const void* __p)
      |                  ~~~~~~~~~~~~^~~
In file included from C:/dev/lib/gcc/x86_64-w64-mingw32/9.2.0/include/c++/ostream:702,
                 from C:/dev/lib/gcc/x86_64-w64-mingw32/9.2.0/include/c++/istream:39,
                 from C:/dev/lib/gcc/x86_64-w64-mingw32/9.2.0/include/c++/sstream:38,
                 from ..\src\test_runner.h:3,
                 from ..\src\Partition_on_sentences.cpp:1:
C:/dev/lib/gcc/x86_64-w64-mingw32/9.2.0/include/c++/bits/ostream.tcc:119:5: note: candidate: 'std::basic_ostream<_CharT, _Traits>& std::basic_ostream<_CharT, _Traits>::operator<<(std::basic_ostream<_CharT, _Traits>::__streambuf_type*) [with _CharT = char; _Traits = std::char_traits<char>; std::basic_ostream<_CharT, _Traits>::__streambuf_type = std::basic_streambuf<char>]'
  119 |     basic_ostream<_CharT, _Traits>::
      |     ^~~~~~~~~~~~~~~~~~~~~~~~~~~~~~
C:/dev/lib/gcc/x86_64-w64-mingw32/9.2.0/include/c++/bits/ostream.tcc:120:34: note:   no known conversion for argument 1 from '<unresolved overloaded function type>' to 'std::basic_ostream<char>::__streambuf_type*' {aka 'std::basic_streambuf<char>*'}
  120 |     operator<<(__streambuf_type* __sbin)
      |                ~~~~~~~~~~~~~~~~~~^~~~~~
In file included from ..\src\Partition_on_sentences.cpp:1:
..\src\test_runner.h:14:10: note: candidate: 'template<class T> std::ostream& operator<<(std::ostream&, const std::vector<T>&)'
   14 | ostream& operator << (ostream& os, const vector<T>& s) {
      |          ^~~~~~~~
..\src\test_runner.h:14:10: note:   template argument deduction/substitution failed:
..\src\Partition_on_sentences.cpp:23:9: note:   mismatched types 'const std::vector<T>' and 'const TestToken* (std::vector<TestToken>::*)() const noexcept' {aka 'const TestToken* (std::vector<TestToken>::*)() const'}
   23 |    cout << sentence.data << " ";
      |    ~~~~~^~~~~~~~~~~~~~~~
..\src\Partition_on_sentences.cpp:23:9: note:   mismatched types 'const std::vector<T>' and 'TestToken* (std::vector<TestToken>::*)() noexcept' {aka 'TestToken* (std::vector<TestToken>::*)()'}
..\src\Partition_on_sentences.cpp:23:9: note:   couldn't deduce template parameter 'T'
In file included from ..\src\Partition_on_sentences.cpp:1:
..\src\test_runner.h:28:10: note: candidate: 'template<class T> std::ostream& operator<<(std::ostream&, const std::set<T>&)'
   28 | ostream& operator << (ostream& os, const set<T>& s) {
      |          ^~~~~~~~
..\src\test_runner.h:28:10: note:   template argument deduction/substitution failed:
..\src\Partition_on_sentences.cpp:23:9: note:   mismatched types 'const std::set<T>' and 'const TestToken* (std::vector<TestToken>::*)() const noexcept' {aka 'const TestToken* (std::vector<TestToken>::*)() const'}
   23 |    cout << sentence.data << " ";
      |    ~~~~~^~~~~~~~~~~~~~~~
..\src\Partition_on_sentences.cpp:23:9: note:   mismatched types 'const std::set<T>' and 'TestToken* (std::vector<TestToken>::*)() noexcept' {aka 'TestToken* (std::vector<TestToken>::*)()'}
..\src\Partition_on_sentences.cpp:23:9: note:   couldn't deduce template parameter 'T'
In file included from ..\src\Partition_on_sentences.cpp:1:
..\src\test_runner.h:42:10: note: candidate: 'template<class K, class V> std::ostream& operator<<(std::ostream&, const std::map<K, V>&)'
   42 | ostream& operator << (ostream& os, const map<K, V>& m) {
      |          ^~~~~~~~
..\src\test_runner.h:42:10: note:   template argument deduction/substitution failed:
..\src\Partition_on_sentences.cpp:23:9: note:   mismatched types 'const std::map<K, V>' and 'const TestToken* (std::vector<TestToken>::*)() const noexcept' {aka 'const TestToken* (std::vector<TestToken>::*)() const'}
   23 |    cout << sentence.data << " ";
      |    ~~~~~^~~~~~~~~~~~~~~~
..\src\Partition_on_sentences.cpp:23:9: note:   mismatched types 'const std::map<K, V>' and 'TestToken* (std::vector<TestToken>::*)() noexcept' {aka 'TestToken* (std::vector<TestToken>::*)()'}
..\src\Partition_on_sentences.cpp:23:9: note:   couldn't deduce template parameter 'K'
..\src\Partition_on_sentences.cpp:43:10: note: candidate: 'std::ostream& operator<<(std::ostream&, const TestToken&)'
   43 | ostream& operator<<(ostream& stream, const TestToken& token) {
      |          ^~~~~~~~
..\src\Partition_on_sentences.cpp:43:55: note:   no known conversion for argument 2 from '<unresolved overloaded function type>' to 'const TestToken&'
   43 | ostream& operator<<(ostream& stream, const TestToken& token) {
      |                                      ~~~~~~~~~~~~~~~~~^~~~~
In file included from C:/dev/lib/gcc/x86_64-w64-mingw32/9.2.0/include/c++/string:55,
                 from C:/dev/lib/gcc/x86_64-w64-mingw32/9.2.0/include/c++/bits/locale_classes.h:40,
                 from C:/dev/lib/gcc/x86_64-w64-mingw32/9.2.0/include/c++/bits/ios_base.h:41,
                 from C:/dev/lib/gcc/x86_64-w64-mingw32/9.2.0/include/c++/ios:42,
                 from C:/dev/lib/gcc/x86_64-w64-mingw32/9.2.0/include/c++/istream:38,
                 from C:/dev/lib/gcc/x86_64-w64-mingw32/9.2.0/include/c++/sstream:38,
                 from ..\src\test_runner.h:3,
                 from ..\src\Partition_on_sentences.cpp:1:
C:/dev/lib/gcc/x86_64-w64-mingw32/9.2.0/include/c++/bits/basic_string.h:6416:5: note: candidate: 'template<class _CharT, class _Traits, class _Alloc> std::basic_ostream<_CharT, _Traits>& std::operator<<(std::basic_ostream<_CharT, _Traits>&, const std::__cxx11::basic_string<_CharT, _Traits, _Alloc>&)'
 6416 |     operator<<(basic_ostream<_CharT, _Traits>& __os,
      |     ^~~~~~~~
C:/dev/lib/gcc/x86_64-w64-mingw32/9.2.0/include/c++/bits/basic_string.h:6416:5: note:   template argument deduction/substitution failed:
..\src\Partition_on_sentences.cpp:23:9: note:   mismatched types 'const std::__cxx11::basic_string<_CharT, _Traits, _Alloc>' and 'const TestToken* (std::vector<TestToken>::*)() const noexcept' {aka 'const TestToken* (std::vector<TestToken>::*)() const'}
   23 |    cout << sentence.data << " ";
      |    ~~~~~^~~~~~~~~~~~~~~~
..\src\Partition_on_sentences.cpp:23:9: note:   mismatched types 'const std::__cxx11::basic_string<_CharT, _Traits, _Alloc>' and 'TestToken* (std::vector<TestToken>::*)() noexcept' {aka 'TestToken* (std::vector<TestToken>::*)()'}
..\src\Partition_on_sentences.cpp:23:9: note:   couldn't deduce template parameter '_Alloc'
In file included from C:/dev/lib/gcc/x86_64-w64-mingw32/9.2.0/include/c++/bits/ios_base.h:46,
                 from C:/dev/lib/gcc/x86_64-w64-mingw32/9.2.0/include/c++/ios:42,
                 from C:/dev/lib/gcc/x86_64-w64-mingw32/9.2.0/include/c++/istream:38,
                 from C:/dev/lib/gcc/x86_64-w64-mingw32/9.2.0/include/c++/sstream:38,
                 from ..\src\test_runner.h:3,
                 from ..\src\Partition_on_sentences.cpp:1:
C:/dev/lib/gcc/x86_64-w64-mingw32/9.2.0/include/c++/system_error:217:5: note: candidate: 'template<class _CharT, class _Traits> std::basic_ostream<_CharT, _Traits>& std::operator<<(std::basic_ostream<_CharT, _Traits>&, const std::error_code&)'
  217 |     operator<<(basic_ostream<_CharT, _Traits>& __os, const error_code& __e)
      |     ^~~~~~~~
C:/dev/lib/gcc/x86_64-w64-mingw32/9.2.0/include/c++/system_error:217:5: note:   template argument deduction/substitution failed:
..\src\Partition_on_sentences.cpp:23:21: note:   cannot convert 'sentence.std::vector<TestToken>::data' (type '<unresolved overloaded function type>') to type 'const std::error_code&'
   23 |    cout << sentence.data << " ";
      |            ~~~~~~~~~^~~~
In file included from C:/dev/lib/gcc/x86_64-w64-mingw32/9.2.0/include/c++/istream:39,
                 from C:/dev/lib/gcc/x86_64-w64-mingw32/9.2.0/include/c++/sstream:38,
                 from ..\src\test_runner.h:3,
                 from ..\src\Partition_on_sentences.cpp:1:
C:/dev/lib/gcc/x86_64-w64-mingw32/9.2.0/include/c++/ostream:506:5: note: candidate: 'std::basic_ostream<_CharT, _Traits>& std::operator<<(std::basic_ostream<_CharT, _Traits>&, _CharT) [with _CharT = char; _Traits = std::char_traits<char>]'
  506 |     operator<<(basic_ostream<_CharT, _Traits>& ___out, _CharT __c)
      |     ^~~~~~~~
C:/dev/lib/gcc/x86_64-w64-mingw32/9.2.0/include/c++/ostream:506:63: note:   no known conversion for argument 2 from '<unresolved overloaded function type>' to 'char'
  506 |     operator<<(basic_ostream<_CharT, _Traits>& ___out, _CharT __c)
      |                                                        ~~~~~~~^~~
C:/dev/lib/gcc/x86_64-w64-mingw32/9.2.0/include/c++/ostream:511:5: note: candidate: 'template<class _CharT, class _Traits> std::basic_ostream<_CharT, _Traits>& std::operator<<(std::basic_ostream<_CharT, _Traits>&, char)'
  511 |     operator<<(basic_ostream<_CharT, _Traits>& ___out, char __c)
      |     ^~~~~~~~
C:/dev/lib/gcc/x86_64-w64-mingw32/9.2.0/include/c++/ostream:511:5: note:   template argument deduction/substitution failed:
..\src\Partition_on_sentences.cpp:23:21: note:   cannot convert 'sentence.std::vector<TestToken>::data' (type '<unresolved overloaded function type>') to type 'char'
   23 |    cout << sentence.data << " ";
      |            ~~~~~~~~~^~~~
In file included from C:/dev/lib/gcc/x86_64-w64-mingw32/9.2.0/include/c++/istream:39,
                 from C:/dev/lib/gcc/x86_64-w64-mingw32/9.2.0/include/c++/sstream:38,
                 from ..\src\test_runner.h:3,
                 from ..\src\Partition_on_sentences.cpp:1:
C:/dev/lib/gcc/x86_64-w64-mingw32/9.2.0/include/c++/ostream:517:5: note: candidate: 'template<class _Traits> std::basic_ostream<char, _Traits>& std::operator<<(std::basic_ostream<char, _Traits>&, char)'
  517 |     operator<<(basic_ostream<char, _Traits>& ___out, char __c)
      |     ^~~~~~~~
C:/dev/lib/gcc/x86_64-w64-mingw32/9.2.0/include/c++/ostream:517:5: note:   template argument deduction/substitution failed:
..\src\Partition_on_sentences.cpp:23:21: note:   cannot convert 'sentence.std::vector<TestToken>::data' (type '<unresolved overloaded function type>') to type 'char'
   23 |    cout << sentence.data << " ";
      |            ~~~~~~~~~^~~~
In file included from C:/dev/lib/gcc/x86_64-w64-mingw32/9.2.0/include/c++/istream:39,
                 from C:/dev/lib/gcc/x86_64-w64-mingw32/9.2.0/include/c++/sstream:38,
                 from ..\src\test_runner.h:3,
                 from ..\src\Partition_on_sentences.cpp:1:
C:/dev/lib/gcc/x86_64-w64-mingw32/9.2.0/include/c++/ostream:523:5: note: candidate: 'template<class _Traits> std::basic_ostream<char, _Traits>& std::operator<<(std::basic_ostream<char, _Traits>&, signed char)'
  523 |     operator<<(basic_ostream<char, _Traits>& ___out, signed char __c)
      |     ^~~~~~~~
C:/dev/lib/gcc/x86_64-w64-mingw32/9.2.0/include/c++/ostream:523:5: note:   template argument deduction/substitution failed:
..\src\Partition_on_sentences.cpp:23:21: note:   cannot convert 'sentence.std::vector<TestToken>::data' (type '<unresolved overloaded function type>') to type 'signed char'
   23 |    cout << sentence.data << " ";
      |            ~~~~~~~~~^~~~
In file included from C:/dev/lib/gcc/x86_64-w64-mingw32/9.2.0/include/c++/istream:39,
                 from C:/dev/lib/gcc/x86_64-w64-mingw32/9.2.0/include/c++/sstream:38,
                 from ..\src\test_runner.h:3,
                 from ..\src\Partition_on_sentences.cpp:1:
C:/dev/lib/gcc/x86_64-w64-mingw32/9.2.0/include/c++/ostream:528:5: note: candidate: 'template<class _Traits> std::basic_ostream<char, _Traits>& std::operator<<(std::basic_ostream<char, _Traits>&, unsigned char)'
  528 |     operator<<(basic_ostream<char, _Traits>& ___out, unsigned char __c)
      |     ^~~~~~~~
C:/dev/lib/gcc/x86_64-w64-mingw32/9.2.0/include/c++/ostream:528:5: note:   template argument deduction/substitution failed:
..\src\Partition_on_sentences.cpp:23:21: note:   cannot convert 'sentence.std::vector<TestToken>::data' (type '<unresolved overloaded function type>') to type 'unsigned char'
   23 |    cout << sentence.data << " ";
      |            ~~~~~~~~~^~~~
In file included from C:/dev/lib/gcc/x86_64-w64-mingw32/9.2.0/include/c++/istream:39,
                 from C:/dev/lib/gcc/x86_64-w64-mingw32/9.2.0/include/c++/sstream:38,
                 from ..\src\test_runner.h:3,
                 from ..\src\Partition_on_sentences.cpp:1:
C:/dev/lib/gcc/x86_64-w64-mingw32/9.2.0/include/c++/ostream:548:5: note: candidate: 'std::basic_ostream<_CharT, _Traits>& std::operator<<(std::basic_ostream<_CharT, _Traits>&, const _CharT*) [with _CharT = char; _Traits = std::char_traits<char>]'
  548 |     operator<<(basic_ostream<_CharT, _Traits>& ___out, const _CharT* __s)
      |     ^~~~~~~~
C:/dev/lib/gcc/x86_64-w64-mingw32/9.2.0/include/c++/ostream:548:70: note:   no known conversion for argument 2 from '<unresolved overloaded function type>' to 'const char*'
  548 |     operator<<(basic_ostream<_CharT, _Traits>& ___out, const _CharT* __s)
      |                                                        ~~~~~~~~~~~~~~^~~
In file included from C:/dev/lib/gcc/x86_64-w64-mingw32/9.2.0/include/c++/ostream:702,
                 from C:/dev/lib/gcc/x86_64-w64-mingw32/9.2.0/include/c++/istream:39,
                 from C:/dev/lib/gcc/x86_64-w64-mingw32/9.2.0/include/c++/sstream:38,
                 from ..\src\test_runner.h:3,
                 from ..\src\Partition_on_sentences.cpp:1:
C:/dev/lib/gcc/x86_64-w64-mingw32/9.2.0/include/c++/bits/ostream.tcc:321:5: note: candidate: 'template<class _CharT, class _Traits> std::basic_ostream<_CharT, _Traits>& std::operator<<(std::basic_ostream<_CharT, _Traits>&, const char*)'
  321 |     operator<<(basic_ostream<_CharT, _Traits>& ___out, const char* __s)
      |     ^~~~~~~~
C:/dev/lib/gcc/x86_64-w64-mingw32/9.2.0/include/c++/bits/ostream.tcc:321:5: note:   template argument deduction/substitution failed:
..\src\Partition_on_sentences.cpp:23:21: note:   cannot convert 'sentence.std::vector<TestToken>::data' (type '<unresolved overloaded function type>') to type 'const char*'
   23 |    cout << sentence.data << " ";
      |            ~~~~~~~~~^~~~
In file included from C:/dev/lib/gcc/x86_64-w64-mingw32/9.2.0/include/c++/istream:39,
                 from C:/dev/lib/gcc/x86_64-w64-mingw32/9.2.0/include/c++/sstream:38,
                 from ..\src\test_runner.h:3,
                 from ..\src\Partition_on_sentences.cpp:1:
C:/dev/lib/gcc/x86_64-w64-mingw32/9.2.0/include/c++/ostream:565:5: note: candidate: 'template<class _Traits> std::basic_ostream<char, _Traits>& std::operator<<(std::basic_ostream<char, _Traits>&, const char*)'
  565 |     operator<<(basic_ostream<char, _Traits>& ___out, const char* __s)
      |     ^~~~~~~~
C:/dev/lib/gcc/x86_64-w64-mingw32/9.2.0/include/c++/ostream:565:5: note:   template argument deduction/substitution failed:
..\src\Partition_on_sentences.cpp:23:21: note:   cannot convert 'sentence.std::vector<TestToken>::data' (type '<unresolved overloaded function type>') to type 'const char*'
   23 |    cout << sentence.data << " ";
      |            ~~~~~~~~~^~~~
In file included from C:/dev/lib/gcc/x86_64-w64-mingw32/9.2.0/include/c++/istream:39,
                 from C:/dev/lib/gcc/x86_64-w64-mingw32/9.2.0/include/c++/sstream:38,
                 from ..\src\test_runner.h:3,
                 from ..\src\Partition_on_sentences.cpp:1:
C:/dev/lib/gcc/x86_64-w64-mingw32/9.2.0/include/c++/ostream:578:5: note: candidate: 'template<class _Traits> std::basic_ostream<char, _Traits>& std::operator<<(std::basic_ostream<char, _Traits>&, const signed char*)'
  578 |     operator<<(basic_ostream<char, _Traits>& ___out, const signed char* __s)
      |     ^~~~~~~~
C:/dev/lib/gcc/x86_64-w64-mingw32/9.2.0/include/c++/ostream:578:5: note:   template argument deduction/substitution failed:
..\src\Partition_on_sentences.cpp:23:21: note:   cannot convert 'sentence.std::vector<TestToken>::data' (type '<unresolved overloaded function type>') to type 'const signed char*'
   23 |    cout << sentence.data << " ";
      |            ~~~~~~~~~^~~~
In file included from C:/dev/lib/gcc/x86_64-w64-mingw32/9.2.0/include/c++/istream:39,
                 from C:/dev/lib/gcc/x86_64-w64-mingw32/9.2.0/include/c++/sstream:38,
                 from ..\src\test_runner.h:3,
                 from ..\src\Partition_on_sentences.cpp:1:
C:/dev/lib/gcc/x86_64-w64-mingw32/9.2.0/include/c++/ostream:583:5: note: candidate: 'template<class _Traits> std::basic_ostream<char, _Traits>& std::operator<<(std::basic_ostream<char, _Traits>&, const unsigned char*)'
  583 |     operator<<(basic_ostream<char, _Traits>& ___out, const unsigned char* __s)
      |     ^~~~~~~~
C:/dev/lib/gcc/x86_64-w64-mingw32/9.2.0/include/c++/ostream:583:5: note:   template argument deduction/substitution failed:
..\src\Partition_on_sentences.cpp:23:21: note:   cannot convert 'sentence.std::vector<TestToken>::data' (type '<unresolved overloaded function type>') to type 'const unsigned char*'
   23 |    cout << sentence.data << " ";
      |            ~~~~~~~~~^~~~
In file included from C:/dev/lib/gcc/x86_64-w64-mingw32/9.2.0/include/c++/istream:39,
                 from C:/dev/lib/gcc/x86_64-w64-mingw32/9.2.0/include/c++/sstream:38,
                 from ..\src\test_runner.h:3,
                 from ..\src\Partition_on_sentences.cpp:1:
C:/dev/lib/gcc/x86_64-w64-mingw32/9.2.0/include/c++/ostream:691:5: note: candidate: 'template<class _Ostream, class _Tp> typename std::enable_if<std::__and_<std::__not_<std::is_lvalue_reference<_Tp> >, std::__is_convertible_to_basic_ostream<_Ostream>, std::__is_insertable<typename std::__is_convertible_to_basic_ostream<_Tp>::__ostream_type, const _Tp&, void> >::value, typename std::__is_convertible_to_basic_ostream<_Tp>::__ostream_type>::type std::operator<<(_Ostream&&, const _Tp&)'
  691 |     operator<<(_Ostream&& __os, const _Tp& __x)
      |     ^~~~~~~~
C:/dev/lib/gcc/x86_64-w64-mingw32/9.2.0/include/c++/ostream:691:5: note:   template argument deduction/substitution failed:
..\src\Partition_on_sentences.cpp:23:9: note:   couldn't deduce template parameter '_Tp'
   23 |    cout << sentence.data << " ";
      |    ~~~~~^~~~~~~~~~~~~~~~
..\src\Partition_on_sentences.cpp:22:19: warning: unused variable 'word' [-Wunused-variable]
   22 |   for(const auto& word: sentence){
      |                   ^~~~
19:23:33 **** Incremental Build of configuration Debug for project Partition_on_sentences ****
Info: Internal Builder is used for build
g++ -O0 -g3 -Wall -c -fmessage-length=0 -o "src\\Partition_on_sentences.o" "..\\src\\Partition_on_sentences.cpp" 
g++ -o Partition_on_sentences.exe "src\\Partition_on_sentences.o" 
19:24:03 **** Incremental Build of configuration Debug for project Partition_on_sentences ****
Info: Internal Builder is used for build
g++ -O0 -g3 -Wall -c -fmessage-length=0 -o "src\\Partition_on_sentences.o" "..\\src\\Partition_on_sentences.cpp" 
g++ -o Partition_on_sentences.exe "src\\Partition_on_sentences.o" 
19:25:05 **** Incremental Build of configuration Debug for project Partition_on_sentences ****
Info: Internal Builder is used for build
g++ -O0 -g3 -Wall -c -fmessage-length=0 -o "src\\Partition_on_sentences.o" "..\\src\\Partition_on_sentences.cpp" 
g++ -o Partition_on_sentences.exe "src\\Partition_on_sentences.o" 
19:25:56 **** Incremental Build of configuration Debug for project Partition_on_sentences ****
Info: Internal Builder is used for build
g++ -O0 -g3 -Wall -c -fmessage-length=0 -o "src\\Partition_on_sentences.o" "..\\src\\Partition_on_sentences.cpp" 
g++ -o Partition_on_sentences.exe "src\\Partition_on_sentences.o" 
19:30:16 **** Incremental Build of configuration Debug for project Partition_on_sentences ****
Info: Internal Builder is used for build
g++ -O0 -g3 -Wall -c -fmessage-length=0 -o "src\\Partition_on_sentences.o" "..\\src\\Partition_on_sentences.cpp" 
g++ -o Partition_on_sentences.exe "src\\Partition_on_sentences.o" 
19:30:53 **** Incremental Build of configuration Debug for project Partition_on_sentences ****
Info: Internal Builder is used for build
g++ -O0 -g3 -Wall -c -fmessage-length=0 -o "src\\Partition_on_sentences.o" "..\\src\\Partition_on_sentences.cpp" 
g++ -o Partition_on_sentences.exe "src\\Partition_on_sentences.o" 
19:31:11 **** Incremental Build of configuration Debug for project Partition_on_sentences ****
Info: Internal Builder is used for build
g++ -O0 -g3 -Wall -c -fmessage-length=0 -o "src\\Partition_on_sentences.o" "..\\src\\Partition_on_sentences.cpp" 
g++ -o Partition_on_sentences.exe "src\\Partition_on_sentences.o" 
19:42:35 **** Incremental Build of configuration Debug for project Partition_on_sentences ****
Info: Internal Builder is used for build
g++ -O0 -g3 -Wall -c -fmessage-length=0 -o "src\\Partition_on_sentences.o" "..\\src\\Partition_on_sentences.cpp" 
g++ -o Partition_on_sentences.exe "src\\Partition_on_sentences.o" 
19:43:28 **** Incremental Build of configuration Debug for project Partition_on_sentences ****
Info: Internal Builder is used for build
g++ -O0 -g3 -Wall -c -fmessage-length=0 -o "src\\Partition_on_sentences.o" "..\\src\\Partition_on_sentences.cpp" 
g++ -o Partition_on_sentences.exe "src\\Partition_on_sentences.o" 
19:44:18 **** Incremental Build of configuration Debug for project Partition_on_sentences ****
Info: Internal Builder is used for build
g++ -O0 -g3 -Wall -c -fmessage-length=0 -o "src\\Partition_on_sentences.o" "..\\src\\Partition_on_sentences.cpp" 
g++ -o Partition_on_sentences.exe "src\\Partition_on_sentences.o" 
20:02:26 **** Incremental Build of configuration Debug for project Partition_on_sentences ****
Info: Internal Builder is used for build
g++ -O0 -g3 -Wall -c -fmessage-length=0 -o "src\\Partition_on_sentences.o" "..\\src\\Partition_on_sentences.cpp" 
g++ -o Partition_on_sentences.exe "src\\Partition_on_sentences.o" 
20:08:58 **** Incremental Build of configuration Debug for project Partition_on_sentences ****
Info: Internal Builder is used for build
g++ -O0 -g3 -Wall -c -fmessage-length=0 -o "src\\Partition_on_sentences.o" "..\\src\\Partition_on_sentences.cpp" 
g++ -o Partition_on_sentences.exe "src\\Partition_on_sentences.o" 
20:14:25 **** Incremental Build of configuration Debug for project Partition_on_sentences ****
Info: Internal Builder is used for build
g++ -O0 -g3 -Wall -c -fmessage-length=0 -o "src\\Partition_on_sentences.o" "..\\src\\Partition_on_sentences.cpp" 
g++ -o Partition_on_sentences.exe "src\\Partition_on_sentences.o" 
20:18:49 **** Incremental Build of configuration Debug for project Partition_on_sentences ****
Info: Internal Builder is used for build
g++ -O0 -g3 -Wall -c -fmessage-length=0 -o "src\\Partition_on_sentences.o" "..\\src\\Partition_on_sentences.cpp" 
g++ -o Partition_on_sentences.exe "src\\Partition_on_sentences.o" 
20:19:25 **** Incremental Build of configuration Debug for project Partition_on_sentences ****
Info: Internal Builder is used for build
g++ -O0 -g3 -Wall -c -fmessage-length=0 -o "src\\Partition_on_sentences.o" "..\\src\\Partition_on_sentences.cpp" 
g++ -o Partition_on_sentences.exe "src\\Partition_on_sentences.o" 
20:20:00 **** Incremental Build of configuration Debug for project Partition_on_sentences ****
Info: Internal Builder is used for build
g++ -O0 -g3 -Wall -c -fmessage-length=0 -o "src\\Partition_on_sentences.o" "..\\src\\Partition_on_sentences.cpp" 
g++ -o Partition_on_sentences.exe "src\\Partition_on_sentences.o" 
20:20:31 **** Incremental Build of configuration Debug for project Partition_on_sentences ****
Info: Internal Builder is used for build
g++ -O0 -g3 -Wall -c -fmessage-length=0 -o "src\\Partition_on_sentences.o" "..\\src\\Partition_on_sentences.cpp" 
g++ -o Partition_on_sentences.exe "src\\Partition_on_sentences.o" 
20:20:49 **** Incremental Build of configuration Debug for project Partition_on_sentences ****
Info: Internal Builder is used for build
g++ -O0 -g3 -Wall -c -fmessage-length=0 -o "src\\Partition_on_sentences.o" "..\\src\\Partition_on_sentences.cpp" 
g++ -o Partition_on_sentences.exe "src\\Partition_on_sentences.o" 
